0
160.2556910884489 | -2.329814389526371 radians
{941.427632965176 , 506.98583499719643}

1
35.26602649088184 | -2.653100109928013 radians
{198.78845310082897 , 590.7580575849018}

2
51.72027003637588 | -0.9246534974663448 radians
{171.13611105594376 , 666.791813101941}

3
57.920536255144576 | 0.5450376797603894 radians
{492.81854900746816 , 513.7442938945393}

4
56.41354652390002 | -2.6423605913419244 radians
{952.4905667329786 , 502.47331407768763}

5
132.10036019751328 | -1.2281537778429485 radians
{164.53227758899857 , 513.3572831091095}

6
161.67149284786953 | -2.0414228461452835 radians
{203.62404737115602 , 756.9579979295354}

7
57.609678951238514 | -0.6919577007164248 radians
{250.42667806907767 , 707.6563353388487}

8
115.94854461502021 | -2.1462071173679056 radians
{388.68293581145235 , 398.4655317109865}

9
127.32991185293123 | 1.0029630264493368 radians
{105.18544431440831 , 117.05025163710954}

10
111.69324280229885 | 2.0073735438890363 radians
{786.3148857995333 , 746.2508211991619}

11
56.536052554469585 | -2.089140311811076 radians
{744.7508536819195 , 471.68796205872104}

12
133.8527931740511 | -1.4802515252373583 radians
{894.23246723881 , 642.682663096888}

13
87.57638444412719 | 0.8442254480347189 radians
{950.0851246372745 , 405.5211051394007}

14
125.48410162945498 | 2.924261564153384 radians
{580.9811612881454 , 694.1121218735733}

15
126.67095872142987 | 0.7348669511251957 radians
{200.86833233826314 , 730.7154597902983}

16
77.31740681453867 | 3.115210013502852 radians
{943.2364999238685 , 627.3841841019416}

17
68.14218442311524 | -2.616412827469662 radians
{366.8405705533466 , 537.5908591962476}

18
61.887941446892306 | 0.7718790328280943 radians
{307.34750892742966 , 510.0280735874408}

19
39.86606488438743 | -2.7893221975709026 radians
{298.6557988685039 , 513.2600246022446}

20
23.77515333409029 | 0.6891224833712678 radians
{219.58797316930338 , 325.73016478318596}

21
69.61361486863437 | 0.04288254916857318 radians
{543.0380898209714 , 672.299887094226}

22
91.57500553163435 | -0.273806138949388 radians
{171.157625325308 , 186.88913027219752}

23
114.15827261741114 | 2.453240251687747 radians
{888.1832588496279 , 429.0230083044648}

24
67.22186062950729 | 0.927891449840814 radians
{360.8282319094321 , 700.1313998100406}

25
86.04161145332343 | -1.7998407980656164 radians
{418.1556315775133 , 531.7025371105078}

26
76.06155746846072 | -2.2062746335469408 radians
{274.3528023324378 , 672.4369260358271}

27
147.7711118913877 | -2.011501272061076 radians
{837.6754558777835 , 243.59746349282563}

28
134.0756492579878 | 2.4702940317787165 radians
{86.58639172734856 , 756.6857897494194}

29
120.51027450932618 | -0.10667274454924254 radians
{889.7478166427641 , 484.71249892597217}

30
107.11197632772978 | -1.8658865224140153 radians
{51.62899318096402 , 680.1919507041398}

31
59.308715763180714 | 0.9594020358031929 radians
{455.91054848420146 , 176.3556177099367}

32
70.47323106940895 | -1.1501981260414227 radians
{869.6702114934594 , 372.9385637305025}

33
79.10906092020504 | 2.629709280620533 radians
{596.5554329791551 , 322.30902515699256}

34
58.25330053165288 | 0.6455319124771626 radians
{632.5708561322613 , 525.8147132458571}

35
40.65142214723713 | -2.546131736962517 radians
{966.1954242961982 , 486.85375069358275}

36
112.28571943019932 | -1.412441490842453 radians
{737.5499230100119 , 692.8994624464931}

37
79.5663476363728 | 1.8189973770255383 radians
{726.735616059989 , 165.63622038087038}

38
10.377721774838667 | 1.2918652633615788 radians
{776.1860371104924 , 217.27050406830298}

39
70.17212546289944 | -0.2354548165976411 radians
{428.6232065385408 , 494.5566851571809}

40
114.1726736981566 | -0.03805866283892755 radians
{605.9493793126308 , 297.16810408183744}

41
79.78138779694159 | -2.573123748720297 radians
{621.4108718704756 , 522.9504610447179}

42
57.52301519245991 | -0.9592789669740557 radians
{145.70211163771833 , 378.7326962954953}

43
60.759920562238484 | 0.9961648232400561 radians
{475.9477824146569 , 398.247001590988}

44
73.99430164068191 | 3.0844959943803425 radians
{449.0228115507403 , 656.0029936889312}

45
104.90234358167584 | 1.3494493403224177 radians
{395.81829840392317 , 712.0581969829506}

46
64.71962755925314 | -3.084975510718058 radians
{174.48878755500857 , 508.6239631421142}

47
148.44282960903084 | -1.0884038051450016 radians
{71.16986727211015 , 679.2190200766863}

48
8.163927580822092 | -0.1954550435171744 radians
{633.958552064168 , 210.33310461995674}

49
32.563447528128165 | -2.91782395675175 radians
{578.0794963305575 , 443.50114700375855}

50
98.05344640546929 | 1.9044538019799908 radians
{86.74980628678472 , 264.21661851021787}

51
96.53274059022628 | 2.0804141600417694 radians
{72.61206567569532 , 604.1355961988156}

52
60.91870274387453 | -1.2232591467235876 radians
{258.04647247394286 , 641.2007126893857}

53
60.82790283513002 | 0.6531656348039518 radians
{312.7280875216544 , 613.9672866665572}

54
151.33903064800595 | -1.1693345551681662 radians
{104.42760865104302 , 351.12096322986747}

55
74.68423952878403 | 0.8674305340368862 radians
{504.22577079452697 , 708.2137119864809}

56
37.208897439175864 | -0.7359408822367584 radians
{716.1975559008208 , 449.356650547257}

57
67.65695279432386 | 1.6632041600965266 radians
{676.4170855220697 , 695.4539193856216}

58
122.98801318113148 | -3.1245448759959586 radians
{289.2202996404362 , 638.8757479771737}

59
94.52033233609151 | 1.7117913903385145 radians
{481.81872393385805 , 715.9891562926201}

60
85.1430722801078 | -1.0675074393901525 radians
{61.79896599209435 , 290.3645871253062}

61
90.29779335241415 | 1.170512207177271 radians
{563.9293653801477 , 446.3250641230531}

62
114.90243029042836 | -1.8854482058434276 radians
{155.3234046030294 , 355.0892682649081}

63
111.2253236974191 | 1.2454840352131589 radians
{263.24756375604863 , 661.1084925201968}

64
32.514079993506414 | -0.44120674991589665 radians
{566.2613523611869 , 674.8962964495167}

65
90.47803515104155 | 2.564554323771622 radians
{572.8312334872904 , 642.5395900349708}

66
55.64190735821906 | 1.6008533213175047 radians
{471.7704200063968 , 668.9111717228163}

67
158.18150159278568 | 2.2949780343035595 radians
{314.1766522210903 , 598.2393805690348}

68
12.352752417365181 | -2.823368838547221 radians
{130.84161412922882 , 520.5495501060519}

69
83.59850042861241 | 0.627070938912898 radians
{155.105408210326 , 649.0639582064937}

70
24.20793369512802 | -2.52793712014739 radians
{543.990205040388 , 135.49678421445878}

71
32.9562863927703 | -2.994490862233645 radians
{109.89212509211184 , 508.3099223120585}

72
29.19524354028345 | 0.8202411946274966 radians
{193.19732028809045 , 481.86210280921136}

73
67.50181204607975 | 1.9984481076373568 radians
{94.66301867450103 , 31.0}

74
64.21361445294019 | 2.8241522061719686 radians
{273.8817639835227 , 675.8845935411696}

75
184.18229232055856 | 1.5304456857237272 radians
{638.5485273700065 , 681.0626365667273}

76
49.935992291096234 | -2.8644713430559743 radians
{379.0723048694949 , 585.0197207535252}

77
51.94232865644959 | 0.06914224513683596 radians
{164.77581144919913 , 677.9935313963106}

78
47.98960181703054 | -2.8475069086911478 radians
{187.0284567547985 , 50.36024321395815}

79
95.18607779443695 | 1.0672655431184768 radians
{329.540390009947 , 396.4414495052476}

80
29.89877167889393 | -1.8044971234629708 radians
{727.7179703282686 , 398.86534610680917}

81
105.01779431622491 | -0.5887015111877347 radians
{673.8478915831815 , 429.39483975111364}

82
110.56525173373657 | 2.7101265844912192 radians
{313.6973386779903 , 89.32182341296864}

83
128.29470178220174 | -1.0845711062651058 radians
{688.3684192661117 , 532.6976163517152}

84
73.90849225454176 | -0.8736730839168562 radians
{794.7678745934755 , 169.03876856694356}

85
86.27093557214391 | 2.8219027729094455 radians
{620.7654088828159 , 290.7904330522395}

86
135.24973711572062 | -2.6395013327753047 radians
{889.9620363089816 , 539.2662184124368}

87
127.59074445524327 | -2.546635761033339 radians
{587.6425402150289 , 490.2443463815682}

88
19.60535525172483 | -1.564721326206681 radians
{394.5187253481657 , 534.307133797062}

89
26.638399056316203 | 0.4356043606839736 radians
{522.1577988323722 , 475.1995768563048}

90
98.3584665369216 | 2.633474533629751 radians
{234.644509915604 , 357.2752390102914}

91
43.45276500552717 | -0.9466898704539906 radians
{412.89885128265615 , 629.1547505030755}

92
148.46388036913893 | 0.6360041679167372 radians
{627.3569657576404 , 710.2607248495405}

93
64.50243006872213 | 1.7208894979395692 radians
{792.940280959883 , 598.6274401761405}

94
60.601040443656444 | 0.1425106756307319 radians
{870.1245864800685 , 674.2491450981283}

95
106.77722472776905 | 0.9269955356205015 radians
{514.8807470160318 , 749.4404582816898}

96
99.7277405425277 | -2.5550026786969897 radians
{782.1227439281945 , 626.3700140362531}

97
20.655642922850706 | 2.6859714563126955 radians
{480.1569160642884 , 430.3890229306087}

98
65.7048267257616 | 2.03076646526487 radians
{228.93875975529807 , 721.8773265659282}

99
116.12836933796943 | 2.539540891831592 radians
{143.95054354885247 , 424.1743333928511}

100
39.71781465787094 | -2.2065254854172762 radians
{223.0800085950829 , 688.8283855313314}

101
42.22270369533953 | -2.385148323695156 radians
{585.8106016744589 , 362.1193938049965}

102
112.27682311168105 | -0.5299073141281863 radians
{529.527291239764 , 344.8835590827008}

103
70.40061770210386 | -2.0725379642165604 radians
{491.25184671761315 , 186.23860673340067}

104
106.11697708180037 | 2.2721968157274914 radians
{73.92554204562941 , 350.43416815006333}

105
52.391524044404115 | 1.3525340592895732 radians
{249.897112303643 , 39.388507605792576}

106
100.3561502011495 | -1.258267482996769 radians
{289.38804947773554 , 769.0}

107
70.18543433073842 | -2.029062299436337 radians
{371.02368291599794 , 763.7206234027594}

108
103.34454504568626 | 0.24598857010981334 radians
{206.7510265359403 , 745.8115792898014}

109
90.38383065075091 | 2.8187473660758444 radians
{847.5714229947247 , 768.2212447194357}

110
101.24904362955624 | -2.4287835343265454 radians
{237.2890563860624 , 407.95633746327536}

111
40.565022480659955 | 2.3733435874873923 radians
{178.9158551721518 , 218.69470515525052}

112
139.11144523981113 | -2.216396278304061 radians
{47.046936633978774 , 539.8550472726888}

113
55.456802544362965 | 0.7300304090636448 radians
{70.26129002358545 , 605.3805784037891}

114
123.59146516617517 | 0.679529581240348 radians
{703.7281480372764 , 731.1412694751956}

115
39.310732567333325 | 2.577256751616531 radians
{503.68848674712683 , 704.3754324134318}

116
90.9630614326848 | 0.49581003450650957 radians
{890.6807403674491 , 594.7674970786646}

117
64.0721688451548 | -3.125826487210334 radians
{560.7086253215509 , 627.358526943187}

118
132.42478047247047 | 0.056057423992809385 radians
{863.0401424105451 , 430.7586827372535}

119
62.10349352468243 | 1.2406351357311622 radians
{306.0868310194995 , 416.4094415536232}

120
57.32418112770605 | -3.0617230424437745 radians
{249.87390772229793 , 475.83176346979803}

121
101.41371874033732 | 0.250183838567223 radians
{280.3095847481805 , 625.8939993192247}

122
124.10264575920557 | -2.460608749096752 radians
{461.83444634998096 , 144.58164379762266}

123
93.85085879421915 | -1.7513413040802916 radians
{436.40539635889576 , 600.3290046865508}

124
47.15934301527255 | -1.1127224430719105 radians
{644.8740629768017 , 390.1839906832877}

125
24.63124355953488 | 2.266005928469316 radians
{596.0366949291889 , 196.4502601145064}

126
104.86141058963413 | 2.923724428390803 radians
{262.15115159866303 , 687.4824286074148}

127
45.352643753665355 | 0.391906350455344 radians
{389.5009959072028 , 670.4556250763617}

128
177.98882425090022 | -1.0943919487012552 radians
{167.03890494574213 , 108.59021781222313}

129
111.5955947634093 | -0.36035621068080576 radians
{139.4566487299702 , 174.90608322454077}

130
119.42125091564833 | 2.635097917932014 radians
{760.1440947890997 , 270.27654892542097}

131
50.76292052057725 | -0.6258063510365827 radians
{61.85717002673508 , 522.5595426136564}

132
65.03632315704654 | 1.2381466946736406 radians
{310.0932300299226 , 657.8834357933094}

133
94.11708505950966 | -0.5349891850755374 radians
{515.4841995129808 , 424.6018539844622}

134
127.17814610686794 | -1.4388505125931013 radians
{773.7784155471799 , 457.04730092086146}

135
182.4605984771185 | 2.9518009454538965 radians
{640.4955340529109 , 563.3713647276262}

136
77.9258034418435 | -1.6315854299691142 radians
{189.3144814656215 , 762.4841152019691}

137
69.2379230744332 | -0.07840850049262409 radians
{174.80249671337728 , 515.8804043386655}

138
104.44588771717336 | 1.6411442258891271 radians
{418.81346147128517 , 466.60801430716754}

139
99.35584773441231 | -1.5296856147220472 radians
{568.3107072661481 , 376.79849230660886}

140
102.56325781063792 | 1.0985222532569237 radians
{955.1113704496153 , 622.8179615550583}

141
118.60046538216633 | 1.9565329639076656 radians
{946.6887767414357 , 671.2206011215628}

142
107.00682227148258 | 2.2193729338938066 radians
{435.7385222015567 , 176.43137441273714}

143
72.90918962302537 | -0.9041628310786582 radians
{265.18556225071114 , 590.4466762385308}

144
89.84013688995881 | -0.951952280980485 radians
{626.5058456948889 , 390.88369330832614}

145
57.4196425480778 | 2.708396679448322 radians
{795.2809288499147 , 146.86625107526788}

146
90.16088927282541 | -2.6405620546665722 radians
{863.0454902751081 , 364.26203058894976}

147
5.243645773261629 | 2.8143528356045553 radians
{584.7545792896052 , 52.7631723688072}

148
99.90893168284593 | 1.6205158895583724 radians
{535.1007588598658 , 560.117851727225}

149
89.37690657078147 | -3.076048985894058 radians
{537.9391911780851 , 64.85778683189035}

150
21.818604241647233 | 1.149771371121797 radians
{323.2354782425332 , 416.0304179693512}

151
118.79031666955571 | -0.3822886493557926 radians
{404.4531655194032 , 757.6149075287913}

152
41.53611593568799 | -2.281622750379786 radians
{185.6416679503647 , 574.9661959708711}

153
64.96381636202652 | -0.8342945432791048 radians
{367.85507723984904 , 341.08343308191905}

154
82.11654618031878 | -0.4578135443299547 radians
{379.94150525598303 , 426.6926128963457}

155
121.1960110115162 | -0.8441974275725985 radians
{556.1627819736913 , 540.3487545355298}

156
64.36258280415646 | 3.1078186291647505 radians
{706.3359998576349 , 84.33109904218173}

157
64.68369472008125 | -0.5878469456197409 radians
{476.2993184234351 , 588.3725186378944}

158
83.27213783401302 | 0.8029268386901126 radians
{601.1621599339068 , 381.9532479350268}

159
79.85903283417898 | -2.3808017509559236 radians
{761.7358006652195 , 346.09102514976314}

160
72.09604190210565 | 2.5019002866752196 radians
{183.32408159140988 , 285.9673825778831}

161
86.760968424985 | -2.250124556431688 radians
{211.4698952036278 , 474.5576475736377}

162
62.11514893888355 | 0.5000608355996757 radians
{394.39573185318415 , 284.61169657569167}

163
84.40356583069907 | 1.7360493931283576 radians
{843.9052063421504 , 596.3702352824444}

164
26.253010255856836 | -2.1280703732832973 radians
{705.0596904569729 , 268.4017654841253}

165
167.0281896338751 | 1.5012487972326323 radians
{677.0259307394194 , 416.9047663414882}

166
103.96158318064325 | 1.5130735663395052 radians
{328.83122699476985 , 360.0369844418198}

167
58.63241876136856 | 0.9485522703034968 radians
{578.7182580925937 , 315.2306510634739}

168
92.87905553123004 | 1.1897525086200584 radians
{922.4326978227813 , 517.8157049517654}

169
51.123450149860304 | -2.3126210808243055 radians
{672.5251685952264 , 219.65606663817493}

170
78.14467510330124 | -1.5844502260826705 radians
{490.93563456946 , 721.7507927494246}

171
47.935479336495526 | 0.010222644600256962 radians
{851.4558234666981 , 626.4075848595023}

172
80.96345011066393 | -2.6954747456399804 radians
{501.10290500619294 , 665.5691237600716}

173
102.96306350305774 | -0.9107190518404163 radians
{299.8953164202099 , 492.21568741237195}

174
14.298405219815391 | -2.976956242575585 radians
{640.4902171037357 , 385.2969952355258}

175
79.8773724683361 | -1.7483111066033183 radians
{499.43959376054147 , 700.0752949610746}

176
24.048691816410933 | 2.197553018705776 radians
{358.3889704173472 , 404.3538344939707}

177
24.328641980179064 | -2.7929766628385218 radians
{210.69238309993355 , 766.6157874165957}

178
86.97023171912477 | 1.3003241224934625 radians
{708.907666052225 , 480.5732281878931}

179
80.21078095399533 | 2.1370951737348713 radians
{651.0084808167077 , 722.0172344345217}

180
89.22860013487481 | -1.84426105093154 radians
{781.2188263345806 , 761.8065248957032}

181
40.2739553166953 | 3.0612221012418654 radians
{288.33890001821874 , 445.36197203641717}

182
107.28855823843826 | -0.008720734018819235 radians
{632.8925022232877 , 452.69344022790597}

183
46.70489207914625 | 1.5376835562557447 radians
{838.787059131882 , 146.7452139145723}

184
165.70804808229505 | -2.921011284595924 radians
{955.5255824642957 , 681.976422438338}

185
80.51341197845962 | 0.15029366509416023 radians
{442.3350552065381 , 573.6315341239182}

186
81.7381932932619 | -1.9922212038621574 radians
{765.8696176051279 , 166.4670416149347}

187
162.35263344037625 | -1.5804271486516022 radians
{438.86626806449823 , 639.3207288789891}

188
110.58190912352356 | 1.3886977601546358 radians
{490.1980393315716 , 664.2165557096145}

189
75.35678036311793 | -3.089375337359709 radians
{918.8306213379092 , 400.45825725046626}

190
67.18786891358087 | 2.719517462434709 radians
{519.5288908622069 , 206.11464324595786}

191
91.17413956085234 | 0.2128862989236763 radians
{252.1489645174743 , 626.511309199074}

192
99.95827681971917 | -2.9914624995001398 radians
{347.3624186731509 , 732.0708022213228}

193
23.71992748820026 | -1.4459652031292503 radians
{151.03841025873845 , 756.0060721005452}

194
154.55279605410487 | -1.1932891347989956 radians
{305.66398767646365 , 651.9521160006947}

195
145.43400452344818 | 1.0345398706935667 radians
{433.487386125186 , 480.6442123380444}

196
140.41966403628277 | 2.0327653067584297 radians
{942.9222221815851 , 357.9433614902145}

197
86.06152698298943 | -2.0563900310861096 radians
{403.4450135981805 , 565.6838178372496}

198
102.20115534640098 | 2.062280149188001 radians
{679.4472462446298 , 661.3527165745492}

199
16.84222251687947 | -3.1090203769784495 radians
{403.7924532102892 , 349.8924348087777}

200
9.593381359465688 | 2.6602182935391356 radians
{260.3081589352115 , 555.1602962515793}

201
50.416630483591774 | -0.6999795667409152 radians
{240.9804502985123 , 557.0416035078123}

202
36.32638239977271 | 1.6340060496371778 radians
{481.7902372899907 , 598.1966318377969}

203
52.123918579680684 | 1.9777161065764814 radians
{308.3473614983262 , 591.5037634545298}

204
21.40008327870982 | -2.834407927823774 radians
{103.14557315196879 , 477.06304393850627}

205
68.62603276572868 | -2.4366171972241224 radians
{191.31995555366257 , 605.2795105753389}

206
68.36164305305714 | 2.439606536412223 radians
{505.7694272621536 , 724.4020504034813}

207
78.0664613222198 | -0.39602797464351824 radians
{128.6065196509503 , 671.0063198067337}

208
80.29940979210066 | 0.37637427512737004 radians
{43.44645380866413 , 632.9082695791335}

209
40.445882059940566 | 2.341494394455201 radians
{248.40726557710656 , 636.887949323637}

210
145.51654464704023 | 0.714359035445626 radians
{114.19573958809501 , 618.2804267721125}

211
67.22544517099831 | 0.7316739451906733 radians
{251.91975335327223 , 393.05399007360916}

212
48.05785319608894 | -2.7573836922140407 radians
{568.250027725516 , 484.85690989240413}

213
42.30644462565332 | -0.91921874270025 radians
{160.20397604988963 , 447.0401303048569}

214
107.29978955937419 | 1.9307272379077831 radians
{118.45294851413024 , 484.70339298408584}

215
33.56320675335728 | -0.8450016983310481 radians
{339.93900620101795 , 113.71607933551493}

216
76.31923730252964 | 1.2745928592221807 radians
{562.708082474207 , 353.1726101648337}

217
65.92122633361878 | -0.9870006253050078 radians
{884.3598391957537 , 308.99267461363513}

218
38.392986703130546 | 2.6776809280430394 radians
{684.9125726883526 , 45.28079059701275}

219
39.0219461232444 | -3.117115510274692 radians
{316.7229406552971 , 115.31271724562819}

220
64.11273671393238 | 0.3280353975310334 radians
{248.48705475036692 , 188.04083985093212}

221
103.22762664393589 | -1.4679785808672337 radians
{391.2223677579449 , 734.2275092326055}

222
30.499718444521832 | 2.8082635768313255 radians
{275.3939382050615 , 706.3486153028076}

223
57.558545256000535 | 0.23964760499178658 radians
{691.9860028706937 , 506.51536352366685}

224
35.653728633147445 | 1.4755497642503228 radians
{843.5192849299236 , 738.4178361655336}

225
19.105251322788646 | -1.2721320485830958 radians
{946.496465426839 , 681.6923980053269}

226
92.34190309209357 | -2.321947708850683 radians
{942.7410115265129 , 638.1360066823162}

227
70.0607270138319 | 2.6894837721598037 radians
{312.52528816282086 , 453.70575199511404}

228
58.385274028570315 | 0.35415911768783614 radians
{364.3049044052892 , 601.2244960567251}

229
46.79473552280608 | 3.1287025451264983 radians
{655.8086076707451 , 597.1406000260547}

230
43.347061068145045 | -1.7129745810207575 radians
{586.7636738776229 , 330.47929483231775}

231
41.635205556501994 | 1.2715552423497307 radians
{599.089619101085 , 317.2343112536917}

232
66.10214451439876 | -0.8034301479538343 radians
{705.330278634903 , 498.1072456474632}

233
65.32036936178248 | -1.1319155864389128 radians
{783.233381490665 , 583.5139117344168}

234
105.24182019310864 | -2.10605385124426 radians
{576.9611826447617 , 669.1316679801629}

235
70.90254356550976 | 1.479545916718711 radians
{406.2664032435702 , 125.87508768037313}

236
99.54912978807359 | 2.3926258860247227 radians
{355.57773432915917 , 657.5882816328135}

