0
150.16656551919178 | -1.5822710106088813 radians
{582.3163090587465 , 688.7395411049845}

1
156.78085904309066 | 1.3126589099174808 radians
{909.6910992765186 , 631.3656728609601}

2
144.53194019049408 | 1.8513782143231778 radians
{647.8099418889016 , 430.4331391220461}

3
96.33133991557523 | 1.7391945355423502 radians
{789.2322244816354 , 743.5768064752604}

4
169.02042715748786 | -1.566919034682017 radians
{353.9959352104668 , 75.20159993600987}

5
143.518444272618 | 2.395716744416872 radians
{83.03285840447026 , 605.0487737332707}

6
24.13441622430637 | 0.15706125432952167 radians
{39.87801317081183 , 714.3555878023201}

7
183.89076896546894 | -0.15456862631518345 radians
{450.9332595808001 , 695.7018646350493}

8
226.8726854150177 | -1.5171895754140872 radians
{380.186662015711 , 243.43817509399162}

9
154.94187745423847 | 2.486952684766724 radians
{609.2690753728921 , 317.00376882602905}

10
130.27565362590153 | 3.06843446484438 radians
{711.2349222406395 , 460.99059704829244}

11
157.96744107789075 | 1.4828450597428613 radians
{295.17433061887 , 569.490618521356}

12
76.07160543951869 | -1.1378024655309893 radians
{409.0979647309597 , 663.3869009492697}

13
43.15839777274287 | 0.7383565269561212 radians
{728.2870022446273 , 463.3745739444024}

14
41.862222649572786 | -1.118142267146705 radians
{947.2805832039104 , 586.1518483861449}

15
62.383382247985026 | 1.868666953786447 radians
{826.9540185433316 , 693.4448973465596}

16
209.10529288079096 | 2.4986976237483143 radians
{487.6967081442051 , 22.0}

17
151.54339497576416 | 0.2927404013079893 radians
{215.46164262705088 , 776.8053929390609}

18
126.99513737181276 | 1.159088626695528 radians
{811.5083009315472 , 562.0707978459108}

19
163.93138004795995 | 0.2237088504654514 radians
{529.2729998068919 , 315.57053899881396}

20
66.91651465940232 | 1.5065881832102108 radians
{521.2210797434298 , 737.6585636363376}

21
154.92977277745953 | -0.41823839602261564 radians
{806.9566966590556 , 640.2344202834512}

22
151.66339705470818 | 2.4754013255087868 radians
{769.3389295688341 , 232.0763005834714}

23
227.12798761374057 | 1.5153040618925038 radians
{551.8022838584845 , 683.144106466139}

24
53.87929830227513 | -2.303408320808441 radians
{506.8112578908591 , 322.73219381720827}

25
168.0810654673811 | 0.06476711034925266 radians
{902.835964123883 , 329.5940508828405}

26
182.13484006120146 | -0.07073530886423868 radians
{733.5775546135955 , 372.50601703962064}

27
178.59320543668176 | -1.4922803864434888 radians
{343.588364773142 , 197.31259511477282}

28
139.8807515866607 | -0.3336823345195381 radians
{231.26173552571174 , 389.1921947666557}

29
112.35311695996178 | -1.9300885515590334 radians
{474.34088639797835 , 275.4096116285562}

30
24.49017411919224 | -0.8854393263497267 radians
{383.0439726284026 , 432.4129973500856}

31
125.89179632413645 | -2.50938797746219 radians
{698.7092577472599 , 691.6514758446074}

32
25.3303269996876 | 1.1087769934053846 radians
{357.48921503519654 , 381.5297178788764}

33
68.61663500599936 | -0.3591050615688421 radians
{861.6237135236278 , 446.80576817650825}

34
88.46425431341808 | -0.6322517820464035 radians
{45.78800363965402 , 365.77634299663043}

35
127.43217554685437 | -0.544529588724336 radians
{878.5409712888836 , 42.264460992378964}

36
162.90785739181806 | 0.3749491638384108 radians
{224.12004813721936 , 76.75596675641442}

37
125.14602573190889 | -1.8938133310052603 radians
{388.3579593194746 , 675.698975061229}

38
131.2632041883495 | 2.3967177283766445 radians
{239.3399653020516 , 85.97644977128182}

39
65.55192505722844 | 0.3739483525404566 radians
{22.0 , 25.9909515380705}

40
113.99397480181986 | 0.4054515677592612 radians
{690.7864473818629 , 653.2508709123216}

41
168.25887000503425 | -2.618599671623871 radians
{820.0853229810024 , 369.28257196086014}

42
125.95402432128759 | 1.2220665693922375 radians
{323.83905504965657 , 683.3064526203357}

43
179.59660967358596 | 1.3093959931010628 radians
{301.9840799713467 , 404.4468891901179}

44
20.04089530923398 | 0.663329207379371 radians
{460.9838793675312 , 611.2253075037133}

45
53.172434955836344 | -1.8878055385812509 radians
{527.5001474705082 , 489.9138612622879}

46
144.31044453651128 | -1.5165422299059663 radians
{439.22572658094873 , 778.0}

47
92.36413838196258 | -0.609418578572588 radians
{179.785071990358 , 329.7411867478725}

48
103.71335349045832 | -0.030617366544117043 radians
{907.0046538147924 , 61.27308354070996}

49
139.46116292988376 | 0.7327713725255558 radians
{22.0 , 512.4618719170043}

50
68.92805423857735 | -1.1132042052610975 radians
{54.98931183119045 , 728.8634438003434}

51
222.50334658420283 | -2.0720553936991903 radians
{759.5506481908131 , 527.9646470039942}

52
87.57242909398649 | -1.9869558107805592 radians
{463.7576117190939 , 551.8295246696824}

53
81.20404937779549 | -0.09799497638520083 radians
{69.14176800035453 , 239.84149263358734}

54
130.67939456471908 | 0.2819837808660793 radians
{457.77894691135623 , 440.8561289411818}

55
75.27240869543029 | 0.1763754435482484 radians
{833.853305405449 , 200.3947454589758}

56
113.40164989370098 | -0.936211659730319 radians
{757.5006813266612 , 312.1438602778171}

57
129.2815218983493 | 2.117674383122962 radians
{529.8041027942672 , 503.6453140639783}

58
178.65460961739888 | 2.7355022709777703 radians
{231.90570355824076 , 618.4700932021154}

59
184.66499178330199 | -2.4058925775450573 radians
{532.0262440442644 , 291.2268536965787}

60
97.95642155081183 | 0.448843191499102 radians
{784.0177940994713 , 349.587153847551}

61
17.684002821486775 | -2.5239093744585466 radians
{978.0 , 259.74055800941665}

62
89.03325791618471 | 1.733433820111706 radians
{833.8360535088877 , 647.8239963060291}

63
212.58381398211472 | 2.1523276047857753 radians
{410.39548895965095 , 166.62693043429437}

64
226.66995152347056 | 1.0316339489112096 radians
{870.5085842006682 , 505.8248874852487}

65
87.15485597344718 | -1.5418646820629847 radians
{504.9456818274328 , 197.35406355107375}

66
101.51176739767095 | -2.7252616171332136 radians
{616.077563519489 , 429.77790975044024}

67
144.07301531449562 | -3.1350031580465614 radians
{761.8951689058663 , 161.75912064472465}

68
71.96799876456045 | 1.6565901083695025 radians
{560.2911644762726 , 502.63920214845814}

69
124.8903104230267 | 0.9322171566140511 radians
{606.7960814481972 , 545.322608021387}

70
107.47050402397832 | 2.8708781037806315 radians
{382.55050196498325 , 689.787725172044}

71
80.44747373102159 | 1.0648429387486256 radians
{210.80421453514586 , 641.6363679153394}

72
56.855833914618124 | 1.7172744486651021 radians
{311.9083257703196 , 670.0540615633093}

73
133.4098821115331 | -0.13993107246959485 radians
{385.2911760237213 , 422.07037477390185}

74
46.903744886747475 | 2.663042314922327 radians
{581.4797859712726 , 512.1382833540301}

75
192.68961721654816 | 0.44735653736804304 radians
{222.00122767319272 , 745.4581112039641}

76
13.886218871354345 | 1.3304288813129672 radians
{875.4157338424081 , 711.9321264678614}

77
179.07963028377225 | -3.140774360899466 radians
{455.6845865443463 , 699.8194668556246}

78
125.48175317434841 | -0.7055136315754118 radians
{69.76328673351519 , 637.7603585342958}

79
96.84357085096629 | 2.9764856633216645 radians
{938.1972610554043 , 314.2647611193207}

80
124.82882317493502 | -0.6993503425037568 radians
{53.842191155676794 , 623.5154994467819}

81
175.8077239322269 | -2.204630747831032 radians
{213.41527564266227 , 551.6394285475004}

82
241.0321665535291 | -1.4577512276387024 radians
{798.3622483343698 , 758.0081285421005}

83
116.88112705508293 | -0.8728449524836158 radians
{329.17539712646055 , 762.9388026146173}

84
13.043788343355693 | -0.8558888769597696 radians
{920.2029623029289 , 538.4630267162097}

85
59.73200303984123 | 2.9960021332327993 radians
{682.4996860191895 , 526.4023610762274}

86
85.44706367695177 | -2.5111690504108504 radians
{165.0007337251484 , 521.6450311288428}

87
196.09089423995297 | -1.264928482592037 radians
{947.143770410473 , 550.7035699302826}

88
225.05692039828253 | -0.8712940134576369 radians
{252.53680384938173 , 559.1813985564709}

89
182.64992090242333 | 1.4325976253583896 radians
{967.7211691887069 , 469.5426416164456}

90
130.75978781130198 | 2.8952292212424053 radians
{396.7802152068298 , 172.75656043913557}

91
59.190786097811575 | -1.2734137966361223 radians
{487.94848475570353 , 647.0201233662717}

92
84.91285713318922 | 1.632556432039487 radians
{506.42317967006403 , 576.2148220805562}

93
204.67905310087022 | 2.50282147298679 radians
{239.6640569629214 , 479.02850908221336}

94
66.14959396147535 | 0.21787971769673695 radians
{269.57845098079247 , 732.1650897778254}

95
137.24697067822524 | -1.4899974655058197 radians
{262.46397096626265 , 159.9341728322409}

96
229.30298231776703 | -0.13869355107637776 radians
{40.925090881947 , 561.5159590592195}

97
162.90856141997145 | -1.6628586313280658 radians
{779.262804106816 , 667.6742095097649}

98
169.42193303507963 | -1.6593098664917494 radians
{629.4971931611012 , 778.0}

99
171.64780423325197 | 1.8317013007188505 radians
{428.77329826238093 , 247.0941182065472}

100
40.8798291516639 | 0.08947375492018983 radians
{348.32242804380564 , 526.4734433876766}

101
133.5872640857739 | -2.4688512492052093 radians
{678.3404347555378 , 778.0}

102
161.7589278367346 | -0.3557082846237995 radians
{522.7950431928779 , 637.4329730426094}

103
199.48680439336297 | -2.3365686382268818 radians
{851.2588323280083 , 187.0382111448265}

104
255.1335798567731 | -1.5538069080715962 radians
{948.9796817402496 , 735.3476233633796}

105
233.484476777595 | 1.5893612084773505 radians
{964.9969119013604 , 175.44949477110498}

106
76.65421927164125 | 0.11316242618680414 radians
{359.66718434749475 , 350.71554495727156}

107
27.429694937648357 | 1.4136462156892595 radians
{474.00794656370095 , 226.99964292668326}

108
90.38024576991417 | -1.5232806911629415 radians
{516.93653700307 , 604.9915216757993}

109
8.9223654709291 | 1.0688477848026923 radians
{559.8651274424392 , 192.7091455375086}

110
145.28185666702237 | -2.7461461777905605 radians
{453.1510215419818 , 758.7998291417721}

111
130.64339917995466 | -0.029368518609018304 radians
{892.5804174516384 , 713.7231198748144}

112
78.21677774636115 | -3.0126509944448365 radians
{548.5653947817333 , 171.6982272489175}

113
117.48520633860822 | 2.391103929012031 radians
{230.4805381336489 , 679.8917160636983}

114
213.65515362630975 | -2.7492389409181266 radians
{260.6055698906014 , 55.48399732855103}

115
124.03629305388614 | 0.27342952404493315 radians
{101.61893525428411 , 520.7544039245377}

116
184.7945420309142 | -2.2229024642588113 radians
{766.2514170590545 , 332.17741712077157}

117
143.090750421077 | -0.5071181415762996 radians
{220.04722199110557 , 612.3416297090845}

118
128.13216267414657 | 2.92297756411072 radians
{488.09371402200327 , 404.7050773126894}

119
157.62931179615015 | 1.9059350509558266 radians
{833.3709184924536 , 432.04322601803074}

120
18.371089931930197 | 1.009049324272389 radians
{443.53559244026707 , 83.34696491771062}

121
91.17671489776136 | 2.67960193194354 radians
{168.0909289000885 , 431.21220498661495}

122
166.92119516947633 | -0.8099728923865762 radians
{22.0 , 199.74402961047844}

123
133.1705691904467 | -2.9735788014099658 radians
{550.4881449671201 , 475.51908031633036}

124
97.01581534737352 | -3.053905890101609 radians
{537.720703292074 , 186.1401752159591}

125
131.2360792360736 | 0.7430532909319675 radians
{464.9474431053351 , 587.9322465573534}

126
88.81499017711957 | -2.4024048463162764 radians
{543.9888710992842 , 554.354244538807}

127
140.2274288896754 | -0.34547980867409184 radians
{560.7624368041116 , 104.17471577479363}

128
194.18658901011744 | 1.4139404739483286 radians
{616.8890673121175 , 400.2997352691142}

129
130.98607923053652 | -2.7709700915303928 radians
{280.703539265616 , 465.0541814933213}

130
123.57997968014185 | 3.088839152962708 radians
{978.0 , 399.97145238715575}

131
19.741103050338083 | -1.3838480145757939 radians
{174.13776152153602 , 521.4243699148592}

132
78.63228850171383 | -1.1642433623487052 radians
{513.7586786844674 , 598.4907504776163}

133
57.194749242440125 | 2.8134817827638527 radians
{396.61977170184684 , 328.4550158891049}

134
50.53794243331872 | -1.583547413352545 radians
{465.5253705523329 , 727.5557563317852}

135
20.99627619501204 | 1.900201526310253 radians
{397.7226580873026 , 738.8945031584946}

136
60.23964989483234 | -0.2049224035233019 radians
{825.6328679632825 , 614.0512994916296}

137
83.42119286183954 | 3.1291214023454375 radians
{402.96578704392573 , 491.7254622609962}

138
74.37697844240023 | 0.5715455719559475 radians
{760.7979073472261 , 675.0926424957723}

139
68.06214181869483 | 2.7439177852959706 radians
{894.3322116280087 , 642.2891055014321}

140
167.29191163643998 | -2.014037262039459 radians
{476.95190109144903 , 701.2107980109968}

141
154.80883709917293 | 1.00453640871911 radians
{395.732956091975 , 488.6457260103741}

142
25.357440734003752 | 2.734845868549345 radians
{507.26436560414743 , 500.4412399601848}

143
199.51578824418112 | -1.461053628828335 radians
{669.9084749535629 , 254.05818319681958}

144
147.1536729069933 | -2.0173941010773007 radians
{914.4444024923791 , 531.3296434977248}

145
53.680981584427094 | 2.3162256477326078 radians
{786.8415673708884 , 355.5433453084179}

146
135.33173245662192 | -0.7635691819839988 radians
{30.14666030630909 , 601.2385670660935}

147
82.52971124870895 | 0.6124224709973587 radians
{759.3238205105616 , 511.83479140252433}

148
242.3604923000631 | -1.1464538738580845 radians
{497.3366992147685 , 664.9424770947439}

149
109.34437695625232 | -2.6365942499717097 radians
{834.4567618721687 , 128.604005966023}

150
114.18363122995451 | 1.0716978701138022 radians
{329.4382704720691 , 639.9009814340155}

151
61.38117721608352 | -0.4726308711520003 radians
{875.960140584168 , 167.4110362543011}

152
88.28865758151422 | 2.238286886260778 radians
{536.2281549927219 , 371.8771838554176}

153
79.69514638185153 | -2.5261245378236845 radians
{70.97808843161053 , 530.0669705179321}

154
89.94937422712752 | 1.9746585917466026 radians
{216.60513611686025 , 22.0}

155
104.09539238600483 | 0.7014565511433524 radians
{432.8470647374076 , 660.4723307367648}

156
79.52305844124454 | -3.131227596806073 radians
{732.8170742696095 , 427.95103149988336}

157
73.8207897750636 | -0.2695164561077433 radians
{723.6354830626825 , 442.76641756312785}

158
118.55564134205807 | -2.7685571157938376 radians
{477.4256354722363 , 591.2045177049762}

159
150.88325742936638 | -2.7851290538474975 radians
{749.3859755639884 , 764.5302941714671}

160
115.20782065668904 | -0.913774575319037 radians
{196.21163583557757 , 596.5504854221123}

161
21.82872868619592 | 2.418045257644317 radians
{126.45917874753872 , 665.8786046263722}

162
179.180150186141 | -1.3193399165006308 radians
{686.0459043526112 , 362.12467106550304}

163
201.35792418451794 | -2.1940099552658276 radians
{516.6956873276793 , 197.83658230608785}

164
88.70962040377165 | -1.8846926126657364 radians
{223.40592053899937 , 734.5862156877242}

165
50.24964608350914 | -1.302847013239759 radians
{134.38609071334062 , 505.42290020871394}

166
51.39519132156572 | 1.308961388760054 radians
{267.42428257498653 , 511.3575974290212}

167
101.00920486737228 | 0.9615105461619294 radians
{295.3173176083187 , 636.4890731983523}

168
91.95393695336722 | 2.149552067406915 radians
{637.7265602513289 , 501.360476623883}

169
91.54381971302763 | 0.2225968832481364 radians
{761.0154755445719 , 722.1458940310222}

170
26.713669901292015 | 2.2571345953699877 radians
{809.264241102403 , 70.2193988758398}

171
55.457449883832204 | 1.4944732032109973 radians
{827.0215880741873 , 205.5700900012953}

172
49.259092089945796 | -0.8100200941736698 radians
{956.1880452367476 , 737.4165889054806}

173
154.46445815633444 | 1.8290863832475692 radians
{928.6818725231318 , 119.38039173826375}

174
162.381704837432 | 1.8162266892283998 radians
{534.1368527081862 , 247.23713141109337}

175
136.94425228382497 | 2.376403434600089 radians
{72.3341832233142 , 570.3067648196676}

176
46.41898242878235 | 0.3846795555158834 radians
{201.27760118524066 , 603.059787084824}

177
28.178532769751044 | 1.1535353235100512 radians
{635.5206384234216 , 664.6618577489511}

178
28.215640594161748 | 2.6025508471751992 radians
{718.7297205870025 , 642.7513568887166}

179
64.1545204852791 | -0.7476492922635624 radians
{754.5936102197584 , 365.01492012957044}

180
112.88272562552027 | -0.9567060568725113 radians
{571.053192481501 , 249.81922823796285}

181
8.368727420364939 | -2.8521796181547026 radians
{957.2798969435859 , 194.1550050190602}

182
47.865754286317106 | 2.818188809816713 radians
{785.907644849142 , 466.06492789236626}

183
180.53412374174246 | 1.9562207315223235 radians
{730.9701630898311 , 171.227560802306}

184
80.84543902448677 | -2.0577130476579004 radians
{864.5164867131339 , 276.3109196182436}

185
60.11036357580042 | 2.251456759009638 radians
{486.2381090902468 , 127.34408975855507}

186
108.91452203315337 | 3.09956783665136 radians
{278.5273418702549 , 740.8550051952545}

187
104.12651349567193 | -0.6021889846604874 radians
{962.9316904922464 , 599.8881725788065}

188
10.053538585330545 | 3.044424618242358 radians
{80.85823523317339 , 748.9152656019967}

189
33.08247651439528 | -0.27907130804306907 radians
{210.16521085306724 , 762.3710225714665}

190
96.13090464411111 | -2.425744939622518 radians
{419.6832807243353 , 727.9259826973874}

191
120.56026251526845 | -0.5080535313038291 radians
{756.4277382735609 , 757.9050461553115}

192
84.85985222308132 | -2.8227377807850003 radians
{971.284792284185 , 615.4716114266889}

193
55.17553869724419 | 1.2414776127819136 radians
{769.6193085545727 , 659.0942784411989}

194
50.92562940011873 | -0.8206709202055796 radians
{943.8187300541772 , 424.708255396287}

195
69.34209234682241 | 2.0951697592433094 radians
{668.4351303972383 , 535.3452538440816}

196
31.250667569921596 | -2.0464569138754944 radians
{369.3419732267811 , 738.9119487189049}

197
39.138069705888526 | -1.2185916247732376 radians
{816.2140165238674 , 587.6514208416269}

198
54.94217308783513 | 0.5442473904626247 radians
{963.2462927620255 , 704.551810861744}

199
73.16728891475597 | -0.03905694976567652 radians
{888.2430006057987 , 767.4453118847844}

200
133.4678701082099 | -2.232701733796027 radians
{561.0032115708266 , 588.9042214835825}

201
153.20675513011392 | -3.0076290478600924 radians
{293.91052927764133 , 345.2378824278139}

202
60.911283866312786 | 2.9740723600985066 radians
{182.6196270434473 , 520.0785743042483}

203
48.190097852539346 | 0.4776958109532978 radians
{64.79553414907717 , 709.9302540741543}

204
147.6162125929721 | 1.7261608287232535 radians
{235.09920152976008 , 605.6863969096745}

205
106.21322870846 | -0.746230137694238 radians
{869.7546201427906 , 367.2250432887478}

206
81.95068975834805 | 2.8293217129259034 radians
{308.60798904161015 , 129.65252071304803}

207
130.52299418569444 | 0.5581496949176622 radians
{370.39026093665564 , 319.4374520136883}

208
112.72307764519289 | 1.4499016337670203 radians
{547.1299297335456 , 484.21270807089644}

209
80.760336463603 | 2.1189790630389322 radians
{845.8334882180636 , 572.204420428736}

210
22.890902991912967 | -1.835429755551694 radians
{441.9487465532813 , 778.0}

211
15.152115090202958 | -1.9770190364344862 radians
{382.0763364088304 , 762.9945541244441}

212
36.51685041848687 | 3.106224029337553 radians
{141.24935248447076 , 757.7715265894876}

213
102.53914576962448 | -0.5724335430625264 radians
{277.6885552512825 , 760.7092854187417}

214
100.47964837996189 | -1.044803988359671 radians
{59.83597221576333 , 603.0874259947736}

215
144.7976465334205 | -2.642323789003183 radians
{55.37902551055241 , 398.2956133156911}

216
129.9870840356748 | 2.9312690314836596 radians
{713.1612274463037 , 185.92234458377905}

217
120.4053534455739 | -0.5985400430281056 radians
{122.81224260734325 , 581.2390345326638}

218
135.30593823359703 | 1.66685512956827 radians
{888.0107359091553 , 450.9066508961648}

219
108.29468505531634 | -1.956208406485007 radians
{639.1592391480673 , 672.744423862251}

220
54.21702640015484 | -1.642247216424157 radians
{343.623691935469 , 248.4066244773723}

221
65.68869201191444 | 0.6179721628342354 radians
{716.2346704860041 , 366.13488135703705}

222
103.93841042383177 | -0.7044037062782444 radians
{713.7644684107577 , 406.6549353643821}

223
84.68306114185026 | 2.7797946923460377 radians
{456.59444564278016 , 218.68914890402002}

224
61.965528524504826 | 0.9906744571016841 radians
{660.6078341072831 , 353.4552459971673}

225
94.33182264066174 | -2.692845441299049 radians
{244.09995490051642 , 555.5560126112605}

226
80.41482754820429 | -0.5702925488447714 radians
{601.4385835961043 , 342.63879453904053}

227
85.90193782894751 | -3.073528279483936 radians
{720.8909005567025 , 411.62461646804127}

228
87.70628976684253 | -2.8438647784123305 radians
{220.50272831603 , 68.47485884287993}

229
123.94141495395559 | 2.953362491258166 radians
{537.2995431871962 , 275.1117145792672}

230
99.39805739143277 | -1.4870764369219325 radians
{443.841505696279 , 627.8352184622003}

231
76.55427795200957 | -0.9581107254400364 radians
{33.00595283824742 , 772.7468076856709}

232
15.740684605974403 | -1.610509269071349 radians
{357.8592630614189 , 501.8932546412566}

233
42.08680501298129 | 1.8488801975915847 radians
{268.20374892501343 , 664.9519934353588}

234
104.19233299069963 | 0.5392338931486744 radians
{29.450640158986765 , 663.2083045711096}

235
72.96544785447439 | -1.523838025480248 radians
{260.58055478281193 , 459.6330788031792}

236
110.95115528651633 | -0.5560299893900281 radians
{202.62123755770233 , 91.96750350073754}

