0
69.00469896709681 | -1.9868230779707003 radians
{275.62345726655366 , 370.62594223406904}

1
169.17474398788877 | -1.3757819189134335 radians
{88.10179119375225 , 230.9047019323089}

2
115.0557518145781 | 1.902197018281119 radians
{422.06432656292816 , 443.2736885337292}

3
43.306931731453346 | -1.7097464471275827 radians
{233.4092229531899 , 639.7037218063447}

4
55.53533175302825 | 1.679013596939836 radians
{173.4276369521939 , 701.3083465222549}

5
139.52865926128462 | -2.145538041052829 radians
{102.67440839248184 , 516.4332488947606}

6
90.52567830069324 | 0.6980098426058343 radians
{264.95875888050716 , 324.84433763489716}

7
94.70021601350189 | -0.7490283412936773 radians
{958.4965897502823 , 364.25475971457786}

8
76.71825166577973 | 2.699845973201825 radians
{295.8006149019694 , 201.9443341029579}

9
65.93365480759623 | 1.9023961612994789 radians
{83.1984346664571 , 632.9514022802372}

10
77.62948217619736 | 0.16150552979194635 radians
{155.69872645840564 , 506.66961979519726}

11
132.37706516335618 | -3.0984387543887575 radians
{104.69626677656714 , 413.0220197255114}

12
86.39749182006688 | 2.2880379675576004 radians
{193.32470324521415 , 451.2542006902229}

13
77.86730200247916 | -2.768777822781875 radians
{75.29879977465069 , 486.1271107934731}

14
158.0366489516785 | -0.2727724122282676 radians
{399.9615025040788 , 589.6966296262956}

15
32.037680757317695 | -1.3892690446733245 radians
{644.0731354445502 , 202.5117893126881}

16
43.03879124590028 | 2.016459339467894 radians
{542.0229475775919 , 402.4827749660847}

17
15.116586364281146 | -2.552317185494119 radians
{686.13631233781 , 181.86940996363674}

18
127.16843213548914 | -2.502756431828646 radians
{668.3827715969912 , 391.7717196554406}

19
104.32007190679032 | 0.20716143115108407 radians
{402.32843546211456 , 121.01772257679877}

20
96.89085959115789 | 0.45841656372192724 radians
{706.1725487699983 , 552.2093764672427}

21
173.40417608824814 | -1.879787393101561 radians
{888.5079822256014 , 206.95669203271098}

22
160.3403151912743 | 2.0809450825907003 radians
{335.929308548796 , 693.1445940417137}

23
41.05002074539095 | -1.0558597282026556 radians
{70.11729308532756 , 621.4239266441203}

24
53.33192055627346 | -2.1116083460556982 radians
{33.524846296353275 , 212.84141928260124}

25
40.16811702875536 | 1.1845755494665204 radians
{29.260911574541048 , 382.11166381313876}

26
13.868431453980495 | -1.5385052404445996 radians
{76.58340069011196 , 184.52910950412297}

27
20.05115407428109 | 1.7849688371644283 radians
{68.56466307739251 , 368.94049964215003}

28
65.85548505999503 | -1.5060389175960804 radians
{28.71027509697558 , 563.9172164170548}

29
32.66176976408355 | 1.4399449880003963 radians
{71.32678091551031 , 397.24271548100944}

30
115.6910772591076 | -0.721157201344803 radians
{172.81479910304415 , 422.84806745927193}

31
57.82818556179681 | 1.2362398413869993 radians
{239.73589217081647 , 262.53401193759936}

32
77.39035174076768 | -2.0399297635837295 radians
{62.12420898326063 , 760.3588950478477}

33
34.337902382189334 | -0.3699453424530583 radians
{262.7755228346957 , 496.624351400057}

34
126.88924817515746 | -0.039060228084232436 radians
{376.8379602601283 , 226.52793551813056}

35
96.50821496159598 | -2.6902015187296526 radians
{475.94622078040516 , 161.26405096769955}

36
98.60445496388617 | 1.7575060614707054 radians
{86.70417196643396 , 578.3471971009295}

37
106.47786702432963 | 2.707228190316241 radians
{132.78846241626874 , 332.73049818860744}

38
8.697273815369241 | -2.514246958118723 radians
{167.35310305229663 , 59.9201871838273}

39
93.26090440401642 | 1.6463683897608552 radians
{96.94098054673488 , 499.3673695709632}

40
215.75135919623975 | 2.4500293458035327 radians
{141.49049879029215 , 478.6840513786542}

41
55.57010593862395 | -1.196639199755883 radians
{458.75643444420405 , 618.3500384680475}

42
48.235891298429586 | 1.0975561849659872 radians
{566.9418294989335 , 520.9963129139209}

43
92.17428651318754 | -1.1163789630564926 radians
{969.527948801395 , 722.0191796931201}

44
127.2634935259303 | -0.14799708915625384 radians
{48.97871677403694 , 706.6481848584548}

45
31.247647301354444 | -1.1866591596075005 radians
{640.0104461652251 , 475.9952593702347}

46
40.38958865783523 | 2.292962258032134 radians
{384.9657189457047 , 299.4075343286892}

47
50.996926077527284 | -1.9463112341221687 radians
{277.33182521385595 , 591.8968416776912}

48
49.903703133260635 | 1.1625578898576154 radians
{39.55666634130651 , 487.8967520591084}

49
142.99113003708808 | -1.0390776681425036 radians
{443.3612998073731 , 751.3221934063577}

50
17.160049225135097 | -2.7979352128275607 radians
{972.0 , 391.6854649069577}

51
157.97971933814603 | -2.33428705120834 radians
{972.0 , 622.6968406073418}

52
119.59884679304446 | 0.7842833132107234 radians
{177.64226827463338 , 357.0608439604211}

53
99.81872378222475 | 1.0371598555477923 radians
{205.99942876590936 , 391.3209837099968}

54
55.93581543754844 | 1.8775220959552705 radians
{488.8877094464299 , 696.4104894221502}

55
62.1534593357211 | -0.1676407846467886 radians
{904.1583792608352 , 509.5737766093184}

56
150.02465956628555 | 2.130511939473143 radians
{289.65779845662667 , 560.2479797603179}

57
68.37769151342373 | 3.102480473394527 radians
{385.293777783107 , 527.1013343490422}

58
85.08992791149848 | 1.4804405481992824 radians
{291.9877251544667 , 726.8172929557594}

59
62.066727675116795 | 0.3154697841328636 radians
{674.667976732596 , 446.759497746232}

60
114.05598794914799 | -0.13495272668030397 radians
{216.3649264151865 , 194.10956444834957}

61
79.11809225006924 | 1.6221612225236088 radians
{417.0212553518153 , 224.99414966675008}

62
8.336937514375627 | 0.184589140091238 radians
{485.00203431295785 , 373.64357254933157}

63
19.491651282859493 | 2.591556240213948 radians
{643.5580005564502 , 738.980212052876}

64
37.876923951746484 | 3.1123862425149937 radians
{622.6854473808698 , 730.4289698551214}

65
180.7178843955372 | -2.06094809403963 radians
{339.1100955913221 , 745.2903470296555}

66
17.849756349682348 | 1.921919176390703 radians
{87.3774528898485 , 318.1498305057538}

67
113.34595994577766 | 0.46627748203061736 radians
{829.5312311924973 , 124.73448611360911}

68
167.65598889953782 | -2.1964039685566816 radians
{68.43553203561163 , 737.7176394978849}

69
84.22842572282501 | -0.8519994397268641 radians
{467.4387009325733 , 456.9280340196899}

70
114.44730773743586 | 2.4608999133011142 radians
{523.5105727291109 , 348.4732823080542}

71
168.2668473491329 | 1.517037367360817 radians
{225.41736153890187 , 522.2681514673981}

72
44.729432606575855 | -1.7805053187510735 radians
{147.44076241239983 , 77.22023179677575}

73
115.37361213128675 | 1.651592103642788 radians
{54.325142558842224 , 653.6905801614259}

74
27.60368340034 | -0.8488859514423941 radians
{202.85802893099589 , 597.3577198795306}

75
104.10699526010255 | 0.15248202547602974 radians
{514.7238249115011 , 605.0532727264433}

76
16.708354130811834 | -2.383449542300725 radians
{338.8018554392101 , 138.0222893714577}

77
83.04790526482536 | 0.9949957501653381 radians
{222.90013102604698 , 513.201280464707}

78
78.78193178355592 | -2.323237602960393 radians
{967.5132181068859 , 165.75593891371943}

79
77.99237997633504 | -0.18796906855583748 radians
{868.6087219184872 , 631.3184066030718}

80
121.25014290559362 | -2.9253790985378743 radians
{448.9472070612937 , 625.866115478419}

81
80.41145589676002 | -0.019924562838355208 radians
{206.14290497641673 , 265.7805903028181}

82
36.91454063131464 | 0.5655204609193852 radians
{737.8060102782543 , 475.60305125180133}

83
152.10900689394398 | -2.290298460416116 radians
{846.698248789536 , 723.4791275678982}

84
70.47857855889201 | -1.8283098225483034 radians
{723.7422351621952 , 705.4033567463861}

85
60.06880680811496 | 1.4012416969135546 radians
{783.0724479029712 , 387.8167169053705}

86
54.534385771995986 | -1.383840838399924 radians
{884.4345842169631 , 355.48938154238624}

87
44.85858305820309 | 1.7987240109782077 radians
{959.329732960751 , 309.1264475755032}

88
41.09517063215156 | -1.4634454468991036 radians
{972.8718229000716 , 397.72409066083765}

89
145.28366704286094 | -1.7028780859285404 radians
{855.6715422279581 , 518.3446189698739}

90
178.7582468536022 | 0.15815222850282198 radians
{528.1607984523871 , 107.52677209598248}

91
21.889172060898947 | 0.2547653366262021 radians
{602.91946145644 , 301.84821635398805}

92
37.635327310402126 | -2.42211580406463 radians
{710.6581249399716 , 593.4075013166328}

93
83.41823107703298 | -1.9517039866319141 radians
{385.4627069240017 , 531.2500329714532}

94
129.26741311517668 | 1.4854519353483122 radians
{356.3203312954989 , 449.6453093043295}

95
118.15556375143267 | -0.01029317680017296 radians
{677.8211750025408 , 307.1510540967446}

96
78.08338784729341 | 0.1228077440766492 radians
{680.0368101312005 , 703.4135759738888}

97
85.70155150783567 | -2.8067774051131202 radians
{816.8599534583664 , 688.1624643371391}

98
62.44032750460357 | -0.51084436877694 radians
{650.978104979174 , 461.69023470787783}

99
78.72037558717219 | 2.516973033212668 radians
{881.5361480503655 , 556.5355851896788}

100
74.91326452232985 | -1.5263140325274773 radians
{241.7553275153967 , 374.97354555729186}

101
23.49816091055231 | 1.428552205035158 radians
{275.06747809853215 , 117.08192296736608}

102
130.1181833363634 | 0.1537172516462091 radians
{713.7809447216667 , 93.86181434412725}

103
91.01427267104144 | 2.2000372396373815 radians
{222.33157947740483 , 349.74430791058376}

104
82.20445335717478 | -0.7133806709189396 radians
{622.5809421691918 , 422.4047114011003}

105
75.86178665764061 | 2.5311154868043526 radians
{702.6433847036624 , 371.42135445804627}

106
141.3278973328698 | -0.3295737593436269 radians
{407.02070070562775 , 515.6900282072631}

107
46.83377467908998 | -2.3502550869193612 radians
{663.8772116570852 , 152.2316919922739}

108
81.25610286725306 | 0.6081975134711446 radians
{951.8575862160965 , 195.7638844612315}

109
37.83490225261688 | 0.2638257589133054 radians
{781.0370444317064 , 498.55496529219624}

110
98.03142243637743 | -2.3173215973388777 radians
{583.8795336927656 , 503.49098290120776}

111
80.53364590777566 | 0.5594698073669736 radians
{503.98236582797404 , 551.088760547105}

112
108.07264161874764 | -3.0661983571870675 radians
{499.93051060252924 , 549.4167196628279}

113
160.71632426162986 | 2.8426063866869153 radians
{357.6550510454061 , 608.2738359563637}

114
68.87701680578907 | 1.8973269867919964 radians
{532.6649758168993 , 438.0154332566948}

115
124.92417077650654 | 0.021815870252682047 radians
{771.0417016548356 , 712.6680906459706}

116
80.23832497844737 | -0.7368912852838334 radians
{834.7323696358038 , 501.9680858394585}

117
113.48603468433821 | 2.734776379458463 radians
{621.3108018532154 , 345.59302900226646}

118
101.09250286727652 | 1.8785915756953548 radians
{155.057575884198 , 470.6126828062787}

119
84.91398758189088 | 2.8884150474730945 radians
{295.124231794653 , 570.7351259072578}

120
65.59948382144913 | -2.5891598942197254 radians
{449.03873857639127 , 686.2780883485117}

121
115.19552373124738 | 1.4045900457149132 radians
{165.57676088402516 , 704.8727508010384}

122
83.0054590709221 | 0.21233992402705926 radians
{669.8532146399245 , 348.64005243507177}

123
114.49431159274437 | 3.080223426219436 radians
{317.28280006715204 , 429.76620572500184}

124
41.46530737528724 | 0.7204770421816127 radians
{557.6693664418716 , 368.69775511572095}

125
81.67574548711669 | 3.087625461624128 radians
{618.5870449970139 , 128.99302313053218}

126
124.97164926280537 | 0.6773536467359355 radians
{278.19051414777806 , 615.2765133193699}

127
105.82937572188294 | -3.021655241337477 radians
{689.3994709955809 , 706.3166489086634}

128
35.01316425355483 | -2.5134452290790796 radians
{511.9838154155624 , 610.2415547397707}

129
67.53123007592114 | 0.5419160940048188 radians
{376.2386708097623 , 531.9988385798976}

130
19.62273816288154 | 2.481220317634413 radians
{544.5041969507876 , 693.2852843584076}

131
95.56311633347758 | -0.22995277834255362 radians
{322.89441319421377 , 693.9666659411303}

132
103.77727673422305 | -2.79162516810761 radians
{855.2767119528703 , 675.2991533472966}

133
63.87775005708001 | -2.412627537412361 radians
{450.21056384672426 , 688.2711238613477}

134
71.77802950453989 | 0.6866757290734429 radians
{918.5064207017542 , 714.1586964379737}

135
35.52962318346384 | -1.8505647070543463 radians
{472.9846200592033 , 713.7793053968293}

136
56.31877971638336 | 0.5547570677367472 radians
{748.1228850825528 , 640.607346117048}

137
119.82762635406317 | -1.4469055791431509 radians
{225.38199240864816 , 659.7477051232806}

138
4.793017610865435 | -0.005392587515056875 radians
{293.35298105851285 , 578.7774262830405}

139
31.335756106052347 | -2.1918560007932557 radians
{161.7205677674634 , 607.4577293821314}

140
54.95654758436542 | -1.2325928430097413 radians
{75.10499404835755 , 715.2516166994217}

141
89.60366655633962 | 0.16474464589283241 radians
{298.1471288178535 , 541.4562336571497}

142
71.2628298573136 | -0.6074988796649528 radians
{620.8098976567254 , 754.1992969707912}

143
76.04039756900843 | -2.5777318471293933 radians
{430.7189970963731 , 639.7436428679324}

144
83.11644955777992 | -2.3098163029513668 radians
{119.8797079576077 , 717.3989332563026}

145
66.4783090162196 | 0.5695514846507551 radians
{494.5353126628929 , 586.7486323319341}

146
25.409819352190937 | 0.7898022379627959 radians
{823.1035156913099 , 765.7056443359695}

147
42.341669337651304 | -2.6695970757307537 radians
{714.7035969688304 , 540.6188816104202}

148
30.132958903974068 | 0.14839615448298962 radians
{923.2276601785092 , 515.7395861755363}

149
48.43266643538136 | -2.175983576355989 radians
{891.6338087758556 , 515.2124910136713}

150
64.45562870698909 | 2.0125105476273135 radians
{616.0925817216464 , 607.4043816340751}

151
135.26905037830528 | 1.490569869043716 radians
{729.2234261077642 , 675.2831158931209}

152
53.666190689146255 | -1.3167793151095637 radians
{847.6466205560654 , 592.0597047954225}

153
96.31448938060264 | 2.6696420035149293 radians
{318.9081081993469 , 546.8732375468148}

154
59.4465073362827 | 0.2771471583410168 radians
{620.4216124316422 , 448.64094019104044}

155
96.30804780393079 | -2.8015111027278987 radians
{449.7711980761393 , 350.3762321235066}

156
10.729081916139776 | -3.079995002512727 radians
{503.4813091701626 , 509.73954114940454}

157
123.95044807471332 | -1.456372519068601 radians
{397.200189016746 , 698.4993272313213}

158
39.54082399670039 | -2.243856862718793 radians
{376.83765167856467 , 548.4658321841632}

159
84.48724946002827 | 1.1911575081889214 radians
{250.75038041317677 , 349.0300633602668}

160
88.19078669258548 | -0.9150441975033519 radians
{783.6889373849161 , 605.0878232901733}

161
112.18546912472833 | -1.6344679074514206 radians
{700.6018092637515 , 167.43035196520307}

162
13.816500863694161 | -0.9386099289871646 radians
{640.267760446131 , 637.8238990974116}

163
62.32995752135928 | -2.194324612529952 radians
{620.9237181453243 , 754.5880286310694}

164
80.95589187245737 | -0.872735172070819 radians
{642.3451135644012 , 661.5059243496602}

165
67.37153756722624 | -1.938375253837037 radians
{646.1682835925617 , 755.9756559390262}

166
56.21167920048744 | 2.6030663417905764 radians
{883.5310642735135 , 758.7787365110413}

167
34.72709786551346 | -2.995339303049939 radians
{877.520030961442 , 376.345639935578}

168
103.30038423988546 | -2.600889284892131 radians
{242.18490869674503 , 713.9222480358458}

169
36.514957515464964 | -1.879789025131038 radians
{51.56732070346598 , 53.9564188815416}

170
48.79643992379484 | 1.7284803897223504 radians
{101.27795853385945 , 623.8873280140032}

171
21.73725899416159 | -0.6587356758284229 radians
{33.729700754914255 , 586.6612107596504}

172
39.307192802488785 | -0.043790302284219366 radians
{139.26361527445718 , 497.81074585156875}

173
18.53727476997262 | 2.223480508206176 radians
{235.0607668604648 , 427.0533783095818}

174
33.83061988098532 | 3.0281965895120995 radians
{179.15403887102786 , 726.026812052484}

175
95.20196631095527 | -2.571270191426654 radians
{225.6398354655989 , 763.2971041670962}

176
115.28837336994577 | 0.7176792011764697 radians
{392.16448637460826 , 694.9391293999957}

177
33.235740661680396 | -2.3265077657814506 radians
{777.2686788527822 , 585.6706949436403}

178
89.09108308830831 | -1.6499325539067962 radians
{919.2272874104735 , 734.1433290412455}

179
11.656140647290547 | 2.219593956530982 radians
{848.7975308630864 , 336.5207260311315}

180
165.29507334140538 | -2.954091209178865 radians
{485.2742891510936 , 499.46385090058845}

181
95.79384550749002 | 0.6103901511787604 radians
{143.60527448024118 , 728.9862732416804}

182
24.523967067330158 | -1.351926486882811 radians
{131.43168942961555 , 763.4753633076457}

183
19.31939248443398 | 1.291562038833202 radians
{184.67973638139145 , 751.8450863070402}

184
14.065202954725944 | -1.3386658040997528 radians
{301.20506784260766 , 753.4070472479674}

185
114.35220131123262 | -0.8374148209274285 radians
{341.867147324112 , 728.2967601668408}

186
56.347002153145446 | -0.6811241832897056 radians
{641.8740678027473 , 446.1425577843406}

187
75.73463865748009 | 2.187062505441686 radians
{866.2127523997327 , 579.8685895408231}

188
111.18711128362168 | 2.5222916157514894 radians
{237.26718479116838 , 716.9442314947935}

189
92.35232105241808 | 1.8182690463480489 radians
{852.9365606045055 , 682.6210133602509}

190
25.435934943401595 | 2.7636160190948797 radians
{669.1550201296176 , 616.5792987680054}

191
79.36315147735252 | -0.09181487118937351 radians
{947.0748800754285 , 595.0753301972471}

192
106.95707142601265 | 2.4455210476226856 radians
{370.11425271070465 , 106.06311621166074}

193
63.850463425381335 | 0.5083220545251245 radians
{282.03684146974075 , 332.3518524247367}

194
5.373961224354604 | 2.1904847251302337 radians
{132.52207831954732 , 687.4077945839746}

195
130.71652192784683 | -1.5981677343466958 radians
{145.21532090696934 , 750.0858235048215}

196
74.43721626465131 | 1.6188747913375257 radians
{109.44083634760983 , 161.60927204290243}

197
131.3892499521105 | 1.3950690542639044 radians
{367.3715234642877 , 363.5903836198824}

198
88.39730594310144 | 2.847555528624638 radians
{767.5416891433769 , 424.484817190751}

199
65.10281825792558 | -0.3775503566171993 radians
{893.7294608247547 , 652.2310606110536}

200
59.02056632391588 | 2.322882121286931 radians
{918.2390767220004 , 725.5447286898892}

201
78.712232264736 | 2.985102876055648 radians
{496.6130454771828 , 729.2632540838664}

202
101.02398100629232 | -0.8657103711185282 radians
{513.9053313532845 , 652.4311172128166}

203
67.92031579396131 | -2.589227185149935 radians
{209.01807377196883 , 403.2956064411617}

204
66.3392179777689 | 2.7409952624238927 radians
{153.51029237610246 , 283.6678411288286}

205
98.01506379445537 | 0.7621089808597151 radians
{377.6744378954598 , 747.9307358167019}

206
69.15118783824332 | 2.9200013586556324 radians
{893.2962368393494 , 519.1296092683652}

207
29.65580987382818 | 1.4468216605250115 radians
{672.1378500174535 , 673.8516283643542}

208
86.78266381381148 | -2.3384465996680235 radians
{78.06699844868601 , 296.87922664345433}

209
69.6110794637936 | 0.5241459185453649 radians
{575.4153543646373 , 155.5137917723872}

210
41.84193034751309 | -2.5454760027531123 radians
{885.437195863869 , 278.962307230105}

211
82.25165785155511 | 2.0053059452354525 radians
{539.1859793193448 , 534.5478364922437}

212
5.95157326430007 | 3.012103925360287 radians
{369.66507238105663 , 609.5767238410416}

213
103.34613391621905 | 1.4097773842180614 radians
{173.85661339608242 , 686.8909015877753}

214
71.67160523516284 | 1.1940768589503064 radians
{490.4050687211722 , 635.7148147379702}

215
71.61605540198404 | -1.4110087679864027 radians
{671.5436953695646 , 377.1446318359786}

216
70.18838163942178 | 2.170889080599595 radians
{287.5380434199443 , 457.88760815582333}

217
81.54090730155899 | 0.7096304924374688 radians
{415.79415486145314 , 710.3341029090125}

218
41.792050416503926 | 2.314262504277475 radians
{821.8614170217227 , 612.1826952071004}

219
134.64775474286006 | -2.0580791038547948 radians
{190.77274504659454 , 711.2858067549186}

220
65.71096779695858 | 1.5390784460372222 radians
{223.0988408876044 , 484.0896263644392}

221
78.22727405429889 | -0.12297165814301414 radians
{886.2811826912535 , 570.5809378706358}

222
116.3574472685724 | -1.675925956117795 radians
{901.8650200636162 , 590.2293090869663}

223
97.81823004943456 | -2.8735319137533772 radians
{764.1917950830007 , 206.3814846272594}

224
33.15103665940657 | 1.851353358901165 radians
{373.62517540971135 , 172.91579888927444}

225
97.0838799130445 | -1.665487160931512 radians
{281.8329569260825 , 597.2933986536555}

226
71.26970036407461 | -0.9815118812051282 radians
{249.46169983906046 , 746.4612495861617}

227
45.30019577005296 | -0.48240820820534996 radians
{652.2532205266258 , 198.76338676067522}

228
86.18081611815025 | 2.0551712327973766 radians
{891.7388987408585 , 477.4744805460587}

229
55.19879537461835 | -0.40519756529303685 radians
{645.8475227347856 , 268.659320066463}

230
50.91378729671659 | 2.1257893543049793 radians
{936.2288301437547 , 346.5202748864821}

231
27.0056171270491 | 1.7023918484241918 radians
{826.9127929023292 , 744.756295935673}

232
13.78350012856122 | -0.6138542816931691 radians
{965.219237593351 , 554.4385310275329}

233
111.66808259844655 | -2.286050280424586 radians
{781.0693440888818 , 713.6191870839555}

234
74.52161719945111 | 2.955353090109029 radians
{48.739836062684695 , 361.1069933432855}

235
74.70244795410835 | -2.02340143000207 radians
{102.35427162166735 , 332.46769870351307}

236
44.422093354011764 | 0.744536020136026 radians
{278.45553725774204 , 144.89292819577986}

