0
49.490482463569656 | -1.3133689513110038 radians
{511.0877286985116 , 617.4253847616548}

1
58.03973998611448 | 1.4619115244679386 radians
{446.3275978713769 , 709.0290121884565}

2
68.09171813882341 | -0.19457931802605075 radians
{74.97061345267491 , 622.446317049979}

3
155.82151796305763 | 2.399135275102249 radians
{285.49094934445213 , 753.504245647595}

4
74.74989448987687 | 0.9241010931704621 radians
{238.68322188918728 , 450.5463964166444}

5
120.73991501093276 | 0.4182821140476756 radians
{36.0 , 168.16200191800192}

6
39.56246856476908 | 2.550576324809418 radians
{538.9814637299712 , 92.39940759975774}

7
114.48772425709092 | 0.0875318002503459 radians
{55.0082353796505 , 277.04801979175465}

8
103.82356256843529 | -2.268800925860811 radians
{834.229118043135 , 578.1008335334578}

9
26.705712254419197 | -0.6012416901320308 radians
{315.7975255382476 , 215.7545282999776}

10
73.50543585305503 | -0.125087665533119 radians
{749.5511594863043 , 175.00766752063268}

11
67.27369413774404 | 1.9441939256061194 radians
{865.8393348254322 , 410.81399186067176}

12
95.87135147633245 | -2.4403054509360382 radians
{382.19936723527826 , 599.5084550077815}

13
81.36411434681881 | 0.45048541634289085 radians
{420.54618929802405 , 467.15302866472155}

14
64.78869903405402 | -0.5021146354514913 radians
{914.9462392045922 , 698.4057997759734}

15
64.58265106705564 | -2.645319977964454 radians
{448.1427672138858 , 695.1640027399932}

16
19.440254974942377 | -0.801332093278029 radians
{843.736610936932 , 523.2245180463525}

17
30.700580555786185 | -1.6531952660087414 radians
{817.4525678705609 , 557.2805664183736}

18
87.29236527905685 | -1.4682784023852586 radians
{834.0351330014228 , 70.81122949597822}

19
52.1306692862033 | -2.862989967876307 radians
{560.4938504601182 , 647.4628901411228}

20
90.42832579564893 | 0.391021793145086 radians
{265.9077140106435 , 633.2575405329355}

21
107.56743914641194 | 2.215590958281418 radians
{770.9405403507459 , 694.2477592348588}

22
68.7992101113548 | -2.4113904210679973 radians
{557.8528318372767 , 402.6688731527224}

23
74.99665307134818 | -1.6508074840102942 radians
{307.39807337936287 , 396.61017211056867}

24
111.85412012432941 | 0.5064308046831666 radians
{36.0 , 625.022082676694}

25
31.694501426484514 | -0.8808235644636644 radians
{451.92751700975464 , 712.532089530524}

26
49.480342800706396 | -1.0391770050337856 radians
{696.8876018423698 , 745.377009162718}

27
5.8101655980586635 | 2.906358794537346 radians
{781.1760157622826 , 515.7033686205143}

28
114.29926711131974 | 1.5652086259570726 radians
{624.4477512514046 , 684.6512169289265}

29
30.180500813265937 | -1.549633176858745 radians
{630.8344191227749 , 65.20881974007324}

30
145.25055116393816 | -1.397164068483358 radians
{772.7690546903772 , 703.537384183933}

31
24.300711940577788 | 3.0535563027001325 radians
{432.08906653561576 , 613.3132787564505}

32
94.62836066408602 | -1.4691076790435054 radians
{544.0834675027608 , 73.03768599918114}

33
144.1080737272959 | -2.33057537527723 radians
{897.829292965388 , 352.02715927192094}

34
59.281468759485435 | 0.24000235408601098 radians
{55.1941028795525 , 499.0403134736327}

35
54.17499314450785 | -0.8813549560831956 radians
{568.611150883149 , 745.7311437295019}

36
64.66753698757786 | -2.295597585597927 radians
{515.5811387960376 , 483.80754118563897}

37
68.47952380409076 | 0.15613002002939685 radians
{832.9686531314326 , 226.5766609726117}

38
135.41138811765154 | -1.9240900089032882 radians
{492.7601674563452 , 731.93140245278}

39
156.75405977287198 | 0.2880429223928407 radians
{123.67269840342257 , 638.283173369892}

40
46.86770238229382 | -1.7608224520692022 radians
{395.64747763744674 , 601.8765398453212}

41
9.990128003406053 | -2.9903493506506256 radians
{470.2155303235146 , 280.94700043392766}

42
150.72242092148383 | -1.3011019301065936 radians
{39.346501123713075 , 677.9964263803038}

43
158.5821395325524 | 0.741327544323431 radians
{781.8508049255149 , 427.8846347343782}

44
75.54702665212159 | -2.4922651068933233 radians
{373.3701312077521 , 335.1813758635584}

45
79.26910136228163 | 0.708880048020381 radians
{296.7474780461021 , 365.3430692466087}

46
81.41590601364855 | -0.9056902079243428 radians
{841.9041811645156 , 724.9613141759984}

47
65.80121782386215 | -2.35791780056603 radians
{417.6522557232746 , 739.549632370861}

48
63.55475472016842 | -2.3524620733155084 radians
{83.84815272442488 , 744.4289678256816}

49
23.811148289489168 | 0.647577006483592 radians
{181.59405935557413 , 641.761410202456}

50
13.294721571462162 | 2.7546496197489017 radians
{63.0109169400067 , 609.2153646868105}

51
45.65788295187878 | 0.8926991598933232 radians
{791.3027624534033 , 686.6414660238137}

52
39.05597503308357 | 2.3940347797761428 radians
{851.819807174078 , 657.1810824376623}

53
77.08108917232492 | -2.7171902063300335 radians
{562.146880881385 , 488.03307922579137}

54
36.53119595382037 | -2.632173564730674 radians
{37.39815419259917 , 429.8347520027983}

55
112.34892947565825 | -1.556336916836762 radians
{301.9688289813825 , 666.9794291415723}

56
122.4092684848891 | 3.0769051712429354 radians
{515.9549317358195 , 501.11370531336206}

57
38.91683168252509 | -1.4481785632670106 radians
{417.26001289109973 , 739.7998983654467}

58
15.309900880267062 | 2.492484138999936 radians
{477.294617322452 , 482.7824599549833}

59
15.387058211623307 | 0.9634018784617744 radians
{709.0643657779167 , 490.03500326730284}

60
104.91219321158604 | -0.7412224893699297 radians
{885.3652472293534 , 752.0578029403925}

61
41.47862792474347 | -1.2750732218803544 radians
{794.354533851742 , 552.5685988394757}

62
84.0973563112963 | 2.1340596040885806 radians
{420.5597272807006 , 81.22384054544149}

63
57.84528677775333 | 0.5401450257584272 radians
{355.0525178838309 , 513.9596953161953}

64
48.47555776023207 | 1.3498114601637918 radians
{509.0257551031662 , 503.60552979796387}

65
119.75140713836514 | -1.0050636291990038 radians
{608.5540561180858 , 546.8437133570375}

66
156.18837272952305 | 1.455067081042666 radians
{619.4232206480414 , 736.1374549994267}

67
59.801815463183 | 3.0886098684060515 radians
{108.38862140816008 , 449.1532651627795}

68
82.16499278445251 | -2.431114750200978 radians
{280.01929660029185 , 579.5397913283051}

69
129.06435341412435 | 0.22316885279685242 radians
{758.0116792817907 , 606.029368289598}

70
113.65617451155285 | 2.182602563398693 radians
{757.9878019156174 , 700.3159597659314}

71
167.2394007752909 | -2.7207531966271943 radians
{506.05855650798094 , 349.11382725766333}

72
162.09512536509465 | 2.7490509947804553 radians
{850.1406300468428 , 477.930276059868}

73
80.25321469843867 | -1.745330320286249 radians
{240.17554513715334 , 106.07394822840071}

74
59.71864313174395 | 1.7389262206525986 radians
{63.8405086288251 , 760.9904871511808}

75
87.53382027161226 | 2.6280437820351317 radians
{171.1155786201711 , 619.2140225137682}

76
86.92888108642256 | -0.09566061702955563 radians
{696.5331178298915 , 510.72349343429977}

77
75.09915305962703 | -1.0218335158848812 radians
{514.0517372698704 , 526.6476077443166}

78
79.81676865315256 | 1.0945905051893035 radians
{472.22301754034766 , 149.5638228894984}

79
11.008112385933886 | 2.5856467830509753 radians
{546.2725146502827 , 123.19701238304422}

80
10.6822789364646 | 1.5734259203203493 radians
{439.92961598027864 , 483.8187943744761}

81
23.446939482335072 | 1.05679218528162 radians
{385.13231521812077 , 567.3023560711173}

82
75.18190969044453 | -0.7436210688306528 radians
{247.95959450228017 , 625.5955413778443}

83
63.42023593972577 | 0.9833198855763137 radians
{504.2579973794668 , 414.79679181123936}

84
96.18760530079166 | -2.2971206098500216 radians
{386.7748078183731 , 229.34127483714124}

85
83.13253657410631 | -0.06680472596137593 radians
{180.61205840936935 , 447.87231504459885}

86
43.29980450367701 | 0.050318267041128344 radians
{331.2273873563912 , 477.66369267772967}

87
39.040263728489016 | 2.4635674872312885 radians
{541.2955673369422 , 762.1200669688087}

88
49.05088907832416 | -1.186553308155187 radians
{260.2869934171538 , 632.475657144843}

89
120.31357104278102 | 0.9357895616365477 radians
{534.5188554942022 , 336.9474816878965}

90
81.2196092817322 | 1.0363205205304702 radians
{534.6967056328087 , 447.38829557490646}

91
228.87268736944895 | -1.1413249203293705 radians
{832.4152922141593 , 691.0774166691901}

92
52.29856709112544 | -2.9832950183572917 radians
{473.5603212171451 , 507.82802231619763}

93
121.91702107433537 | -2.254149739670291 radians
{63.4917178084791 , 634.9252598989905}

94
71.16327614731651 | 0.7776409670691432 radians
{599.9388753121289 , 489.5242933658668}

95
45.502271802086234 | 1.0453646352196564 radians
{577.5684796876789 , 479.12935885504635}

96
53.439183143037404 | 1.7406246703451602 radians
{548.0492187280375 , 677.0967039156155}

97
82.70933456204465 | 2.975915070667679 radians
{902.8174135433705 , 642.6206201723174}

98
50.73001850133531 | -3.0717401375968545 radians
{854.3530091883388 , 264.5000100794509}

99
129.41508227565143 | -2.741269338386075 radians
{729.159715748215 , 199.7198112216153}

100
69.91036087901882 | 0.25514791371961637 radians
{509.9202676333792 , 143.67028692605646}

101
116.00223080163042 | -1.7344186093377705 radians
{767.624982877184 , 715.4597409805742}

102
117.75196706263159 | 1.9262593695233725 radians
{821.4157383962133 , 721.2681912549626}

103
45.64997170542015 | -2.6853470079545287 radians
{411.61004573438777 , 120.77859745203499}

104
63.70741798023236 | 1.0416875812023387 radians
{367.00819787372563 , 345.3277779918021}

105
38.09325256593521 | -0.42985486199516776 radians
{537.4377964863065 , 467.3674444191885}

106
103.71604878351718 | -2.0235448843140587 radians
{769.5165232511548 , 699.6423549541641}

107
115.8921431428099 | 2.718780450693636 radians
{274.53496227276565 , 563.4967680262378}

108
45.84081172309231 | -2.2612883806749475 radians
{180.36774316450288 , 627.4297997934489}

109
92.19914341120426 | -2.4193574389495973 radians
{266.9313789947622 , 431.63004659585636}

110
78.14045150912088 | 0.4836014267234659 radians
{491.433564744264 , 307.253314352235}

111
101.48752080261302 | 1.2627324500617871 radians
{739.9154336496446 , 689.750331953694}

112
29.572118302203023 | -2.914458658667553 radians
{767.9975616383639 , 337.3551975428965}

113
95.87272552397017 | 1.8760440878567903 radians
{479.8717465358699 , 761.2629100054376}

114
55.403305920201966 | 0.039765321998993325 radians
{956.9088021767619 , 305.3291820750383}

115
35.691159461976234 | -0.23414121978873254 radians
{721.652291013578 , 448.5011582417866}

116
66.25959581610742 | -2.249534333403014 radians
{627.4751201594785 , 500.3059259124684}

117
68.23442011845808 | -2.9760064717788217 radians
{127.28352407665774 , 286.87021778922497}

118
16.701812278397217 | 2.8792011004557425 radians
{110.1741312232432 , 352.04293737526643}

119
79.75811233023077 | -1.367153362409178 radians
{122.0274624861413 , 666.1953967362025}

120
53.61103638920762 | 0.5164998246178798 radians
{495.28770959874896 , 584.8192267006373}

121
74.3183652248836 | 2.4640132149988747 radians
{274.20550411837 , 748.2544297543201}

122
39.35897994326448 | -2.927363453608452 radians
{179.95878484288045 , 700.6511694175958}

123
27.781354468259007 | -1.1750373078453995 radians
{142.08806603063397 , 549.3208712503828}

124
74.48191817716594 | -1.1882568538425613 radians
{468.71681843988046 , 606.1833144789919}

125
43.229996996665534 | 1.060088423072059 radians
{712.8335041972681 , 450.36320384997015}

126
6.018152504158231 | -0.29771730413363096 radians
{830.0523641120292 , 406.8875956158436}

127
41.027401374380986 | -1.2633925860600643 radians
{908.8033326934744 , 450.14238303047136}

128
59.488121724166035 | 1.7810265219491723 radians
{896.7559800650687 , 545.1729174237149}

129
30.733636401966 | -1.926827278817281 radians
{906.3347902946606 , 592.2229695668819}

130
23.459480359708273 | -2.495887570725098 radians
{764.366392863862 , 520.0453035406285}

131
80.9225021214373 | 2.2011348372989037 radians
{390.05724420555555 , 750.0051173158135}

132
68.77826821230994 | -3.0811845605821992 radians
{358.37380325221403 , 463.2521627221096}

133
17.301620733489408 | 0.8017890556446107 radians
{281.4003096660122 , 477.6503161310904}

134
54.753767744860504 | 1.7588845690881914 radians
{222.72467474731576 , 636.4718551538386}

135
68.42536761712437 | 1.7202225460863352 radians
{333.06069015025247 , 764.8646272006158}

136
47.18725459935045 | -2.6697216075942327 radians
{350.96252639953593 , 737.6458608606116}

137
128.42439210565652 | 0.018072238886553675 radians
{733.1153854618284 , 581.3332581701083}

138
71.17589051096132 | -2.513274563756247 radians
{85.26297453970857 , 549.6473070398689}

139
41.588840672700144 | 0.6713913406355418 radians
{298.97761243400385 , 507.31663998945345}

140
13.175378006971927 | 1.1790573162617068 radians
{498.9958827448043 , 622.8162879700182}

141
71.40550079410971 | 0.14458486816581445 radians
{796.7166434402961 , 745.6276583271759}

142
154.95709073335658 | -0.9147404388429639 radians
{806.0883215960085 , 261.96351544811523}

143
87.23008908966982 | 2.711954105673567 radians
{224.34107518647323 , 672.5507373812484}

144
80.0990305199485 | 1.2906825057817346 radians
{316.4700350578912 , 700.1222014181831}

145
30.51925766084847 | 1.2226624710349516 radians
{212.41355301680423 , 732.1732097709146}

146
59.17834670313577 | -0.41609710748141354 radians
{456.0350735816229 , 557.191450917604}

147
38.172046997592496 | -0.9328034569389572 radians
{695.3053411205573 , 275.3555789142101}

148
29.02082988423641 | 0.8014918853556069 radians
{924.3007516943661 , 460.89218398649257}

149
75.16255852274453 | 1.1204238570061413 radians
{646.9066921109846 , 696.9085799785879}

150
77.21760756111335 | 2.6576409801417853 radians
{645.0324713031714 , 682.3842618737406}

151
15.22053879556053 | 1.394444929927228 radians
{205.2616105722001 , 739.7699470462541}

152
26.709918228997484 | 2.7829034670175474 radians
{147.56868490342012 , 760.2654287008154}

153
5.773715751448876 | 0.23622777422147917 radians
{112.58786109817153 , 734.7566981227724}

154
47.69354714033144 | 0.12407450370545747 radians
{377.48643491590053 , 733.5046261084185}

155
21.65956166077461 | 0.09101680229689627 radians
{641.0292187657965 , 760.376156102409}

156
104.41292137065506 | 2.7286892774474634 radians
{732.8747789277922 , 668.4703100481141}

157
49.72423221731822 | 1.5512110274641002 radians
{196.40053145395805 , 628.0238304284964}

158
35.06087170619493 | -1.083139898492705 radians
{51.05900862377553 , 120.03247074355207}

159
24.52425971112622 | 2.3607789693414665 radians
{206.3398184053305 , 288.77886014850367}

160
32.793109999548676 | -0.6818364625114234 radians
{283.58918489110226 , 320.83060231967306}

161
94.23789422908078 | 0.1181320883595108 radians
{573.2227063338693 , 700.8864054100527}

162
55.27498821602676 | -1.176884665757569 radians
{656.8662667408628 , 85.90718871952981}

163
64.2787911355434 | -3.045679547680254 radians
{686.7922004674195 , 426.9924376098854}

164
87.14302790450135 | -0.7417928688786344 radians
{819.6757666047321 , 633.1376260529145}

165
154.04751560684886 | -2.444319263959512 radians
{355.9895949805564 , 556.897891543034}

166
104.1035669327906 | 1.7445121285510123 radians
{125.92917920645448 , 372.9076138548514}

167
89.53889922241079 | -0.30095624447403474 radians
{142.89304469961002 , 217.54361977829402}

168
83.11221720678468 | -0.5895127557429448 radians
{949.9555540017129 , 371.1786017446453}

169
96.97917359453551 | -0.8153696569710261 radians
{941.7755228086853 , 499.18954054825446}

170
64.86586454681299 | 1.580234771749593 radians
{796.2984784417974 , 142.9674807716638}

171
75.15575264873117 | -0.2994341819194946 radians
{867.6310371633463 , 52.079174643602116}

172
36.74357281112896 | -0.3636867137083796 radians
{374.29824230870923 , 517.1726252342864}

173
93.1744687700695 | 3.135324369182732 radians
{136.07457538485576 , 374.0430820671156}

174
121.22545484112372 | -0.6941625562010753 radians
{859.0249716402437 , 681.541983463823}

175
40.45418354816985 | -2.1703057891319304 radians
{251.31138984489198 , 302.91669065138143}

176
76.0931983235057 | -0.04532751378950781 radians
{571.5557896859187 , 80.90184291320564}

177
31.398610001814202 | -2.8988198152559645 radians
{628.8823564510022 , 473.63212779793474}

178
134.579910407237 | 1.3291109774197056 radians
{683.3488863259771 , 392.2599943244212}

179
55.592607521460266 | 1.857403762271703 radians
{611.6640401089701 , 40.40967916968544}

180
49.684791934152926 | -1.0661609384163206 radians
{784.3327288245824 , 385.16568939840454}

181
108.62524143183096 | 1.825801480063321 radians
{824.1359193767454 , 640.2812339410896}

182
48.416458458038846 | 0.3264289554209598 radians
{853.2574209303481 , 696.337135530704}

183
60.639871762040315 | -2.3456882178465976 radians
{635.2434412078362 , 692.776039570613}

184
19.085344995200035 | 0.2005146626978778 radians
{452.1107734902415 , 346.16466213631657}

185
11.418766412348953 | -2.932055208513612 radians
{410.03818477898693 , 74.64241342867714}

186
42.35048815624618 | 2.8395467619423718 radians
{189.56324240584394 , 235.7292916132178}

187
61.400631769844644 | -0.15996017133119428 radians
{238.23524517662435 , 678.1713592962802}

188
44.07322591259589 | -0.7252743410509713 radians
{708.1292893070364 , 716.299243662793}

189
1.2817839431338243 | -1.59335618158966 radians
{896.8248375216417 , 625.9539970005063}

190
49.43889872610155 | -3.036314384404937 radians
{611.6495911776344 , 228.29301957676682}

191
35.20341973784194 | -0.15100963953885696 radians
{308.1383449426324 , 377.36498125718913}

192
96.87617203218639 | -2.2017428559959678 radians
{237.40423572399942 , 737.3801484824412}

193
55.732060064434044 | -1.9641353224285412 radians
{679.7651829758504 , 579.9891343173791}

194
39.618398259518614 | -2.6076913698355066 radians
{798.5862452290976 , 611.6546620026055}

195
21.499348762818894 | 1.097050267202481 radians
{465.9693280607169 , 630.7412556806544}

196
112.78018847766415 | 1.5899989314981513 radians
{309.5448391778144 , 714.0480878552746}

197
101.67944341891001 | -0.07423505750695168 radians
{78.24975095678964 , 693.4089431693277}

198
47.381742959481066 | 0.7642572997167609 radians
{370.7596285621434 , 607.0792953326261}

199
50.83180697838313 | -0.4933761647117907 radians
{721.9601133265055 , 348.8643909586653}

200
5.5709919861822685 | -1.2165703448109049 radians
{927.0275931851611 , 145.8679360130838}

201
67.24305586500134 | 1.5542194232972892 radians
{939.4094718880683 , 362.8338155143192}

202
12.555760371125773 | 2.394447810882939 radians
{710.4640082707211 , 579.3732599659363}

203
73.78927712882253 | -2.702620450884815 radians
{830.4135212599022 , 222.4766875981858}

204
36.69567887241039 | -0.1949376892050595 radians
{250.14635973629666 , 261.88936443062994}

205
97.85480855541098 | 1.1940481473267512 radians
{610.1528919839543 , 681.3078511538253}

206
105.67733267730952 | 2.7903285415046843 radians
{897.8503224335218 , 727.4650560380134}

207
47.32861822926884 | -0.5117295808168945 radians
{400.44737336890375 , 644.2638662733502}

208
22.89669607123196 | -0.07114465335273328 radians
{808.5233746004005 , 683.5580013543533}

209
61.809969470606696 | -2.644369590104925 radians
{890.4476056428434 , 627.3517340521391}

210
91.82865804347522 | -2.427012620044877 radians
{198.80501679641947 , 721.7031052538132}

211
69.78576506001572 | -0.26705016262469206 radians
{462.30999888000815 , 180.8893152135458}

212
89.42856906238339 | 2.503355119528065 radians
{760.4978414110833 , 298.38636534499165}

213
13.975927704484208 | -1.850602031090767 radians
{530.473270635193 , 239.03083793023126}

214
31.90585377638267 | -2.8917139787280397 radians
{470.42138823790015 , 554.2481001604925}

215
49.995725697093974 | -2.2374397940715585 radians
{161.27203305792645 , 629.7623245631003}

216
39.63754998199211 | -1.869856339428004 radians
{112.5281044000879 , 486.24649983148686}

217
62.04541210605068 | -0.40515910222747104 radians
{135.7888442196411 , 279.58772247548006}

218
56.425735038946115 | 0.354059326372713 radians
{695.198293287003 , 372.17346776243045}

219
42.5357582668081 | 1.7574301506265468 radians
{834.8195019784825 , 469.5747899754466}

220
39.158497582406774 | 1.844032531745844 radians
{938.8908950259757 , 657.4137559766866}

221
15.914515817495145 | -0.06815134115719268 radians
{848.0845021063508 , 399.6225496666939}

222
51.11148278643674 | -2.5597573419340556 radians
{949.7662111005393 , 759.1822944015819}

223
80.49563424353417 | -0.2773255022726661 radians
{839.5643893105394 , 252.18088610786043}

224
82.14297097031702 | 3.026158888844476 radians
{315.15357758958265 , 510.3468057113331}

225
24.947714576254278 | 1.6362234505582487 radians
{185.44170612477265 , 381.62570804438735}

226
114.82882785457308 | 0.9564735725389182 radians
{80.12529156790504 , 549.7229304342605}

227
23.260068408443615 | 0.9332363170940068 radians
{292.76448585109307 , 681.9750445623592}

228
65.40845878356356 | 2.5973129475332914 radians
{173.95396674220436 , 734.7924742929999}

229
56.70676453687388 | 0.14469616073778363 radians
{461.3995979216837 , 644.7908684668616}

230
58.892382481099446 | -0.5724665745937259 radians
{803.7029189499123 , 316.5971082196513}

231
71.74526417587626 | -1.177458285140298 radians
{713.9540940137828 , 443.8169390635086}

232
41.45046269030903 | 2.296144486952884 radians
{941.0849407059438 , 270.97144417488255}

233
9.330897934168233 | -0.11694789887603566 radians
{918.7229081697969 , 648.5055643544903}

234
47.53002404684025 | -1.8090138225193166 radians
{699.2193410506186 , 668.6247064877344}

235
40.18829288744545 | 0.7852037438303682 radians
{807.0844555040769 , 722.0998462695928}

236
70.45648524511837 | -1.9876380059452565 radians
{956.8684897446607 , 472.33262720878236}

