0
100.0470578626201 | -0.123205481691179 radians
{406.76429593740863 , 543.5026613082268}

1
11.910973423732836 | 0.30991109548629997 radians
{626.5953117538496 , 149.36614356258545}

2
174.44853386818414 | -2.379640966126896 radians
{542.7764105162129 , 691.5347391956203}

3
88.42626266470752 | 3.0346267691499738 radians
{878.7523893009645 , 684.7648401561182}

4
173.84553980309877 | -0.31570826492392307 radians
{425.362675704584 , 658.5554244502345}

5
81.0930079402791 | -2.1151945255570643 radians
{555.3400075995228 , 725.5732457359037}

6
162.65434381741002 | 0.9463959296459437 radians
{97.31712820902949 , 261.8651387961444}

7
76.65863809050083 | -1.8536892813822716 radians
{526.7281042513284 , 501.31958430298243}

8
93.39140308867528 | 1.8866374821436283 radians
{270.8544775782354 , 553.5383889246857}

9
102.56224373026399 | 0.315586890442404 radians
{445.0129325174228 , 200.69633205539665}

10
92.7136505044536 | 0.7181115289914485 radians
{852.6649805896832 , 380.7490513098724}

11
133.8657799787626 | 0.7570133315178298 radians
{884.1484564608579 , 771.2217691738737}

12
142.7787652386474 | 1.776148599899136 radians
{597.631656939423 , 619.6806223399859}

13
89.92235077923077 | 0.7886024569543391 radians
{26.0 , 336.1759586727991}

14
47.342518998352894 | 1.9566405334780697 radians
{249.55561924028262 , 679.1352853919897}

15
48.49979529111557 | 1.0756627940881438 radians
{264.25311464254185 , 570.8745004067163}

16
86.43663210406297 | 2.805123712515931 radians
{466.79050218120096 , 483.0197633034602}

17
132.70045749201043 | 2.6315534565582253 radians
{168.9018090430112 , 623.0806857925251}

18
51.55612077664301 | -1.9042519733235383 radians
{494.2960597661928 , 49.34778220152207}

19
137.45394286691655 | -1.366305255045248 radians
{617.7360773212124 , 446.34090245088765}

20
130.9943683293414 | -1.8509009414241755 radians
{453.66584248426153 , 676.8241408317049}

21
171.8456521327939 | 0.9285550878356601 radians
{77.46705348659103 , 201.43633594334486}

22
182.50038562420787 | -2.659172993765783 radians
{435.0915825237047 , 67.68104151662398}

23
33.77363654438205 | 1.2604372449060617 radians
{151.27428025762222 , 127.0401785118375}

24
97.81949564885048 | 0.5343864215971509 radians
{938.2144243292571 , 136.1083772440245}

25
146.6344409848063 | 0.23027567895315956 radians
{312.5511779796323 , 388.9544671080029}

26
61.20270663866337 | -2.8579835345269933 radians
{427.2683670599173 , 550.633195642175}

27
175.961376393945 | -0.46855712516943776 radians
{620.0090783837389 , 489.62045546382967}

28
137.4305452902234 | -2.122176930673933 radians
{489.74286218092664 , 232.33878671142816}

29
152.82238375947952 | -1.0802570342649185 radians
{277.98207280856195 , 471.8746791110351}

30
65.52547237937843 | 1.210764053900778 radians
{733.963755955534 , 281.48801509527004}

31
62.798456304518155 | 1.0930058262537587 radians
{837.5745313197888 , 242.1559906934459}

32
141.88012129423328 | 1.050413751235345 radians
{935.2763928216301 , 632.4595713962126}

33
165.26323893725706 | -2.901190357273607 radians
{974.0 , 452.485864242048}

34
139.46624572722013 | -0.39579437117522476 radians
{801.7035522802325 , 443.46253139821397}

35
79.41052697603192 | -2.962868255387 radians
{385.1591538394184 , 222.57422256445082}

36
80.90174377555539 | 0.26717298233700565 radians
{364.1362347367899 , 58.9849805254511}

37
147.00215376051003 | 3.064307910183464 radians
{185.28157466824678 , 302.64204029205797}

38
179.6818028599584 | -1.0529685582210668 radians
{467.85076275116614 , 498.55634003278186}

39
209.27889765434188 | -0.5068769318337235 radians
{710.1692875044279 , 410.7452107505527}

40
50.615407075136424 | -3.042389152457173 radians
{205.98422499038037 , 423.2474947111876}

41
89.36063971312605 | -0.972019677707469 radians
{344.9881480172336 , 702.2154302656527}

42
51.09474378916381 | 1.2306328220612672 radians
{593.4476694773017 , 637.2787252153317}

43
1.6137107151769448 | -0.04039763987798177 radians
{654.4871628222683 , 452.251925978917}

44
65.9109797150672 | -0.6779228077035956 radians
{478.4247906976804 , 544.3981797069167}

45
108.39432860096346 | -1.5670696702798061 radians
{370.04930606363155 , 216.30829513251578}

46
55.72676503611884 | 2.9161420011662544 radians
{847.8130701008524 , 514.2424214098188}

47
72.96837004045652 | -2.1238737163915795 radians
{342.435024399689 , 656.8922334975742}

48
258.9727988719515 | -2.1196370046494515 radians
{73.97842615962638 , 689.6880762887871}

49
60.62137172532153 | 1.7259445130784805 radians
{238.66996765732398 , 532.9807844721913}

50
102.83934920713529 | -0.5962113762422278 radians
{570.3822590019307 , 579.1033621564147}

51
52.08681661688127 | -2.111402199812236 radians
{678.7244321351534 , 198.83313155354904}

52
136.24804118409077 | 1.6268517012242414 radians
{199.48741001481108 , 380.2602483724499}

53
175.68328853630305 | -1.8090843539894987 radians
{438.60607275319035 , 332.7822979465712}

54
40.972923055680376 | -1.5867820947898583 radians
{522.371131786224 , 484.4213432761269}

55
146.7342785329628 | -3.0652545167177734 radians
{375.33385993401686 , 622.0920090518083}

56
110.93448488608719 | 0.8821789961752009 radians
{886.3553435110138 , 269.9500484579088}

57
90.87437532241509 | 1.6088709224213094 radians
{900.869476500519 , 144.80133252038985}

58
29.549639310142148 | -0.35132414088612923 radians
{628.021454316786 , 587.0209529706734}

59
128.66386051564064 | -1.0384691023543888 radians
{758.442389405274 , 745.9783333992173}

60
30.793832230155285 | 1.2485326426677137 radians
{786.8376321055831 , 492.14561859656845}

61
137.24830341246812 | -0.2953338086067441 radians
{725.9265662388293 , 683.3717748937454}

62
51.6181814919814 | 0.9642559941842923 radians
{598.0943016742013 , 634.0521478322642}

63
104.1609557077761 | 2.967448054304593 radians
{479.2392630635394 , 394.0520653579336}

64
168.13733249939864 | -2.7586017943251573 radians
{262.2091627465318 , 464.8740579030264}

65
93.97748262977397 | 1.8356284881366234 radians
{89.26239682299644 , 709.7318606288973}

66
104.63536301820122 | 0.9405141221900218 radians
{328.92391472860305 , 587.4808019439988}

67
66.72076602099808 | -0.3916291600987212 radians
{945.6162454135468 , 256.3442792364566}

68
117.36864012073517 | -0.900836923071801 radians
{670.1592221626953 , 345.6786341071512}

69
90.36481102857474 | -0.49467561924813097 radians
{138.67051240979728 , 179.34026958509716}

70
96.81095291884849 | 0.6067247170605576 radians
{933.9917764789527 , 240.83677992278749}

71
55.98558457557138 | -1.2934269509989362 radians
{547.1988870580869 , 750.7127020226553}

72
133.31463007734396 | -0.13118325542814374 radians
{817.7636692514334 , 706.0328086429421}

73
130.93891601478933 | 2.337578023154675 radians
{724.167467574084 , 515.502109896622}

74
138.89196842172353 | -0.6515628810156159 radians
{940.1957165712103 , 207.57408838117325}

75
81.1495438558716 | 2.6038870785671078 radians
{43.29162691870762 , 700.1388071822935}

76
186.8221808827844 | 0.3164999058336341 radians
{129.56665542733649 , 759.1383560513999}

77
185.40096143222596 | -2.9881976427866617 radians
{40.89176493716772 , 614.1700421908413}

78
130.48349400799464 | 0.6441624927300666 radians
{914.1089770891653 , 116.28483628269727}

79
113.98841830175802 | -0.5227458907522841 radians
{939.5121876690965 , 188.12336203532192}

80
117.43952791697245 | 2.5699062721493697 radians
{27.497870749266063 , 224.3950300258019}

81
121.23149985152187 | 0.3113401502521365 radians
{856.0939011013205 , 34.97778922928079}

82
107.66889929386225 | -3.0179653618791717 radians
{739.143145814683 , 722.2356208006314}

83
59.81330723692802 | 1.5838161954990289 radians
{743.828268606403 , 536.7228018372848}

84
167.675934518491 | 0.7633258792506031 radians
{450.03442630176545 , 398.55290243432813}

85
80.01267861563461 | -2.286623463508645 radians
{211.76635820182193 , 121.75921536557304}

86
79.59996154020176 | -0.6950703732709025 radians
{358.74096587496666 , 371.342111090687}

87
95.70468792419173 | 1.0762458310947656 radians
{873.5405998148979 , 588.5400640712234}

88
54.39364071970839 | -2.537704932118856 radians
{918.0334168581853 , 771.3919992662862}

89
80.97192076803812 | 0.4021502789435967 radians
{548.0678706048957 , 753.5667199802232}

90
63.03820706931481 | -2.478628014620106 radians
{318.57051697975425 , 179.73529581358727}

91
112.3865498846876 | 0.03390587796136046 radians
{577.8817087403564 , 353.675731301975}

92
184.74715417596374 | -0.8140824608041409 radians
{607.0105120918429 , 468.4725116659944}

93
146.09852077663808 | -1.4484061057681226 radians
{141.83568108901372 , 581.8033421066925}

94
203.63611040428472 | 2.4024272946863436 radians
{610.3075765391096 , 598.7844585709487}

95
14.91237027295949 | -2.2801216438861123 radians
{575.522039341415 , 587.1668503735933}

96
75.2300495853915 | -2.3552092502512734 radians
{386.7949148798012 , 677.3940045896351}

97
162.5426766225556 | -0.0641242806924565 radians
{602.7119482433563 , 227.53950185245202}

98
188.3661926891298 | 0.5792919729256899 radians
{319.78169380794117 , 620.6949662575599}

99
143.85082487714823 | -2.2087248811310913 radians
{767.5392754055165 , 260.5522471473259}

100
62.519546317652505 | 2.645739240889399 radians
{845.6902819138127 , 329.76444580925863}

101
263.76686504379506 | -2.98411538386435 radians
{285.7850325013642 , 364.3949353819082}

102
97.6002499526909 | 0.7234092899816958 radians
{849.2759644346145 , 446.4229193330236}

103
31.75002554726382 | -2.652142042320331 radians
{819.6120920867215 , 575.5304294087645}

104
51.31153560788028 | -2.1890048712737427 radians
{521.409261779585 , 655.0853704283106}

105
31.96468874989386 | 2.682077031217121 radians
{155.5777380687285 , 239.24595751651907}

106
6.443910168084198 | 2.059661620937704 radians
{37.4717871943326 , 598.7191863263066}

107
14.449891078827136 | -1.3598059769229924 radians
{43.65293499631433 , 611.0912245276407}

108
23.537035913022606 | -1.1754477314947853 radians
{122.0593864759928 , 745.0639399215029}

109
164.11412229477975 | 2.621578259513978 radians
{54.60609200984284 , 640.16410205083}

110
199.9298366150412 | 1.6429805318958233 radians
{926.6869534284854 , 434.2392490581896}

111
130.49427944285608 | 2.9675642833577327 radians
{115.70999209265344 , 34.56312486816321}

112
110.00424627073856 | -2.626723831172088 radians
{942.0856661832258 , 25.296431793207528}

113
117.3307424984624 | 1.794801504861036 radians
{48.838652915435155 , 548.5264578190078}

114
138.0761452149226 | 2.8851574007146654 radians
{628.9671800141188 , 63.974404823839436}

115
171.32913371008416 | 2.5423293929276176 radians
{596.7326147015083 , 635.2123958584519}

116
112.70226644006705 | -2.5901044973756875 radians
{76.19118948964255 , 560.0414875792451}

117
34.18400571930996 | 0.21732830363353908 radians
{462.1378928446414 , 709.341704448217}

118
97.80548021753557 | -1.3550343785682923 radians
{941.7746049451154 , 673.5572815684164}

119
20.594068634409727 | -1.8339981287196532 radians
{939.6193124375809 , 600.8928328907921}

120
191.1205049689134 | 1.661551310224298 radians
{885.9524134444018 , 685.9476336336716}

121
74.73214927741925 | -1.6398319539919655 radians
{624.7805548762667 , 240.95378777147076}

122
112.6622678431308 | 0.41974352996950365 radians
{384.57441384134205 , 758.2491920052158}

123
124.60700863709012 | -2.370772335636307 radians
{899.5120718270916 , 453.75734502197025}

124
39.47079875717563 | -3.139597783931013 radians
{500.70592150024004 , 49.753504703557894}

125
105.6697939506918 | 1.953606687860834 radians
{105.99871929941946 , 539.4661142373108}

126
74.06704892178828 | -0.25490043349999947 radians
{661.7744492422797 , 271.0813116814657}

127
96.04761527072223 | 2.4971459715881994 radians
{698.8588890630676 , 475.4275041423048}

128
148.20350692387126 | 0.885056632456056 radians
{605.7047870140451 , 645.4115528915519}

129
44.60955850012523 | -1.324448073688289 radians
{827.109744321727 , 449.07263749564106}

130
75.71731188310622 | -2.5310475191415867 radians
{974.0 , 657.7377242194568}

131
49.800168332213374 | -1.6535515772968725 radians
{720.3603732818137 , 643.4426485960097}

132
101.52166373848627 | -2.153634079858919 radians
{592.2287274249604 , 722.8871047862917}

133
190.4234122862269 | -0.7399867096226714 radians
{61.155852323533544 , 538.5085252007709}

134
124.99742735125407 | -0.27762064119328006 radians
{939.97071062272 , 656.0706267184966}

135
56.67820593097174 | 2.1122307193077976 radians
{696.2675302720454 , 769.1669741384536}

136
189.72347586370924 | 2.310754433530979 radians
{365.21000995389556 , 37.64178591559002}

137
77.10203971835747 | -2.2949956978527233 radians
{112.31210821900277 , 210.3813374215788}

138
64.59210688991134 | 0.658594491723664 radians
{447.43370962768887 , 116.6194714800716}

139
116.61449564622923 | -2.6375983303784465 radians
{739.8218724642667 , 577.3156347223487}

140
116.54482208649245 | -2.471521108275907 radians
{715.1886610974602 , 749.3285877059722}

141
31.20472029126551 | -1.0229387954495304 radians
{241.7257294074382 , 507.6552915135754}

142
13.9292444012617 | -1.774197061564108 radians
{289.84946009563254 , 220.97073321137145}

143
68.7042602109717 | -0.3602756920172296 radians
{346.2390980474009 , 438.8364803127867}

144
81.29725987778134 | 1.519940107742767 radians
{800.2373698166962 , 764.330399076739}

145
123.80828147043147 | -0.430306195384288 radians
{910.6047932500056 , 397.15296617955465}

146
60.32245346930113 | -0.966945388400195 radians
{671.4453124705537 , 769.828042912792}

147
55.18943819345989 | 2.1597027316176773 radians
{497.7164483058482 , 741.0541621078792}

148
88.38248412637475 | -1.1669523216757205 radians
{49.15361944740665 , 688.0947444792267}

149
126.7990439382951 | -0.42478382985937424 radians
{660.1219446640637 , 141.45412930314978}

150
45.80438792635371 | -0.6858287795081323 radians
{408.2379770051162 , 419.44446576639854}

151
131.81496035746954 | -2.8341771273494496 radians
{637.2977576438672 , 371.6178808003923}

152
63.5996572442696 | 0.5207314681015864 radians
{589.4120287073023 , 431.6131618319512}

153
124.95674026963368 | -2.633781347307719 radians
{846.6133466242081 , 553.4470199328513}

154
83.9440377605407 | 0.8362352360487895 radians
{883.0539803264304 , 525.5802794668541}

155
116.12611074738275 | 1.2725583084359529 radians
{734.8205258310771 , 763.3451184280528}

156
72.6036016532755 | -2.6544491089607116 radians
{400.93162246462003 , 317.96069762627496}

157
31.614887362979346 | -0.005490248246778449 radians
{184.9763859595786 , 264.2218677287774}

158
35.460840769171995 | -0.7251453642078507 radians
{236.71582546427624 , 70.491320631866}

159
114.88055637124863 | -0.6201163206030278 radians
{371.6096456472509 , 282.42834224652955}

160
98.34717521707539 | 2.826032145071028 radians
{646.781342749302 , 102.46191324519363}

161
138.54224074765403 | 1.1417795864420635 radians
{83.63036513584478 , 516.8342340840044}

162
91.383693272208 | -0.6223789060041184 radians
{341.55695718972294 , 427.0613035423355}

163
93.37353054567421 | 2.933066342661634 radians
{928.3246074310523 , 728.8891253791674}

164
70.23382175210244 | 3.071443151007234 radians
{375.39717416458336 , 407.40205310758165}

165
63.11327929349553 | 0.2974677303212769 radians
{373.48072760256895 , 634.5973297181768}

166
130.64947101711877 | -0.19116798463097895 radians
{528.6689758771544 , 650.1136371451556}

167
106.08985252671877 | 0.24975893280739173 radians
{880.434140948288 , 451.778134633801}

168
157.05196869947451 | 1.4880515519565476 radians
{856.6818356148497 , 177.60963170506807}

169
159.17696631003565 | 1.5601272466703853 radians
{903.584318566224 , 577.8112905864128}

170
48.40210428123431 | 2.0719986609496925 radians
{185.06212295331858 , 665.4168658908549}

171
107.80798763385646 | -1.5635215111721206 radians
{448.69010756149044 , 537.88880204273}

172
63.63831814312377 | 1.954707885659089 radians
{426.1268125622656 , 164.3371486865073}

173
42.752949370350734 | 1.3318958506715513 radians
{363.84013648438525 , 647.1917944323955}

174
13.865366447193258 | 0.7529908766126365 radians
{465.0083532014955 , 563.8295980435673}

175
112.16351583960049 | -0.7694795796646606 radians
{935.319825614733 , 300.58633503383896}

176
88.05069616334404 | 1.6613927215191957 radians
{855.8531723343525 , 351.17631703708605}

177
106.77534506317406 | -0.7899850824150436 radians
{74.78056429627429 , 499.71255434796956}

178
113.56736171274633 | 0.38572274644940985 radians
{271.52079837492846 , 66.53136877202252}

179
113.24580430477104 | -2.617622122984572 radians
{892.2894276866227 , 712.5718923559908}

180
56.24362256554654 | -2.702729238866213 radians
{128.36080217484724 , 172.55644853275084}

181
111.03983512723381 | 1.5576077026151542 radians
{379.6919992550455 , 460.3782003797846}

182
112.12630082932087 | -0.6113691348266462 radians
{712.7564942152002 , 513.0232839097979}

183
17.636940519512738 | -3.104819454813341 radians
{748.2038542866862 , 606.259194322897}

184
25.739412081064923 | -2.2726685900868833 radians
{577.1942870264105 , 586.2239627274708}

185
48.70311955636948 | 0.3213119160779357 radians
{955.8744705556516 , 333.096140514641}

186
64.98303649329354 | 2.5355396652760094 radians
{459.99526296598196 , 259.4574953779421}

187
57.635267197922616 | 2.385023287859905 radians
{429.20417813181086 , 707.1530442679702}

188
43.03883876996391 | 0.403688205213613 radians
{408.569134506691 , 444.7865646411293}

189
48.67416199774509 | -2.478078241207989 radians
{245.02687997989233 , 63.03700287242306}

190
99.13721918049897 | 1.1426758734243552 radians
{197.51730744248678 , 454.2141270605783}

191
94.48777670746604 | 3.016873516430779 radians
{28.08864764473953 , 438.76299954234673}

192
48.39415494388321 | -2.363003457204544 radians
{400.5487374442261 , 687.2425697311511}

193
121.4195921888242 | -1.4102817874991307 radians
{478.5899345603639 , 455.6947557819799}

194
162.75386870884077 | 0.7235642390655436 radians
{861.2069924026464 , 619.710490839353}

195
65.0424503253566 | 1.6415188669535818 radians
{745.6886033154419 , 95.01691699682209}

196
92.4062930135726 | -1.2605075376951542 radians
{697.2485531229244 , 482.3341454255316}

197
29.70451504766931 | 2.8235432397619262 radians
{971.6487707935981 , 92.83131580018664}

198
175.34984789173336 | 2.884870731941384 radians
{329.670028446145 , 519.8003343359712}

199
75.10915299611017 | 0.17521250533680002 radians
{426.6123097344431 , 501.7570645777995}

200
80.53422032229085 | -2.274164522180458 radians
{451.23810446513994 , 407.04291554125024}

201
63.239966113974354 | 0.6029469079282427 radians
{117.15529803688422 , 281.903561578043}

202
192.32740709120924 | 1.0747594745488374 radians
{776.6055763601454 , 163.54981736841594}

203
103.20267665957186 | 1.9892823949007172 radians
{401.4859374289457 , 702.142965810079}

204
100.34530448327334 | 0.7741148263199683 radians
{528.6262122549484 , 590.1745328626846}

205
97.59656198203243 | 0.5807394846654991 radians
{304.6306752000029 , 664.6983183556601}

206
103.88521416588875 | -2.284139457777695 radians
{394.2454324302366 , 386.91509868391313}

207
93.83210949286621 | 2.1760543563912353 radians
{350.4332911378504 , 722.1409070364372}

208
54.615037959070925 | 0.7667192054512894 radians
{448.9822450110596 , 721.0661394483873}

209
43.34476702572528 | -1.266604509555291 radians
{612.3163567523521 , 770.5197058456656}

210
106.93893184505822 | -2.9228034959823073 radians
{389.51606367917316 , 742.6981640378401}

211
62.53863298536368 | -2.934017371987288 radians
{692.4477903431153 , 730.740791869858}

212
115.86110659225174 | -2.579507815353889 radians
{654.3875281733773 , 490.28041225817685}

213
159.76888840159438 | -0.09808974755203027 radians
{370.5019249224902 , 332.2985691006675}

214
51.00192443187866 | 2.734851069395262 radians
{923.2556683172833 , 152.22746658730873}

215
21.617306329526816 | 2.2702406778032724 radians
{723.1316205191064 , 327.4186654544664}

216
90.80497352626699 | 2.1522311895057493 radians
{749.574952579753 , 612.714864734567}

217
136.39057222622617 | -0.3070394923457925 radians
{870.0915350639532 , 645.7326329415819}

218
113.7294421008633 | 1.0842740760329417 radians
{695.9077460906019 , 655.3855747659692}

219
87.61159402556127 | -2.7763046742489785 radians
{871.7111720110497 , 734.3389352360709}

220
83.66030544650651 | -2.9320919436568302 radians
{53.400548099451115 , 699.8463409293947}

221
15.30220761811216 | -1.9135286054875498 radians
{198.0579605878201 , 631.6844113856705}

222
117.00473472460422 | -0.11617593681841777 radians
{219.0468717657475 , 668.5144808617697}

223
62.82739321433048 | 1.516965364310939 radians
{245.12335066205964 , 755.1485701341135}

224
132.37862402406876 | -1.3885726731822456 radians
{130.6488709096596 , 752.1659412571473}

225
100.08494680098379 | -2.09863493406844 radians
{532.1081097172084 , 721.8940962743974}

226
66.18360190294247 | 1.6370072445867736 radians
{790.1765089879475 , 36.870180703690906}

227
72.81242516578094 | 2.1316810691565227 radians
{877.1711987110577 , 422.3969543133654}

228
61.56148497882983 | -2.2512578478708107 radians
{489.8559935552887 , 345.34125473519333}

229
94.84339198112566 | 1.2456485490562599 radians
{540.179746052304 , 608.7054622104666}

230
26.499287608047005 | 0.4773177071664073 radians
{574.641165186056 , 689.9630625271017}

231
67.5671171760553 | -3.094251574511468 radians
{385.943153389692 , 712.2950847100647}

232
85.3095750249463 | -2.91417050273743 radians
{223.87876199570425 , 634.3266819577692}

233
84.8101094012899 | 0.020493691990702927 radians
{596.8639805894024 , 712.1269471452899}

234
118.1958007483733 | -2.8598509289541907 radians
{180.5901272102202 , 520.3440115066198}

235
74.14621118803203 | 2.5745133529239173 radians
{607.6209418533527 , 637.085636658478}

236
70.15240748974664 | -1.7830045784462152 radians
{775.4809148209762 , 98.41036859698511}

