0
191.99333812371458 | -1.768932473338357 radians
{129.98862796433215 , 726.6341824262732}

1
236.32489815894306 | -1.8807681705250394 radians
{64.02626736399952 , 425.37050445605854}

2
118.3226875653299 | 1.0367522197984824 radians
{56.11421739711615 , 231.75462058616225}

3
133.3110211005816 | 1.215703069727064 radians
{238.434215201655 , 433.0685245044501}

4
150.26537636589686 | -1.2924749817151375 radians
{637.8086639960615 , 467.570938494819}

5
158.83972222236406 | -1.833726464743212 radians
{901.7526378287242 , 615.7141941220374}

6
166.44784503041888 | 1.0302930302306617 radians
{650.5029934301147 , 754.4846691455596}

7
82.2416124655978 | -0.7723820144083774 radians
{481.30642930394765 , 586.0753035435861}

8
85.0750308943089 | 3.0707599840855804 radians
{641.6250160221588 , 345.9609880810529}

9
191.66356446478073 | 0.5150354113513017 radians
{779.5866603889694 , 748.452057638717}

10
118.37396989173892 | -1.6625895763772016 radians
{792.1301056524137 , 664.6238892417365}

11
87.01028999480214 | 1.6135018457888264 radians
{787.2884819588976 , 81.77397270036305}

12
151.87796840811228 | -2.1183400821439724 radians
{789.5117298531782 , 58.14165886392705}

13
98.2039067934645 | -0.545827768881193 radians
{908.5501561458923 , 97.95932140903977}

14
117.64810985074362 | -2.9573043051994246 radians
{171.3626535489906 , 546.5741554235015}

15
111.77608694589442 | 0.6737596949332351 radians
{606.0514376109235 , 711.7944319985113}

16
56.91311080261092 | -2.6223893369343094 radians
{712.3148772152767 , 620.2555112550232}

17
176.11861306884228 | -2.2159021391919156 radians
{270.10171792671076 , 176.06210783489573}

18
98.88056672483029 | -0.9484375287811817 radians
{203.73182600935877 , 136.21746538246566}

19
128.23077703732739 | -1.4248306779439102 radians
{438.4277397946796 , 172.44735623148244}

20
136.6495803989191 | -1.8254826610730774 radians
{654.6691615217845 , 588.9578818214226}

21
130.66301064828292 | 1.8374294785422796 radians
{310.39164863802574 , 507.39389244693945}

22
48.68972362785718 | -2.5234828895205803 radians
{101.70813426004973 , 242.1820128232321}

23
164.120650251366 | -1.3167208017754315 radians
{558.3961040020773 , 426.0763354718634}

24
62.69117956283102 | -2.678640554232036 radians
{618.7329192579255 , 394.3314046003672}

25
117.24005791944076 | -1.9948727390039804 radians
{93.09013420676229 , 756.0546108393827}

26
78.55453373531715 | 0.39138256891640494 radians
{774.5333953235624 , 618.8852534962241}

27
78.69661310031975 | -2.1439113089150337 radians
{861.6827216142286 , 768.4557583772855}

28
56.84881402231008 | -0.947428707943895 radians
{811.7117458624937 , 713.474469066766}

29
60.95266918485012 | 2.146551201815763 radians
{808.0660737004737 , 738.3217039247614}

30
124.13646884856472 | 2.729949260893707 radians
{594.7777717699946 , 769.7482289319211}

31
128.29431750576208 | -2.7533539270965344 radians
{219.74651154886584 , 396.9096208360153}

32
101.79889242047378 | -0.5693458195137797 radians
{479.36082525113267 , 362.5512099715844}

33
10.436411716857988 | -1.4477625819422302 radians
{783.6379796778778 , 197.44946552079267}

34
109.42268808342929 | -2.4400898798713513 radians
{110.19521513063529 , 137.1814066061301}

35
182.49387713015562 | -0.8253504756616664 radians
{211.67825371675565 , 705.7268176199393}

36
77.4828045632915 | 2.2072015395434263 radians
{568.7010026248659 , 686.1449617596172}

37
125.22977877240828 | -0.731563378919213 radians
{156.56773129788178 , 460.3917286142486}

38
94.17811212697073 | 2.996412915084224 radians
{865.281424110615 , 113.360716833556}

39
44.0078829729778 | 1.8973811215918726 radians
{696.9955222573456 , 270.57986876814033}

40
117.42559622416785 | -2.251817707205422 radians
{757.7586425162544 , 381.57250764997417}

41
150.11253087416864 | 2.228396945060615 radians
{305.87808671207443 , 323.2470468657683}

42
186.9346866142216 | 0.8318550027284883 radians
{659.5996239585394 , 222.23188248070568}

43
81.6223099305236 | -0.7745535768662828 radians
{817.1139851349137 , 296.4131564518157}

44
70.8453949491901 | 2.538274834499904 radians
{551.0481546423525 , 210.1222360614471}

45
112.19108990999268 | -1.0099629577027485 radians
{90.6463493513953 , 192.25030340984142}

46
153.2664244255854 | -0.16069539968075314 radians
{672.4342208501413 , 26.53692137677441}

47
79.51845817451476 | 0.12561669460083458 radians
{239.27820062750934 , 274.51492773675096}

48
114.5932660314209 | -0.5065456260611088 radians
{683.7564731388795 , 457.77403399921843}

49
148.60206361930602 | 1.8428847931358756 radians
{523.0226776415576 , 323.22275353056676}

50
129.5211799736895 | 0.11503342799247217 radians
{308.13793015327053 , 140.69967733852755}

51
45.703558529875245 | 2.7659262510378486 radians
{927.9406267184241 , 139.33189826725737}

52
94.04755243254463 | 1.2553739140148563 radians
{603.4666307667453 , 725.7152689503542}

53
103.39072796274259 | -2.415061897815061 radians
{453.8877591890679 , 201.75330057384426}

54
154.2913677932359 | -3.0940628678538586 radians
{794.1966906649329 , 253.34082466948388}

55
55.72780136256489 | 2.537068372577222 radians
{271.3094088403136 , 210.60989313092801}

56
166.60344817728108 | -2.945867918308812 radians
{584.4910397681994 , 520.3101626858335}

57
150.29834753052486 | -1.7279670363286774 radians
{424.59677426166655 , 165.9729443338826}

58
143.72610731819327 | -1.735218064891057 radians
{189.34315761254658 , 67.48164231728626}

59
138.0423353308722 | 0.7191803280555499 radians
{239.31764747591384 , 371.47419155389554}

60
131.76941009576277 | -0.7204545771321331 radians
{673.090346748068 , 222.14279766412682}

61
157.9287779336851 | -3.078395257920015 radians
{960.8655411535158 , 488.6515207649257}

62
94.15640542816648 | -1.8893669419884194 radians
{473.7912772370099 , 558.6207049627886}

63
58.02273760465613 | -0.5114772652916331 radians
{144.05996118461601 , 220.4542253606456}

64
57.28024802960014 | -0.8240567636269087 radians
{536.6923627322396 , 397.1300796282381}

65
115.98917688115411 | 1.2075990605029339 radians
{795.4328003472848 , 581.6843804475054}

66
31.274790083194095 | -1.2342088930795638 radians
{851.6384958762872 , 268.646759497384}

67
83.83781365588382 | 1.69261192157082 radians
{839.5886949650157 , 547.8429820437632}

68
146.49529776941168 | -0.515536376647281 radians
{959.3973440836668 , 299.5100508706159}

69
94.25044778539657 | 2.2211040319314073 radians
{679.1787648973525 , 477.044043936796}

70
84.84290728558224 | 1.6278199028713627 radians
{174.0144441213452 , 721.422811187682}

71
49.74852490193908 | -0.8006819720560451 radians
{342.9199125916959 , 604.716507718003}

72
42.326419183459834 | -0.7844487512118301 radians
{648.962862216103 , 387.8828277470575}

73
195.40308177506313 | 0.33620097106796926 radians
{102.85974937578116 , 255.63510524815035}

74
224.4018793345176 | 1.8610687200667655 radians
{113.36678322609596 , 688.2141318602812}

75
63.306288249715934 | -1.7397579087973942 radians
{384.74444114561084 , 758.0922371295865}

76
112.1495394536057 | 0.7611387764728144 radians
{608.9060915885398 , 636.055380668356}

77
24.02763724261413 | 0.4248189708143174 radians
{959.3367047023105 , 669.0676760042775}

78
94.695048627153 | -2.9635558317393347 radians
{554.6079696980569 , 573.3151766439969}

79
99.3167729282516 | 1.6972144949421906 radians
{401.42216095734113 , 271.6357200381648}

80
53.16297658994977 | 0.2360245153508481 radians
{370.699651413629 , 267.64919355084834}

81
141.16828793496427 | 1.3496447838373127 radians
{889.7497193906659 , 720.1397876498894}

82
36.68446907150778 | 1.8846721183390152 radians
{869.8404098044605 , 361.5475649717673}

83
154.53112614472636 | 2.6910897278332704 radians
{66.5695523231652 , 393.1639745075589}

84
124.66948295278522 | 3.020268370396485 radians
{705.8683557722791 , 317.17386376431506}

85
61.70564134892508 | -0.1507553259923581 radians
{341.8953276107779 , 564.7995580796033}

86
131.08647164730846 | -0.3297545469234522 radians
{108.68251691860709 , 442.9459280163817}

87
19.018020009478608 | 0.43594443118404586 radians
{27.43660798989107 , 402.7154879572277}

88
119.46378657956026 | -0.861423638470314 radians
{174.43223651395212 , 727.4509437163301}

89
62.87412252458671 | 0.3785299409842993 radians
{152.58358843786806 , 599.4553676473813}

90
54.411594328082465 | 1.2083586484680873 radians
{148.2318559745195 , 560.5448521803717}

91
71.07289471717935 | 0.17937390850359403 radians
{294.0748592275498 , 760.0655292698203}

92
251.55093085294683 | -2.544092302917159 radians
{571.4377146065366 , 774.0}

93
94.15373150574689 | -1.0398384367282059 radians
{582.6242687200738 , 493.2106572628005}

94
50.3180630387117 | 2.8160761686690248 radians
{890.5676225314173 , 170.37128738378826}

95
81.52748026374567 | -0.9645679895467146 radians
{800.6514098029467 , 203.06328817070585}

96
104.10859221493403 | 2.0332983371230116 radians
{687.5455561836125 , 419.4731876000164}

97
37.88804641167723 | -1.4206107665452534 radians
{174.97768372789957 , 532.3998934299343}

98
46.19159997363067 | 1.3471840227908278 radians
{234.721761049741 , 643.468567603579}

99
86.68274033664169 | -2.1459800980057864 radians
{265.67346805205136 , 736.4063379801186}

100
150.07390105033986 | 2.8752319532380737 radians
{636.1763154921673 , 711.4971363000991}

101
50.00971602440091 | -2.011764876914005 radians
{389.23049519039813 , 498.80769009188236}

102
142.1632271019823 | 2.6738429167729647 radians
{127.78469820390208 , 543.6226187901846}

103
129.43849306178032 | 1.6413384877642632 radians
{482.46162207317633 , 366.55894370260296}

104
133.87266432355722 | 1.92301053038972 radians
{818.9742008017322 , 758.5366065124424}

105
63.91091306156717 | 2.378374110991188 radians
{357.1443964795333 , 53.27231269365147}

106
148.94572686088753 | 0.7679118995358923 radians
{240.29200157810516 , 637.5872950721415}

107
50.661479113386896 | -3.066047782391737 radians
{731.3843952146299 , 738.3733235623804}

108
24.96985749008139 | 0.650733376232164 radians
{258.4359046877133 , 697.6868884237463}

109
90.54859385627535 | -0.10655399201088173 radians
{662.8167848495395 , 712.2524869111509}

110
53.45155593428197 | -2.4810627978657593 radians
{791.0945778860423 , 533.5445454254108}

111
20.5145166808709 | 0.6108809309959851 radians
{868.371392368365 , 647.9661888507427}

112
138.55931790040262 | -1.9207861787181038 radians
{330.3395448016253 , 266.46938486191965}

113
144.29898995617572 | 0.4471574652749112 radians
{639.6685035632061 , 495.6639932820516}

114
45.16459478979643 | 2.8352651891501712 radians
{293.16622717221605 , 637.1568496221882}

115
6.106064567055931 | 2.852817289265797 radians
{344.2033627102101 , 774.0346253258426}

116
10.558721171881633 | 1.6457137244271813 radians
{214.69898859296543 , 454.6877551857731}

117
98.61822069609816 | 1.0937289965177581 radians
{400.35034355404895 , 477.3577517411583}

118
75.73693488135245 | 2.239266288475947 radians
{832.8395416125436 , 686.9096696998156}

119
94.77632013210136 | -2.6198825193125805 radians
{161.13170760838136 , 613.1651775569838}

120
89.92906978803171 | -1.040604692801225 radians
{348.12883105831327 , 676.8105723019132}

121
135.22622221527615 | 2.0765165465136235 radians
{400.5194595668796 , 701.3445179000995}

122
62.65016569808466 | 0.6125921440985898 radians
{727.5906733427448 , 630.52409137634}

123
127.57822796424784 | 2.847348348268392 radians
{378.1878005830451 , 714.9851594179504}

124
55.21849556950975 | -1.660802122814194 radians
{64.44536205418845 , 674.6280480525144}

125
42.577790325343315 | 1.4539610743614255 radians
{35.926554045498676 , 613.5432199631329}

126
41.06692494159542 | 0.9160586996726684 radians
{44.755813319016205 , 565.9670133311722}

127
42.65467746366721 | 1.4477973656676857 radians
{222.15994171997264 , 626.3839000777051}

128
115.02571166429972 | 0.9344450596627238 radians
{923.0752966803997 , 153.7312436838137}

129
132.7747827843233 | -0.14559049622379272 radians
{135.47506680845947 , 132.4128174720242}

130
109.47384882450065 | -3.043020736370148 radians
{474.68051899726186 , 172.08136958932278}

131
164.6976249695713 | 0.2816341590706725 radians
{302.8656763185564 , 412.33680728786004}

132
118.35770568602854 | -3.0855019483216535 radians
{586.2107840849822 , 100.27275017842577}

133
159.3367776954229 | 0.9639813324100337 radians
{542.9272054095869 , 268.1602695250548}

134
110.75295656174966 | 0.16518278092465402 radians
{80.62271119491831 , 702.3522900830324}

135
58.26191137491563 | 1.5254195006005706 radians
{195.88873884959511 , 58.282068809084016}

136
161.95284126513818 | 2.5687952899691564 radians
{894.6064396024346 , 703.3873598225531}

137
54.97687742415192 | -2.860537996004583 radians
{596.33623331969 , 691.4185733901561}

138
53.53671666985815 | -1.1758664320373668 radians
{229.6465442726602 , 709.6721586880495}

139
155.09035852371906 | -0.6511722619162403 radians
{293.2687551940806 , 149.66502691979883}

140
101.04181454282029 | 2.163093032132679 radians
{555.0221315969685 , 491.84898833123304}

141
52.11103478775988 | -0.09014430436884166 radians
{30.324954258614202 , 635.9848253890872}

142
39.76393914928312 | 2.7947480977475667 radians
{309.2973051578727 , 707.1741554294986}

143
125.94017981623507 | 3.071580060952419 radians
{53.59223888057284 , 735.0922910093068}

144
60.863541484695034 | 2.8130315353363504 radians
{268.94363898460205 , 741.7748974126631}

145
58.30412004504937 | -0.787425017540591 radians
{104.85855215586403 , 570.6206207021368}

146
68.43433620679288 | -2.762721966869393 radians
{100.640249161496 , 348.26835260770486}

147
77.22322162163432 | -2.7389028046697055 radians
{363.49164640466233 , 412.93066663692673}

148
36.98223519459674 | -0.5947408758369646 radians
{319.9115789900491 , 354.17834842449054}

149
44.9291563246977 | 1.1128492645097174 radians
{622.0772373859875 , 622.621507487784}

150
44.42586575045726 | -0.21505647924131585 radians
{690.1881031408215 , 732.9596967447123}

151
51.278093621096254 | 2.5800108383255482 radians
{825.7081702954995 , 765.9005387549832}

152
22.776956171651953 | -2.9713359326738367 radians
{959.034912642599 , 720.1848344403234}

153
41.2778805714453 | -2.372119193315882 radians
{696.4798594707349 , 520.6034139623532}

154
120.51669173997396 | -0.34606210107016105 radians
{328.3251914210669 , 464.6986943691199}

155
110.66322541554237 | -0.3056367337344771 radians
{226.82606036119319 , 740.1222582634379}

156
127.76497829028686 | 0.7193648991530722 radians
{547.8251437537069 , 538.5465606500052}

157
102.4341003413126 | -2.7883085611165566 radians
{445.40639510337246 , 233.92690284093024}

158
128.29204428906894 | 3.0287459677868935 radians
{480.74473280523443 , 350.2879608172053}

159
36.35978708600354 | -1.848371746739143 radians
{125.66414587109415 , 543.1436203116756}

160
107.52908785846466 | 1.1452243637256283 radians
{319.60646202313376 , 34.12741992566266}

161
61.13859983795571 | 1.8002092113502144 radians
{675.7286468696691 , 485.0489379856854}

162
89.7576634019651 | -2.7299325344708887 radians
{399.4586384612771 , 682.5502975131511}

163
84.37111476093018 | -0.7965971367339705 radians
{212.79386510525214 , 742.6118719024983}

164
47.98042485614773 | -3.1378739562371933 radians
{184.4791605265879 , 592.5966916431962}

165
43.04261955697393 | -2.3189237102780336 radians
{245.08495188781066 , 618.8951467491073}

166
43.03058214270337 | -0.4866009352637919 radians
{92.56284702709698 , 662.2517779799799}

167
43.07837732714839 | 1.4921674987899856 radians
{155.3796276433387 , 576.506611307371}

168
11.549152553036318 | -1.273450357515331 radians
{189.21675939132328 , 488.72049161079354}

169
76.101244120417 | -0.044714422905863756 radians
{548.9058863725077 , 466.2631107973925}

170
70.19211905576864 | 2.2001660147322055 radians
{446.0274692925707 , 643.4267284503092}

171
82.49418849796204 | 1.3005334138367388 radians
{446.1733172274214 , 58.27331673477844}

172
181.37379260929976 | 0.5164344836967452 radians
{665.1552081053985 , 319.7848939666389}

173
110.80288527543868 | 1.7519775367198511 radians
{697.6968785008784 , 70.5606092177917}

174
112.72587449863248 | 2.722863360295559 radians
{896.7596941957142 , 479.8745651965806}

175
153.35784320564343 | -2.948601064968576 radians
{597.7231690248029 , 459.3893019707063}

176
23.979808542360836 | 0.7967595088825429 radians
{307.36061472596185 , 608.2147286701755}

177
173.08256361512403 | 1.8710029929922114 radians
{597.4677569500244 , 616.3466223667984}

178
21.103824917941367 | 2.1559173861224172 radians
{431.43337889227155 , 605.8646695550283}

179
26.41872195549223 | 0.25436615922511197 radians
{586.405789954518 , 512.3895896900625}

180
167.528082964103 | 0.8631639319106893 radians
{572.6064377898284 , 460.9087356323172}

181
14.62515233017825 | -1.0297031538288148 radians
{964.7623048773186 , 401.08375080924986}

182
75.11387789381428 | 2.334758170123124 radians
{913.3766654943129 , 599.9157920284766}

183
51.813198625559124 | -2.6206850471820005 radians
{453.89127066296305 , 396.5345520167198}

184
101.18059054249588 | -1.6391651287886901 radians
{400.61439043995057 , 104.21704972221062}

185
78.22877107724302 | 0.45826672283144865 radians
{84.46431354379648 , 429.63426422675144}

186
74.894059338102 | -1.2186709902221544 radians
{566.7842275072508 , 411.20551195735857}

187
27.99538056845122 | 2.2897894358197037 radians
{739.6715457198993 , 185.8736921067941}

188
44.976312427513506 | 0.47406390503549134 radians
{786.068627719265 , 499.88465063154274}

189
52.34446547135795 | -2.441032042254986 radians
{763.9141904874069 , 541.9928425353762}

190
112.94972367390316 | -0.37342775731741373 radians
{87.346537654428 , 641.8979093272613}

191
61.22136156469103 | -0.3653716148285943 radians
{529.0528788874634 , 467.0587597645961}

192
37.05519276943642 | -0.7165317958330711 radians
{946.4360917993563 , 198.3160583746238}

193
78.1144720355448 | 1.93661836621591 radians
{724.842659514926 , 438.1580725742139}

194
65.34756004784064 | -1.387517948455579 radians
{374.5551477505121 , 184.0593542427069}

195
98.17712694586379 | 1.4491869260100703 radians
{493.6537012216156 , 457.68038641080864}

196
74.31686609017623 | -0.8052620008564135 radians
{854.6196866708559 , 715.5116318432506}

197
53.225270837396536 | 0.6206724275009903 radians
{861.5046716119139 , 688.5201594232458}

198
150.19828231039378 | 0.8508823098213607 radians
{806.482186839968 , 763.0528124299839}

199
109.7437995010024 | 1.2150768990970828 radians
{834.2208221093509 , 522.6502217918863}

200
44.309881706706 | -2.738810340399592 radians
{571.266893214686 , 762.1992741155128}

201
39.21160366162087 | -2.8414761497603798 radians
{171.95055518928763 , 751.8457057443351}

202
39.4269968319076 | -0.3172940159974972 radians
{250.75355297184515 , 750.9595666302075}

203
128.82225871857997 | 2.754301182914249 radians
{257.5390737617477 , 620.3387337268526}

204
35.219332022910265 | -1.525167551520443 radians
{158.4754424210776 , 157.7117920327124}

205
111.64798991481037 | 0.37238057131094954 radians
{529.5709856443544 , 220.54995488644914}

206
74.4318914185952 | 0.2801651804787419 radians
{940.6283809829735 , 650.1865756505737}

207
199.41489688792402 | -0.0829307860997114 radians
{414.7624042045861 , 735.7761856106126}

208
70.87304226003485 | -1.327197356495867 radians
{833.5586258253182 , 614.2321356878442}

209
44.128391749230985 | -1.8550538420312481 radians
{920.2305737061331 , 209.43781388247098}

210
57.09972341631259 | 1.7892663285689794 radians
{796.4747761998731 , 276.3625567900045}

211
74.42844251188387 | -1.7378470670155532 radians
{672.718978693613 , 392.53047934481685}

212
52.71490838857194 | 0.04240993096558018 radians
{512.0126823400991 , 503.5035784034264}

213
67.88828258153329 | -0.9525504511874474 radians
{585.6758025715039 , 724.4921517587352}

214
57.523862561080485 | 2.324080169928405 radians
{970.7209584808977 , 661.7048478635573}

215
51.853555857063846 | -2.804851781000373 radians
{774.1564383048329 , 514.6757449412877}

216
89.67072558620826 | 2.0180417946038354 radians
{306.0457747861143 , 771.9598345540536}

217
115.71975043883563 | -0.09267368298727437 radians
{762.8976456580122 , 716.5716713682468}

218
18.260602502938557 | -1.9970261601340253 radians
{860.259529517993 , 192.7794856963079}

219
88.01399926336961 | 2.294266398911242 radians
{689.0203458814528 , 495.6617876874447}

220
120.15361587833901 | 1.1534633792933469 radians
{436.5392100288573 , 681.0621421391702}

221
56.13896232482697 | -0.5206218001912335 radians
{923.5503511549716 , 105.86803827927594}

222
100.98996299708544 | 1.9217421299163044 radians
{563.3860325736084 , 41.66948677400796}

223
84.2197151387382 | 0.4889406231690692 radians
{75.56784649378255 , 460.5023844819328}

224
67.47370937177465 | -1.3656851535686167 radians
{791.4106591629336 , 768.460991757812}

225
125.64531988481419 | -0.6923592852142438 radians
{968.4114211841036 , 255.43661898205426}

226
21.722770992347545 | 1.6600107247658513 radians
{78.03132030592992 , 453.6014957352007}

227
45.438599664890155 | -1.6134032704645291 radians
{58.67717874500781 , 534.7833285547824}

228
36.589883003919994 | 1.3834968133273817 radians
{30.542178317453903 , 508.33630416243153}

229
88.2269850903004 | 0.2993274216308319 radians
{192.2729226259437 , 623.0861131915924}

230
53.47244631139898 | -2.2920978013975555 radians
{477.4117885727531 , 591.984972330367}

231
51.913976943140206 | 2.417992504727062 radians
{298.83804989253287 , 318.95585197305115}

232
40.132570989812955 | -1.1668743889132256 radians
{138.87150041657154 , 754.3222659279215}

233
40.36837605955973 | -0.5522885252436033 radians
{404.2318722696901 , 605.7360867375154}

234
73.83715529572336 | 2.63342178441461 radians
{447.77391488142825 , 690.77298949218}

235
48.95980746903939 | -1.5090503097914607 radians
{749.5440240453739 , 622.5395142547593}

236
66.70910763829761 | 2.2616371851299615 radians
{696.1118590125934 , 628.5101688401768}

