0
107.25936858901139 | -2.866858034615796 radians
{436.88484680814656 , 689.6618312512855}

1
90.87890345600032 | -0.162661660285083 radians
{572.7666646144891 , 742.9391730742984}

2
93.88717092439475 | 2.841068246093144 radians
{475.7639713584863 , 769.1225846034871}

3
34.086294587410336 | 0.9001622824943579 radians
{78.68531014162463 , 649.414718768007}

4
91.48546718251637 | -0.33367279230959984 radians
{124.64296663011567 , 334.12783928772103}

5
29.900277879757574 | 1.8901489482594644 radians
{675.7773242486343 , 363.53886061006904}

6
103.16852792966732 | 1.2656087146009007 radians
{754.3200323568716 , 601.3258568344332}

7
64.33632169897832 | -0.22367372462378046 radians
{83.2780410395361 , 478.1793139605049}

8
61.16239146357076 | 1.6686068783052688 radians
{264.3406370499202 , 614.854757805804}

9
97.8967828664836 | -0.5109033753331111 radians
{322.83098515425155 , 716.2268541965566}

10
72.24100622127973 | -1.9111015859201765 radians
{808.0160679454483 , 440.66761243764597}

11
130.069628555583 | 2.499202413339256 radians
{48.918839400903835 , 542.8976959383979}

12
19.46384417290343 | -2.797512125431289 radians
{588.0778016039657 , 516.1734804486655}

13
112.13734364813534 | 2.409807511789158 radians
{462.5152758863544 , 43.35208999961332}

14
157.16381303172975 | -1.9091730406644642 radians
{335.8013460553138 , 324.21348041537414}

15
135.29697120639398 | -0.1032603387531639 radians
{518.7754063151317 , 608.705897843769}

16
103.62803292568671 | -2.5690552705167042 radians
{302.1819235326973 , 290.19033698730055}

17
145.72192048920522 | 1.1318443027980225 radians
{517.9322285274311 , 440.6856319984076}

18
135.34859460790156 | 1.6236988822158125 radians
{741.9315020416062 , 735.6165271663914}

19
102.99809113478304 | 1.8130397883803424 radians
{350.08341682464794 , 511.7903221832293}

20
132.49790426750587 | 0.2495543195230525 radians
{63.09836554412777 , 726.509627283915}

21
52.771631747319766 | -2.12378298894484 radians
{253.8886582281027 , 631.8293273781467}

22
88.49313321376677 | -1.548117080315153 radians
{191.98846675495838 , 535.8641225583935}

23
54.29693902093976 | 0.037102362614452745 radians
{89.78120205051233 , 160.10864901336024}

24
124.50808158476876 | 0.12845761558566554 radians
{232.90440920322334 , 527.1420586204351}

25
73.80727788554061 | 3.0227498125906123 radians
{400.3095001902489 , 591.2929924670719}

26
110.67841458746497 | -2.940681975783837 radians
{232.86598972650341 , 575.2058122592199}

27
65.42660573505995 | -3.0428931872774894 radians
{936.4459075272352 , 588.3850211274944}

28
102.14232347032402 | -2.608913196334173 radians
{903.0071660243984 , 610.0936184359751}

29
71.23440139677133 | 1.7800447219405031 radians
{359.97656285460687 , 631.5249781161216}

30
5.659438487621393 | -2.476870775045823 radians
{256.53006484205736 , 397.65458217095704}

31
92.20307474206828 | 1.162056266996544 radians
{663.1392121593469 , 768.6589745380601}

32
152.09509952698957 | -2.6165579415580673 radians
{387.72742557318065 , 749.6342849280512}

33
82.50482856176043 | -3.109233887905639 radians
{92.35464387709385 , 633.7711358586763}

34
113.32162203042584 | -0.9322821994166978 radians
{252.44712992987064 , 769.0}

35
35.88501178198876 | -0.016355448347650944 radians
{606.8699106408915 , 462.1148989603687}

36
109.17350111573838 | -2.383998108463796 radians
{124.13819624469369 , 652.875623440157}

37
73.1282258858053 | 0.4935935439516963 radians
{100.02033516648163 , 394.79062023230335}

38
108.97077579043707 | -0.2908456645575918 radians
{959.2012945160275 , 736.2337688482149}

39
7.829130494076571 | -0.41179565950933966 radians
{761.082969433188 , 593.7376346639098}

40
36.031583088270445 | 1.6889986329433488 radians
{860.3069582259818 , 554.6052727535076}

41
97.7294767844772 | 2.613316767694684 radians
{709.842657759037 , 626.536154657805}

42
74.85306160671203 | 0.31709728134747955 radians
{119.90153248962586 , 597.9769997383029}

43
35.398042185905304 | -1.7775538078400086 radians
{337.5472936865954 , 747.1218649796832}

44
47.87283782930239 | -0.9097388366319105 radians
{690.1315059786654 , 425.044831641251}

45
66.35849478920898 | 2.0296512302363734 radians
{956.7534914141842 , 537.3231089417054}

46
162.13062590157213 | 2.1492839489709104 radians
{932.0640585867258 , 763.5503811630343}

47
52.254203621812835 | -1.6727180556751946 radians
{827.6923398552829 , 764.634018404703}

48
74.48348668155236 | -2.811645443538224 radians
{577.0027956021617 , 528.613680771522}

49
42.76854178018141 | -1.4151137689677435 radians
{630.7717162890189 , 615.7148737032876}

50
139.1886619384555 | 1.8608904000186972 radians
{525.0501104974032 , 691.7663295943998}

51
72.73954575084508 | -0.03885700108838418 radians
{652.3288528013998 , 297.8969864009909}

52
46.96756464417284 | -0.003645484288886947 radians
{763.4191778141956 , 597.571377642793}

53
32.86069049964795 | 2.4893521179630587 radians
{932.0034092756264 , 455.7348542985217}

54
26.861154809705308 | -1.0952315886413386 radians
{883.3654615882213 , 409.4015348926922}

55
46.51941391381851 | -1.2270093714873544 radians
{356.62744620441356 , 135.68124477371495}

56
56.521054249487854 | 1.2896974382160606 radians
{513.4233926308573 , 188.20793705650684}

57
71.1179200234432 | 1.147733466520108 radians
{682.5036514398013 , 759.5836415243399}

58
35.38568370339549 | -1.1363495091286167 radians
{928.6985013824657 , 257.09767262211807}

59
66.86399956535739 | 1.7954336071696717 radians
{862.2586550877461 , 420.7543169874647}

60
20.02473142822016 | -1.9225277035043304 radians
{660.8447850512055 , 634.126177732173}

61
86.47883879345716 | -2.113042062986536 radians
{31.671546347759957 , 717.4375905538226}

62
50.302501175104965 | 0.47955714320596365 radians
{473.564428530386 , 459.0945738611593}

63
50.63233459716054 | 0.5448671026467848 radians
{967.1731650373912 , 606.9075854279994}

64
68.37273480714626 | -1.7245187501853565 radians
{340.6547037687674 , 459.79552923418345}

65
55.06249259852507 | 1.5089235691208884 radians
{615.42787758163 , 311.98610902660516}

66
122.49517112780795 | -1.9733911482950555 radians
{464.81713435379777 , 740.5180958606968}

67
22.84644343971088 | 1.5038482809525715 radians
{168.70196883950442 , 586.2094402473502}

68
73.80021605910403 | -1.1969893027836838 radians
{254.99304551355377 , 757.4131063346988}

69
137.2978005704156 | 2.5578613179017236 radians
{198.0535942404589 , 548.2161613780003}

70
57.90936707010838 | -2.760491200078293 radians
{255.2707320977343 , 286.79045631165826}

71
100.45221218633047 | -0.7049054065871221 radians
{69.25586127625824 , 178.6561121260153}

72
130.13801831149976 | 0.9423019304886106 radians
{834.3730868014225 , 527.5478999403241}

73
41.23450383117661 | -2.908846383566016 radians
{694.8283334774028 , 720.1032184637689}

74
162.6026509375565 | -0.824847744803942 radians
{545.2654455550784 , 639.6562392193545}

75
15.281066367083579 | 2.4251117687979593 radians
{627.9551286414965 , 419.11462504223243}

76
98.28964700210588 | 0.6348766891551214 radians
{934.1988100156963 , 257.26524601143853}

77
134.44246972136708 | 2.0130822014309726 radians
{320.3807376040611 , 51.11472187967886}

78
112.72781384585986 | -1.7510087602446083 radians
{106.05080048402931 , 63.27418531019978}

79
121.7897090177965 | -1.4041235777724408 radians
{155.5985620925318 , 183.41885696211125}

80
133.0896518893654 | -1.4183907599090557 radians
{357.65028440474424 , 330.2140770127204}

81
141.24423136630514 | 2.0088996517470026 radians
{190.68618883224414 , 641.7745151193669}

82
156.84454768154052 | 1.156940874736665 radians
{462.00445552339437 , 445.90163137039474}

83
116.81531350936672 | 2.7690677916378488 radians
{366.36484035624443 , 600.8451036454694}

84
140.49688903396847 | -0.536887743522846 radians
{623.415371289588 , 574.6237330188935}

85
97.43622990598571 | 1.1004123352979316 radians
{405.8862632085797 , 453.7318315943348}

86
67.43534864866656 | 0.6404847755065014 radians
{184.19855379002857 , 454.93298420129133}

87
66.30135707137362 | -0.6171693069357617 radians
{724.8993318724841 , 447.203305411209}

88
96.2024950193339 | 0.20376675230970112 radians
{70.25507890399291 , 36.944165518469106}

89
150.02165950787818 | 2.2497647744937836 radians
{929.7449210960073 , 721.7785060725425}

90
107.52220190682289 | -2.656386162576158 radians
{390.40293961756856 , 677.3034030710545}

91
39.947929391793735 | -2.8425554627758283 radians
{207.16850716927428 , 638.0080314741567}

92
42.20409434074058 | -0.4405093518479286 radians
{234.6003375439236 , 650.2551636810452}

93
158.267110019766 | 0.9034282449725233 radians
{635.0547212655811 , 215.52986699483347}

94
13.095917108652042 | 2.294045619908876 radians
{560.8111749179509 , 564.785914319856}

95
76.0966950237044 | -1.8706652257234035 radians
{444.1074128008512 , 645.6670053476173}

96
109.96732063778603 | 2.3692501182824452 radians
{125.38024801769215 , 359.7310600631193}

97
128.98113509096953 | -1.1639130910231748 radians
{469.0452483698158 , 739.0806994026225}

98
95.22749196361889 | 2.0628375082184 radians
{920.2630711180694 , 140.33025056554487}

99
78.39744481204905 | -3.0991450680313015 radians
{531.6752144906397 , 60.28472505430527}

100
155.2829060795191 | 1.1585399910573129 radians
{62.10919448435743 , 592.9406344929359}

101
62.24188474221197 | 3.103254851838583 radians
{161.02143789224647 , 740.4816867795834}

102
95.46322260200049 | -0.3669298366141402 radians
{60.70284611017735 , 750.7862207285075}

103
30.71414853552115 | -2.4420800209507894 radians
{448.2826151997787 , 652.9217116784649}

104
34.67610816017113 | -2.3154704936434967 radians
{213.27144421879234 , 666.1262762489971}

105
58.76626749363347 | -2.1902849450897866 radians
{51.121278534917565 , 764.9787663248235}

106
127.8612152853828 | -0.4416735526790155 radians
{380.1817543826303 , 769.0}

107
120.51552709021635 | -2.431679066545491 radians
{573.7631558990653 , 471.005264003434}

108
45.1617695374353 | -1.1263488430521813 radians
{402.3953773269171 , 739.6371802143337}

109
77.32316247148522 | -1.4285631096141134 radians
{328.83010052338994 , 382.7211061598144}

110
24.184154346650814 | 1.100415711400745 radians
{438.4388784843947 , 107.79765391062669}

111
98.24229085808854 | 0.6929276806737035 radians
{646.7315012594531 , 357.31998328131704}

112
68.22260807582099 | 2.2824304593738924 radians
{716.0688710842837 , 744.9274481493242}

113
34.997012654460924 | -0.27083430992434765 radians
{885.6220013310848 , 664.9124097333396}

114
52.656031514934774 | -1.3595200107053325 radians
{608.3366834993111 , 331.34616508868095}

115
47.90486734231854 | 1.338197985431236 radians
{718.760597391766 , 306.99441484318373}

116
106.38385634811202 | 2.560967312735476 radians
{792.8904978714669 , 550.1138927343073}

117
54.721067743630464 | 0.28873438135935514 radians
{539.4171009725493 , 434.42249623457104}

118
62.305390309331145 | -1.5475599278800614 radians
{935.5988709080897 , 549.767046800784}

119
58.97502662516026 | 1.6829084743524663 radians
{523.6079802600326 , 761.6781398466685}

120
47.520682817350874 | 0.4204474544457941 radians
{656.1304024925981 , 586.2875556362152}

121
40.106578079094774 | 1.689822765382553 radians
{760.9599205920315 , 522.3831518556013}

122
23.655401991177037 | -0.5821656044956587 radians
{537.4299040158776 , 179.17274032397071}

123
72.32769799134047 | 0.7971248921507494 radians
{763.5705343017837 , 509.3176900899737}

124
35.56882386566281 | -2.953284631794059 radians
{969.0 , 602.5099986338798}

125
80.99091590884773 | -0.03450713929379944 radians
{367.5038576953586 , 556.0424772980856}

126
73.68698597554787 | -1.495178564202317 radians
{519.6587932109644 , 669.4904205570199}

127
25.244990845520714 | 1.3484605030796732 radians
{575.3261564911729 , 425.22628501317956}

128
49.26692036567776 | -1.4575631473773036 radians
{630.9935197713814 , 516.4556366710601}

129
55.880167847197214 | -2.162550638684019 radians
{871.3703260439505 , 765.1010631305713}

130
27.33392803669903 | 1.2587211622218961 radians
{819.2024620815625 , 639.8961578144582}

131
13.348740235473194 | 0.8909064677624248 radians
{903.1269767577221 , 610.8974444586329}

132
65.59485792891864 | -0.7926285875572484 radians
{968.2466307637712 , 748.6831378482557}

133
51.987150251407606 | 1.6920043022005684 radians
{542.1763918221361 , 764.8364773780515}

134
133.7750303054282 | -0.23620924098156876 radians
{571.8965241902988 , 642.076492586737}

135
87.24742629642623 | 0.28087156353044984 radians
{574.7146777507741 , 501.12648027561374}

136
68.55081071297187 | 0.03272274472115472 radians
{965.2427735180092 , 396.7275801148622}

137
76.98796922002144 | -1.4507245137529947 radians
{503.3693821847606 , 502.02083571271066}

138
132.670184006545 | 0.6308732710573075 radians
{923.5651689449068 , 417.4971050569271}

139
67.93202036222931 | 0.06324005617965053 radians
{881.0530342777938 , 701.5248815714987}

140
29.218995152604933 | 2.265076836647051 radians
{610.1031354147308 , 714.911658548844}

141
19.70015017108259 | 2.876561410271827 radians
{614.4761272529487 , 583.3733563208032}

142
55.304795151225136 | 1.0494634363683562 radians
{923.536095783601 , 719.8530263121507}

143
57.76880238159053 | 2.8427081351981642 radians
{895.3897948778504 , 587.5918510446235}

144
37.46980531529576 | -2.3942451961285105 radians
{840.7418411269464 , 388.8791998883692}

145
85.40786797816037 | 2.706965613758277 radians
{120.31618510379619 , 298.11366389608196}

146
63.40476353735944 | -2.8903674573649116 radians
{35.58110994146095 , 685.9155768884941}

147
17.4019491744026 | -2.2262596919977096 radians
{192.87520548137337 , 446.385716476553}

148
165.13945550315185 | -0.6342959007029826 radians
{449.5731377014667 , 710.2439669446912}

149
41.15988498837892 | -2.7176355469026876 radians
{758.473695716094 , 234.5579849246618}

150
153.25952792185353 | 1.3575639754946363 radians
{447.51516740281676 , 618.9924364324662}

151
17.294525333384765 | 1.7745075511657735 radians
{741.0439371156532 , 561.4295239140938}

152
72.57659737018818 | -2.8755841721835367 radians
{624.7157043234496 , 79.24330756251855}

153
37.33197814608052 | -0.6748084105490587 radians
{181.88983233193224 , 112.52739263313214}

154
80.25771322457094 | 1.1990934755663512 radians
{473.3878706023784 , 369.7967065851222}

155
62.835710807949795 | -2.070125083973244 radians
{659.0506524235054 , 619.5237969369887}

156
52.75972958615742 | -1.889704595983279 radians
{366.2501120433823 , 493.08964021640315}

157
46.89620266843695 | -1.51879671982313 radians
{327.8639509417013 , 564.8081932782604}

158
47.44484789944221 | 1.5229212094722882 radians
{261.42316069517705 , 550.4334496165097}

159
40.88251020222662 | 0.3354372461154759 radians
{227.39581696358584 , 416.92899958812586}

160
84.35564928829254 | 0.40565802439279336 radians
{479.8457229551224 , 698.3474080704375}

161
83.1748913439913 | 2.7703765591370964 radians
{684.7981646149638 , 687.8160581485248}

162
25.704144712959295 | -0.937022064210129 radians
{889.2592974531691 , 714.5411031878311}

163
98.00579725246845 | 2.6956969503084216 radians
{800.9458813197234 , 738.1732253183603}

164
115.20364055518333 | -0.848522954108294 radians
{750.3944437915917 , 154.4542121305255}

165
68.3658195715915 | 2.8289807993030918 radians
{477.8867148088722 , 388.4736684404257}

166
50.076596031749105 | -2.675283232777372 radians
{251.13223961161992 , 692.9046902703136}

167
9.68066255540297 | 1.1260351182222246 radians
{227.7035793166337 , 653.0704572115437}

168
86.9285219990794 | -2.9124758069123824 radians
{58.05792226019168 , 699.7964041177479}

169
48.60618751047822 | -2.2137353680310934 radians
{108.89646933314802 , 550.9799715578089}

170
136.8077676461782 | -0.13870085928594575 radians
{295.2859847451543 , 612.8370193003376}

171
134.7427076906364 | 2.5249490643610946 radians
{238.40123724612852 , 645.0901032325314}

172
31.790140360753686 | -2.424917485975335 radians
{581.4944147187841 , 248.70731778667243}

173
87.81402420564206 | 1.1494923915535036 radians
{678.9483574295665 , 200.68189008349674}

174
124.21355393385487 | -1.6086685994570742 radians
{944.5107713845213 , 207.68626612392688}

175
113.09928063506595 | -1.7621250638029842 radians
{894.4481924494085 , 330.0435080156129}

176
79.08565351969455 | 2.684609104728899 radians
{232.00464699412956 , 277.8610205682521}

177
90.11993229201019 | -0.1693869368933795 radians
{420.5055995278456 , 688.6502716187522}

178
63.476304334052074 | -1.386164038909493 radians
{947.6983178200088 , 383.87320668986}

179
36.77996989121256 | 1.8931904952470735 radians
{874.8024703789138 , 243.7905830410446}

180
55.39197467667038 | 0.5160839797900744 radians
{875.729885592491 , 604.0895006220761}

181
28.640756030966564 | -1.1650221951362374 radians
{775.1898746642431 , 421.90029493907116}

182
69.75934006882409 | -3.079391912535462 radians
{794.3587706833629 , 637.6699220348626}

183
39.38463271541668 | 3.0514589725706216 radians
{153.19423984144166 , 548.284834173058}

184
44.166901905906435 | -0.2848920189294297 radians
{211.14314656763008 , 444.60115771925456}

185
126.3795045317784 | -0.7053160236314285 radians
{962.9107500367353 , 643.0904092993992}

186
84.3370685383141 | 0.9964822274543053 radians
{152.66829843104435 , 710.02268847413}

187
21.937043532942138 | 2.919838671559912 radians
{242.89578566497067 , 355.8045563216086}

188
47.00677387430283 | -0.4361963381174752 radians
{255.9956303334877 , 235.7822696088124}

189
70.02026416956137 | 0.07835251826407905 radians
{741.2731766977261 , 369.970201968374}

190
92.43857308530175 | 2.221021356492581 radians
{249.9071939993113 , 714.7386469582426}

191
139.007088632554 | -0.29987537094669875 radians
{609.5246187008488 , 667.4243778473104}

192
65.41778436137764 | -2.732659165520726 radians
{331.04785839082064 , 290.0404643502312}

193
61.74795793266904 | 1.465272203648865 radians
{162.73938459182523 , 456.75487844530903}

194
77.51836839418063 | 2.5722915995077105 radians
{414.66134129694257 , 560.3814953083203}

195
67.23924736812586 | -2.947923102325299 radians
{919.5133630617596 , 507.09940214623015}

196
42.51004401941442 | 1.7969285223264928 radians
{540.5751259691618 , 670.7062260724842}

197
68.0906318888889 | -2.4246585940753227 radians
{84.2058255049384 , 263.0933898545634}

198
54.055257549722114 | 1.025276645628994 radians
{246.02885091075825 , 245.51150151733123}

199
83.532380217822 | -1.2283791699549482 radians
{526.5012651421819 , 452.2234116135599}

200
34.112586422446306 | 0.6055374931386802 radians
{806.973679373599 , 155.89364645423782}

201
86.33721505286158 | 2.5590623424685117 radians
{429.56734614584354 , 654.7549528625275}

202
42.038766971597404 | 2.2916344444037775 radians
{431.2697003626836 , 728.8493848874509}

203
57.640739051340084 | 2.8769401407613286 radians
{144.25500475053624 , 654.5525569225977}

204
39.06513929631102 | 1.1403987693238247 radians
{115.21269606340402 , 592.4509507778464}

205
39.953952638229104 | 0.02791548328791912 radians
{378.340712063211 , 322.28756475387144}

206
65.74919170186875 | -3.069411535592827 radians
{418.89053824934274 , 488.4157361123219}

207
65.94996130028792 | -1.066392673689668 radians
{423.8758351568352 , 418.11820165626943}

208
99.34880865174351 | -2.0374776241963524 radians
{697.8453068205029 , 448.7994409498354}

209
77.25376868386205 | 1.8236514582513708 radians
{438.45414538638136 , 551.3218660745199}

210
32.853489849496036 | -2.1997066510205956 radians
{245.18891802840938 , 302.1479119170932}

211
91.45606936704323 | 0.9730800908524325 radians
{536.711947467242 , 217.4674750000625}

212
91.56727537795716 | -1.8055536356324684 radians
{577.1609130747938 , 235.31655131976234}

213
20.15142887693021 | -1.2765725812681132 radians
{440.22453986701294 , 505.75034847669826}

214
69.69919094741756 | 0.5859127726427457 radians
{883.9096075322872 , 506.767994235957}

215
58.14466779146955 | -2.0232672879799134 radians
{748.9802419679237 , 234.6815286135052}

216
52.38720140524877 | 2.077430758791307 radians
{494.7780492338812 , 202.24607899544984}

217
79.67207455441907 | -0.8795048560060039 radians
{379.007965803535 , 480.9812386729013}

218
16.982923716485214 | -1.1104216923410875 radians
{869.2754679948268 , 335.11857988743475}

219
11.490495235843332 | 1.7700287434859627 radians
{907.6551898356396 , 381.9241603712674}

220
43.82136040153137 | 1.7113448267866902 radians
{850.6700984543569 , 616.8696643592909}

221
93.63005606413236 | 0.7156733858994884 radians
{918.3462751036234 , 754.7000672893979}

222
87.43015664858837 | -3.117554204922057 radians
{599.7935522166417 , 674.3590355151257}

223
38.63769330983054 | -2.019334781720997 radians
{361.08517325443984 , 353.09789359669287}

224
22.248497004082264 | 2.340078149260961 radians
{47.32821393895485 , 755.1787309113533}

225
28.562409307795296 | -0.9528436346195318 radians
{175.99056091763956 , 762.8733731245534}

226
52.340078723707606 | 0.44599176396813633 radians
{137.24577718057205 , 759.3363170312367}

227
55.40228844923685 | 2.6802366054545366 radians
{823.8429306216153 , 606.6872218465078}

228
64.7363165244828 | -0.6653965506174685 radians
{738.9452006519248 , 702.536965313484}

229
78.0220499174984 | -2.4800824016964 radians
{661.1775115560399 , 169.75143277701798}

230
79.41819548359146 | 2.4578182423847212 radians
{45.53253466811972 , 180.95477123478253}

231
31.957556495007697 | 1.7380759633031082 radians
{492.33772578694237 , 698.8407919406776}

232
50.56121486278665 | -1.0042615965934336 radians
{409.7312514492773 , 642.854437102007}

233
61.7235427706741 | 1.1155869236643672 radians
{681.0990558880825 , 706.7361539094668}

234
25.50597681435398 | -0.6487477092880369 radians
{644.2520193373966 , 616.5400165366912}

235
80.05313539529443 | -0.39882668088185624 radians
{801.0864369112221 , 459.0735772381101}

236
37.72083314187029 | 1.9180406956833995 radians
{422.7758036448764 , 624.5753829550347}

