0
57.82404117618938 | -0.8515418956187967 radians
{822.7866864276725 , 590.9961837132105}

1
64.02986526938902 | -2.2895599754806173 radians
{501.4636513194058 , 509.1603873078174}

2
30.20865928160939 | 2.8051974604728187 radians
{396.57340089627513 , 241.2845628652443}

3
60.25073723556895 | -1.085308561918063 radians
{393.7816868071129 , 289.19947155476535}

4
131.42605428780354 | 0.5604246956140377 radians
{861.709797940888 , 303.9017100086696}

5
49.50480195790235 | -0.45694356107956074 radians
{124.46459212883249 , 705.840690370471}

6
42.77176731001258 | -2.7213932888164543 radians
{437.92097320424625 , 560.4467128712375}

7
127.27306931552503 | 0.26877824557888164 radians
{332.5333721232011 , 435.6470150281639}

8
89.21917981474184 | -2.2774315590722156 radians
{532.2573627225651 , 483.31425707451046}

9
107.60318102101706 | -0.6553069952767708 radians
{749.8395505741723 , 523.1340004291216}

10
18.425391327412427 | 0.40237584401396753 radians
{772.2621320771293 , 307.02235801510193}

11
44.208961525257976 | 1.787916891862509 radians
{712.2634991620388 , 335.8276879152492}

12
86.96900246001222 | 2.954107861465956 radians
{807.3508873915594 , 494.98913080847626}

13
10.712471071423327 | -2.3916401227165136 radians
{229.73325954852766 , 556.0891227151143}

14
94.52981555273313 | -1.8934855107544246 radians
{100.48263687657422 , 483.7542492847017}

15
72.91273185390747 | -0.040991172295489035 radians
{225.76425706509588 , 536.6309133186644}

16
112.56018746741259 | -0.07068218912632108 radians
{176.34891343089612 , 482.31918706830703}

17
92.75269712725826 | 1.9345064734988282 radians
{101.39435343329552 , 558.1949236902237}

18
36.54373667783234 | -1.7732442987874522 radians
{271.8154124037082 , 348.8610140446545}

19
62.73437535478492 | 1.6881909299145017 radians
{198.3376853183026 , 481.3868632177585}

20
128.24140620630556 | 1.438839524656958 radians
{40.21831458214966 , 253.87340684876514}

21
50.91521616494653 | 0.00683940198659207 radians
{275.0442683731798 , 117.6964844583116}

22
54.03586368502199 | -2.0997633153908177 radians
{356.17829040260375 , 588.6963028567405}

23
75.34302644401244 | 1.4124742379956443 radians
{269.5761492512864 , 495.8548819356387}

24
84.04767990263403 | -0.4075879514108062 radians
{104.60697300364734 , 640.9975438587345}

25
117.81741523483166 | 2.6504559896140774 radians
{357.8219883359882 , 660.0930425013634}

26
60.42318368317205 | 1.083057876274512 radians
{52.51770812189118 , 725.6993398653636}

27
124.40956968373492 | 0.14717504590626196 radians
{211.22974433781604 , 712.4116635752633}

28
51.88183222137941 | -1.228780597055184 radians
{449.8766276565926 , 453.08701634254624}

29
53.97644661656763 | 1.2425151445646514 radians
{624.8144037717408 , 468.3339387787663}

30
43.938091164530455 | -2.663919814558546 radians
{921.7283597751143 , 461.3498020760146}

31
89.96893165831996 | 2.4276504035136104 radians
{598.100195920809 , 201.10930974384263}

32
64.03056201358727 | -0.009536996267359326 radians
{945.2608352444261 , 273.35932017589664}

33
25.190654657554468 | 2.013809754588955 radians
{827.737880019369 , 73.3583441986845}

34
84.20194214641698 | 2.101711378938619 radians
{750.8332505724197 , 293.33945659264486}

35
82.45377912909704 | -2.1142060663368447 radians
{324.4997517172562 , 278.49025330219473}

36
43.786906050059855 | 0.8159779505360684 radians
{118.50241532864305 , 220.44878000515286}

37
52.06876055440268 | -2.209866799733061 radians
{67.5712867995452 , 511.0810555486648}

38
60.23444878659275 | -0.9786887168637833 radians
{335.518776445907 , 507.59651662191914}

39
30.12167793663731 | 1.113425308731809 radians
{324.92984715990764 , 50.09591014517004}

40
109.29769043266974 | -2.680934358216761 radians
{830.78639442298 , 696.469361490414}

41
18.809699927742003 | 1.5813900301861439 radians
{739.7040404714087 , 484.720712910139}

42
66.91610863962129 | -3.0015516651141274 radians
{409.54914273463976 , 674.827910434781}

43
30.628151669209753 | 2.399231418389867 radians
{435.1803284684634 , 602.678999769419}

44
76.37668004862466 | -0.23444573602184912 radians
{807.7063350882553 , 442.4043871965695}

45
93.49910961950047 | -1.718034283679822 radians
{777.6064402008407 , 700.1616967347231}

46
86.81487211274022 | 3.058974451548694 radians
{848.026121951054 , 616.6974254447462}

47
21.78639652401604 | -1.6989391823060704 radians
{123.31069730053404 , 228.99270239651415}

48
75.26610817492538 | 1.1583459582495792 radians
{131.5476743075536 , 495.9773458010079}

49
37.44834895460521 | 1.3642913393735367 radians
{603.6915186427636 , 519.014363033591}

50
92.56577652851381 | 2.2777238767856085 radians
{98.06063170598821 , 681.8382762086554}

51
44.74803861999312 | 0.2640025425902525 radians
{315.7408798559208 , 734.4902432873902}

52
23.04324448018155 | 1.1534866818913492 radians
{126.47271695990659 , 537.1224003677303}

53
67.22172634356355 | -2.5483279059883364 radians
{141.07590478817247 , 523.6566498836183}

54
95.86899238653336 | -1.274101292100273 radians
{361.5207851174054 , 675.838180876824}

55
70.68136724680006 | -0.18762261953824144 radians
{169.09513689675447 , 651.1451907711786}

56
38.22483276022906 | 2.2075903844869993 radians
{471.17233016068553 , 695.4134692178077}

57
25.29595448916355 | -2.3328750741985127 radians
{512.761041047138 , 262.72468437669227}

58
46.908408300172454 | 0.16458145106274621 radians
{372.6415705420344 , 534.3191136812051}

59
20.907183942327485 | 1.9644953225415052 radians
{678.5868291499496 , 734.7054845651268}

60
57.52902430522387 | 2.7668241449820195 radians
{421.1857210731306 , 654.6673267563024}

61
70.42336764312985 | -1.4759362361685167 radians
{101.65943808075978 , 487.62663823320247}

62
135.4066092750009 | -0.6616090984740679 radians
{240.23933498643476 , 318.0893608513445}

63
145.1713850229563 | -2.600281088126057 radians
{860.3193685440569 , 691.3789067401295}

64
119.10650383017688 | -0.0025491333441820187 radians
{413.1693700203869 , 243.6528752570467}

65
128.65480315388743 | -1.1312066968381218 radians
{642.3034180888758 , 622.7241947220898}

66
6.325654622792453 | 0.09949548991518717 radians
{758.7950901869078 , 112.81409862515753}

67
60.574306005492986 | 1.6156190568854871 radians
{727.8585181203678 , 413.6858401585174}

68
73.28834175987181 | -0.16991523188867777 radians
{830.0594243062227 , 563.8058287078901}

69
93.97936115007413 | 0.31979867331817324 radians
{434.21671487969843 , 698.696360211528}

70
78.38066901662492 | -2.830248861791938 radians
{46.48902321201376 , 764.0}

71
79.36547856897066 | 2.283500155099805 radians
{179.0961366155357 , 722.0046578853922}

72
70.83913389207977 | -0.5162886265427746 radians
{470.738810046169 , 665.2050744172078}

73
65.61679783377035 | -1.1734214469137547 radians
{325.14869888759245 , 643.0965376096608}

74
103.06052055129757 | -0.846826509879842 radians
{431.53319125813414 , 472.3970764591458}

75
57.877750763216326 | -2.9287928401399452 radians
{878.9283711931703 , 422.6035137216401}

76
102.21782706372062 | 0.47692033489538926 radians
{759.3675053483547 , 591.509376759187}

77
67.76410409285448 | -2.9456414873754593 radians
{595.1511156127688 , 549.5266690894921}

78
80.85622537397843 | 0.023316951655701627 radians
{954.4949217179544 , 748.15029973497}

79
72.89557315459145 | -1.9673737524378319 radians
{507.86073930885607 , 429.6664369086169}

80
63.25893634527845 | -2.8686769031923296 radians
{178.44791314308236 , 181.8205302697764}

81
39.29190465266068 | 1.6059395199896156 radians
{55.85827730866052 , 312.76282638946736}

82
86.80523551450545 | -0.01484361783436796 radians
{130.02864538332364 , 208.58614071384457}

83
22.964633698477574 | -1.7514194398496672 radians
{724.9046773020912 , 407.5238994774706}

84
43.90601927028896 | 2.180193175041592 radians
{522.4140774874804 , 189.97029126116513}

85
94.17759709094422 | -1.2458184939510724 radians
{451.5364872220815 , 538.3601340241948}

86
76.96804746033375 | 1.547485862902863 radians
{541.3334241186022 , 728.9411706961175}

87
94.83947933980575 | -0.1122851454173669 radians
{381.5548849152116 , 734.8778265091706}

88
97.87082098387495 | -1.9781643684640227 radians
{72.41223710257619 , 605.2696355370837}

89
110.42446178922658 | -0.03138916709012104 radians
{771.8004450616068 , 106.71596309170464}

90
111.94738255339237 | -2.4711751891085987 radians
{272.9135264878808 , 257.65443226627497}

91
125.5547153482174 | 1.3681682073850892 radians
{261.49456354625283 , 591.9581032548036}

92
81.23544054341649 | 1.2545129841733451 radians
{514.1663641256993 , 124.84343730735283}

93
76.89166063175867 | -0.9908040893503959 radians
{868.414061920189 , 587.2212316130365}

94
120.80297647239645 | 2.066866557797531 radians
{594.9499210175419 , 153.27200686020063}

95
146.0946265856193 | -2.2325669692575545 radians
{303.05090216453345 , 478.5712594206401}

96
22.312684126976844 | 1.3095436925841744 radians
{159.96453500785483 , 287.25191307545543}

97
40.332691338698595 | 1.807144903257374 radians
{207.57328970013035 , 570.2905893037658}

98
94.54994643583937 | 1.821901321744006 radians
{437.91435799514176 , 748.5160734203574}

99
76.50790443027256 | -0.6276576426691255 radians
{734.4656938165716 , 760.2218290304554}

100
42.23197693749386 | -2.1579989468545815 radians
{940.602032321684 , 631.6524527878196}

101
33.099188712147864 | 0.11524017336769514 radians
{749.7687768469439 , 606.6696782170297}

102
60.13385290226184 | 2.224588044663348 radians
{814.6584377880708 , 96.56362998715817}

103
45.005662795122234 | 0.7593299473710616 radians
{747.585795726466 , 597.1767911320912}

104
69.17917017269842 | -1.7706020370023423 radians
{874.5235346504517 , 717.5948517557453}

105
33.00938184152875 | -0.573042723415562 radians
{938.9121109534364 , 294.1221929000004}

106
72.93085519998318 | -2.3978386353894416 radians
{610.6629822963081 , 106.308290484275}

107
104.92870954814077 | 1.116384918820984 radians
{36.0 , 266.8311873269663}

108
44.58268288263848 | -1.412781911616483 radians
{598.1169216273037 , 710.547241968158}

109
54.20952325014995 | -0.7147312968731815 radians
{347.72643228904246 , 462.92637822889844}

110
41.703895949828784 | -2.597863463243897 radians
{546.2963557682527 , 366.56863282422097}

111
76.26363519389038 | 1.1704336044407984 radians
{841.334851072364 , 556.1634190769627}

112
109.03962616235502 | -0.7435806857369539 radians
{766.4516331841526 , 463.9035728726625}

113
83.61998474348093 | 2.857089045742974 radians
{362.0608507296256 , 210.15277252310622}

114
106.47165057615435 | 1.3645867890809042 radians
{59.616883931874355 , 752.0482962585587}

115
18.87217228056064 | -1.4118878102732735 radians
{413.63277300548117 , 753.4565529922178}

116
50.39783909392282 | 0.05394192910505058 radians
{145.03649201415396 , 743.7714731125828}

117
66.40445896175261 | 0.5490899220693329 radians
{670.7321514543428 , 631.1825021793641}

118
22.5365852197035 | -1.2482072209975286 radians
{913.3463088706009 , 371.94526596856207}

119
53.6132052804062 | 1.9197440673257478 radians
{781.6210391322035 , 155.89375078196557}

120
53.76391000742986 | 1.2377627865967846 radians
{547.0684284561537 , 757.3986110826339}

121
85.8166530527944 | -2.7134669351262306 radians
{448.1038115328838 , 273.665531091459}

122
99.48056874712746 | 0.6684398068335133 radians
{400.3327927387315 , 404.0686104386319}

123
96.1327718029287 | -1.5096208587698416 radians
{957.1583940637021 , 723.1680448195677}

124
80.62906632581729 | 0.6015426684696001 radians
{760.2541451592699 , 264.197085628352}

125
64.01392108058337 | -0.46350419577253066 radians
{941.8174770148032 , 624.0277714587455}

126
66.1408448106127 | -2.889861445484699 radians
{567.3589715049709 , 396.2750990923396}

127
82.44333170530668 | 0.8393367623170315 radians
{77.301422833079 , 576.5017380003774}

128
10.241138629581489 | -1.6076831040325303 radians
{375.53726189649905 , 536.8613042986893}

129
79.91800686123231 | -2.7095405579494356 radians
{58.35666161236023 , 515.2889712842477}

130
65.98610743476799 | 3.0428231564791486 radians
{632.5036613595469 , 620.2383924321001}

131
129.8499091548014 | 1.0855863212838652 radians
{624.7008851144553 , 489.5903766277088}

132
79.33037738612269 | 2.7203535064308335 radians
{264.8493488878912 , 734.8481923371608}

133
13.469297628926629 | 0.04419105906759386 radians
{336.00883414943445 , 595.049775026382}

134
24.17623925609107 | -1.049110831524016 radians
{471.6800850356993 , 672.9877049997128}

135
108.62786741090952 | 2.5225566083262443 radians
{344.23427668673366 , 688.8362565234102}

136
16.024887472326796 | 1.7311301938078645 radians
{311.1282186515076 , 582.5109973602165}

137
64.55126512938025 | -0.04580516687277485 radians
{712.8822858174741 , 422.6287434704753}

138
8.668784083642425 | -1.3273760533396126 radians
{747.634060427698 , 449.87377818147866}

139
54.95324596472438 | 2.611153487608049 radians
{784.1088563886335 , 747.167095474088}

140
40.192507812688724 | -2.2130044932565314 radians
{429.6857454828557 , 755.6471476693993}

141
86.82056973619856 | 0.39031810785990717 radians
{431.92463798485016 , 685.8824958069349}

142
4.158062668020745 | -1.0789402100129717 radians
{689.389423429352 , 407.1513654105556}

143
47.89489043180327 | 0.7983891676871152 radians
{732.469470830239 , 544.8618859994954}

144
10.165452281233273 | -2.616834218082174 radians
{408.03189964966697 , 683.4810969241504}

145
67.1089149960477 | 0.6466941050893761 radians
{861.5893700873977 , 666.5098116502473}

146
37.17507685852336 | 2.808157122081314 radians
{923.017795522894 , 563.9941398622217}

147
69.12674538115374 | 1.3571010066752351 radians
{544.3199667994704 , 601.550387771436}

148
38.12608470253455 | 1.583991520977103 radians
{382.33219598698213 , 638.1149230567044}

149
22.054749809637958 | 0.8009681750299011 radians
{325.0339945758874 , 726.4504769316546}

150
105.3499089594589 | -2.388007068673516 radians
{192.25180006925848 , 534.8792608986272}

151
39.41285568218011 | -2.3830416877241793 radians
{120.98481085515922 , 101.50278384734307}

152
75.77874703871078 | 1.1836913759794645 radians
{233.86627146092508 , 315.23903683709284}

153
44.03208293966956 | 0.3570489450104919 radians
{579.1779079470825 , 630.9594223236071}

154
30.022109022994904 | -2.676242381347324 radians
{539.7644493871218 , 706.9948150710433}

155
36.859426057060354 | -2.688046112598969 radians
{361.44519185735504 , 418.2604418953957}

156
33.912303714873396 | -1.7416222925554095 radians
{159.66968826688492 , 441.03289596320957}

157
64.93770449312518 | 1.6596902522577528 radians
{102.02000956883273 , 597.345899102182}

158
69.37632066208924 | 1.081890308054753 radians
{195.38232393446802 , 670.3464850441687}

159
32.47817132446968 | 3.022512486538379 radians
{113.46815737925036 , 709.4923335634307}

160
42.17639553809718 | 2.0158552484641925 radians
{80.58028639713578 , 737.3518061999043}

161
65.1391019600483 | -1.3728993959319469 radians
{162.85503763016987 , 719.2415122285872}

162
20.697321287960325 | 3.1229788858449994 radians
{52.32530057434212 , 510.90772162624455}

163
18.698430903396673 | -1.0795523238098041 radians
{90.48263651753062 , 454.31654436259714}

164
26.826430160356615 | 1.2427742118066598 radians
{268.5022352693323 , 664.9053726207395}

165
13.153928667946127 | -0.40625907468064143 radians
{327.0681145366647 , 742.163181312313}

166
18.639306777352747 | 0.7445655107293668 radians
{438.7675229478527 , 691.8070965191182}

167
33.53570986446722 | 1.1497353033227349 radians
{575.8377053026115 , 731.42076007536}

168
25.554121341099858 | -2.1044913015395905 radians
{280.8345850572271 , 550.3885718387163}

169
97.06618131409381 | -0.1858139698889508 radians
{724.4169965808175 , 453.24394685378155}

170
37.69428634526208 | 0.6830850829378142 radians
{944.1125502407045 , 518.1886800507436}

171
79.70141325907123 | 2.9432963340436986 radians
{560.2703648531505 , 729.413462245278}

172
19.32662294147003 | 1.7945485829977184 radians
{228.1395787160863 , 757.3639317641794}

173
45.99216327471137 | 1.1909210978245737 radians
{187.84436594104673 , 762.7059934905633}

174
30.468381007583346 | 1.4937356431052216 radians
{378.98634381086976 , 755.2332753271005}

175
7.097958753675676 | 2.6448936288184752 radians
{372.5552733794227 , 630.0355071255477}

176
73.26817093862036 | -0.3413295720279376 radians
{858.0662417972916 , 697.0837293052456}

177
20.29208601252849 | -2.2355250622141236 radians
{873.1343214605606 , 269.66692974241664}

178
7.701391647185073 | -3.1056595157081146 radians
{609.8609022343924 , 72.81974315751557}

179
33.63618052497084 | 1.0200373895626396 radians
{611.7832703805988 , 347.215027272919}

180
65.02202688071515 | 1.4908268182318696 radians
{801.123456271508 , 663.6255707780751}

181
58.63941205756839 | -2.550577085704667 radians
{368.6599728769754 , 271.39755718217066}

182
100.45281931490854 | -0.26870898696179696 radians
{253.91642352231105 , 315.4591181145602}

183
61.60113833303753 | 2.121209776143416 radians
{409.36483460880737 , 267.7574684821519}

184
13.49790268338682 | -1.4581637992837333 radians
{170.99473875139634 , 298.6042932033633}

185
61.974794720028946 | 3.003984055079236 radians
{55.18668265907597 , 501.63747485471686}

186
71.39612277710462 | -0.8841485654417137 radians
{522.380274354015 , 709.2637595571999}

187
97.14371166316404 | 2.4241969753920483 radians
{541.0255044630852 , 620.7983138988917}

188
23.7010564497284 | 3.049663207613356 radians
{349.5708436959598 , 734.9220197376455}

189
59.194776798098665 | -1.211446781366425 radians
{886.0535125702377 , 485.0657708985193}

190
88.74358349422094 | 2.3833507191827326 radians
{310.39171992861145 , 166.72242312933048}

191
109.45895144376362 | 1.234227659200038 radians
{45.03721098919264 , 748.4079357819613}

192
66.59535093446628 | 2.579758791152278 radians
{162.29602313884328 , 470.34101555531356}

193
43.37561424839102 | -0.16619566698097024 radians
{216.05378674443583 , 710.8173474283973}

194
17.511395147098625 | 2.571186219915545 radians
{320.4525311350219 , 755.5643409595214}

195
19.406202672080116 | 2.897380132271224 radians
{48.46963001513235 , 746.6991574748664}

196
21.882530513111934 | -0.534504308980505 radians
{210.18103765375733 , 752.8804779345949}

197
69.26119673384247 | -0.1251600721120796 radians
{156.25897573606412 , 586.2750501011244}

198
59.78307388196719 | -0.9557177538721422 radians
{435.880174727617 , 265.33920450062834}

199
47.69405295458629 | 2.0546371661924905 radians
{562.3753785444013 , 78.5798098578933}

200
109.33631261518131 | -1.7751345999092831 radians
{340.5109591235249 , 571.9389622049791}

201
77.35110520744267 | 0.582991865138337 radians
{527.0576115606045 , 536.0851560301371}

202
3.373127518103022 | -2.6302361479591916 radians
{588.2233609816211 , 252.86055575272857}

203
42.97217695060498 | -1.6303991687971 radians
{361.38311163243674 , 503.6042748051526}

204
87.69529315984693 | 1.8352011654692808 radians
{261.0276040797681 , 705.131752704386}

205
37.37423852199125 | 0.2602075618141226 radians
{575.1304764884181 , 758.5913462877919}

206
26.898850250059287 | 0.5284365131721331 radians
{772.2605754541228 , 425.66792982806663}

207
59.52063880637276 | -1.9717326673083853 radians
{925.283749135805 , 563.4607780482979}

208
59.83593954155953 | 1.9839808143816116 radians
{687.1111903094636 , 85.89555424871763}

209
127.01695135108352 | -0.9396631201190339 radians
{937.7732845268116 , 764.0}

210
114.69494937112759 | -1.9222486191430057 radians
{964.0 , 701.3395059632741}

211
28.98128752636999 | -1.3009792716575195 radians
{877.884884730715 , 691.6327530475052}

212
96.51185077249438 | -2.195790170311136 radians
{822.2257019127893 , 750.8191001300702}

213
74.59635288232526 | 2.0075925267592165 radians
{476.3690943513332 , 682.524179552905}

214
71.42246970767025 | 0.503922912951052 radians
{575.0754961031577 , 614.6092408066891}

215
21.153430440297164 | -0.7796566305973041 radians
{642.7712986150477 , 703.3622837745124}

216
16.765310910286047 | 0.45720169960197743 radians
{793.2049727869748 , 694.8815513854237}

217
33.090511092219096 | 1.0988589647482783 radians
{943.638646958902 , 736.3650516109961}

218
49.05280556864583 | -2.89725666952404 radians
{553.7237937577072 , 728.2121212011585}

219
41.00610524202513 | -0.759957178400647 radians
{591.2334908530049 , 456.400779867351}

220
88.84144569539613 | -2.395770741091919 radians
{807.8338632602972 , 552.2077784476904}

221
75.42126791839758 | 2.6164052774873237 radians
{155.26641848309592 , 439.85126372652354}

222
48.214796084136125 | 0.4059299636741729 radians
{382.99041312003686 , 272.379746132535}

223
20.305392333151524 | -0.6103617056354737 radians
{631.3155449650192 , 708.26978293562}

224
84.11614288204359 | -2.0466487675152853 radians
{782.4311538499264 , 386.04468085086177}

225
45.045030865478104 | 2.5971951604858896 radians
{397.0981733347469 , 128.83414631057198}

226
60.77503547018386 | 0.24224203042243408 radians
{306.18595786506586 , 531.6103034054231}

227
69.07442088637359 | -2.4340841541548857 radians
{217.36519898834192 , 416.90306327359303}

228
24.34668756315627 | -1.7358103045301676 radians
{235.79005754932743 , 259.77764397257835}

229
43.83470352448162 | 1.0594482672147283 radians
{91.36480658375682 , 504.7266144264588}

230
38.82767391933527 | -0.08343873877588666 radians
{286.16264175907185 , 647.9459922439403}

231
38.712131875598246 | -0.03177330969799839 radians
{673.0885691046545 , 647.4893608661364}

232
55.464006632169244 | -1.4715953880002501 radians
{762.4028117617825 , 455.31703918259996}

233
24.892606061576917 | -0.23367521120669962 radians
{935.1245800850076 , 211.42919550463398}

234
70.04431127421906 | 2.1966959572219027 radians
{705.2792376835788 , 541.9890424617296}

235
56.31674975274135 | -0.47659919710682414 radians
{754.5001718938108 , 544.625325413629}

236
42.25323235120087 | 1.7729815495343482 radians
{819.1508355957491 , 605.3050581646818}

