0
92.14813808391692 | -2.2769723729343045 radians
{332.5426080164367 , 704.7732053204361}

1
69.48966034550747 | 1.7771552274449263 radians
{148.9344795036019 , 125.73388284463766}

2
100.31162414638631 | 1.448346952323568 radians
{700.6143687487921 , 654.5937832079304}

3
26.988989511959538 | -1.0995707919562707 radians
{823.1386036003042 , 178.8539063471142}

4
137.86639447806994 | 3.0377144331566193 radians
{288.3838664127668 , 85.33811422651233}

5
46.90368537564044 | -0.46515450296516814 radians
{151.78396842145534 , 78.80444164514644}

6
164.38477384327052 | -0.5719930475416732 radians
{658.0949027848434 , 63.01828398711422}

7
30.756546164697365 | -1.456887039490297 radians
{820.1736407002243 , 514.5779972591832}

8
70.98243569893681 | -0.39252389855482 radians
{743.0492178668691 , 741.9426866597032}

9
141.97846802141942 | 2.1645033393353814 radians
{98.70926771741503 , 453.5058909565614}

10
190.15950341435487 | 1.816769639064915 radians
{663.2992918757282 , 508.1074056363779}

11
133.40982121058286 | 2.5140778358308733 radians
{199.11087840964666 , 471.4289182599874}

12
54.311940930606376 | -1.4794870762861985 radians
{211.70803910687505 , 681.8352171479236}

13
88.99099834732932 | -0.32973829970483803 radians
{562.3972133061836 , 355.24168643303966}

14
108.52149837214907 | 2.45886327583195 radians
{545.999618427306 , 553.4372687844125}

15
162.1879208028132 | 2.235740787739729 radians
{490.31649536604124 , 314.4286383773477}

16
106.24898788692683 | -1.85017379106004 radians
{540.2495338506453 , 335.55691352138956}

17
50.57402689808353 | 0.5658130781323186 radians
{296.42832575637914 , 563.9024688064284}

18
44.13038855666145 | -2.3968547959200963 radians
{423.1910059373982 , 376.71711960782113}

19
75.51576501922692 | 2.014933853401712 radians
{98.71543874873083 , 568.1105738523258}

20
68.70847847096726 | -1.2133075137928162 radians
{120.48714104370372 , 752.0001249055272}

21
57.425309284601006 | 0.2542861612145062 radians
{634.8506477089404 , 533.3028718020483}

22
30.47511791989924 | -1.9869277626234347 radians
{157.39515129910538 , 312.3637415619047}

23
160.56293601522657 | 1.16171520954786 radians
{622.9294070180896 , 615.0741477087262}

24
192.46845241626113 | -1.9040150372558347 radians
{423.9125631400803 , 322.9045575368951}

25
128.1709514304504 | 2.071132998628813 radians
{74.68160493712064 , 685.4407546996246}

26
65.24420845587606 | -1.1476811908473197 radians
{612.6025943582305 , 410.7189114586704}

27
137.89046983823508 | -0.8267435663869039 radians
{161.27220027711414 , 619.1381910672427}

28
140.2740396637039 | -2.2660864572178614 radians
{223.0416271552444 , 308.95383038475}

29
94.05635104363478 | 1.0743872464283641 radians
{436.7664015219393 , 396.81006134561056}

30
62.47349223146597 | 1.018888488202938 radians
{199.95835324135265 , 606.0074285629007}

31
97.688713445238 | 0.17275790208825925 radians
{632.661394745848 , 482.24484715216465}

32
104.2807007458449 | -2.746189958959007 radians
{356.4948979610499 , 554.3978475804159}

33
68.42720691150397 | -2.402369902441558 radians
{329.0956590008419 , 656.6685435680162}

34
108.45046115171307 | -0.10131488023112616 radians
{88.93835981542013 , 579.6941938143}

35
130.1088214063993 | 2.8523531399823447 radians
{503.02255282810756 , 521.5252479947279}

36
143.8630308918617 | -0.19597178338147137 radians
{620.1831945392661 , 539.9660318506105}

37
64.38848606533445 | -0.15279456813184825 radians
{690.1749811073208 , 385.37365746172304}

38
85.72018117470235 | 2.9207537244637383 radians
{869.4520210658137 , 624.1607884268325}

39
4.048287768676098 | 1.5387587284508712 radians
{526.9653664574222 , 621.6972620969456}

40
64.2876694418222 | 2.0878824536305105 radians
{488.4306747742897 , 704.123131594409}

41
106.55063949131245 | -2.5145438378072518 radians
{40.466507793229226 , 139.20404659952095}

42
103.0419349481767 | 0.458685348684506 radians
{908.1387895649524 , 181.55305666623977}

43
67.28381912582302 | -1.9860111375763065 radians
{898.2683678631238 , 603.05942487381}

44
53.779184103137965 | 2.941471752172509 radians
{969.6078426005072 , 565.4178058857448}

45
79.28857977759841 | -2.6866450281252394 radians
{708.5896469633494 , 516.2157512313775}

46
83.11890481061478 | -1.6670923757232612 radians
{678.9038324414862 , 107.7276371547054}

47
123.40217757660115 | -1.6356027558864576 radians
{598.9872550706862 , 531.7513422378362}

48
119.26299778816443 | 1.6378552691818404 radians
{519.0706776998861 , 480.55690853613993}

49
162.80837058060334 | 3.0464686714417244 radians
{852.4457493438097 , 695.7406399639218}

50
138.45847483605962 | -2.0860794281516286 radians
{831.8547191409399 , 570.9432920105129}

51
173.45900448026453 | -0.9201478824810327 radians
{877.5962524839252 , 499.8792439947332}

52
211.95514771422523 | -0.09080987603054026 radians
{745.9058782919335 , 728.8331587433573}

53
136.87561301893177 | 0.8830930823034207 radians
{867.3054748846442 , 655.4796043471392}

54
121.92476162939793 | -0.7130810418798024 radians
{920.333891394074 , 482.38535593928157}

55
180.62875656811244 | -3.132357287185098 radians
{477.292102793664 , 316.53915599092915}

56
103.21636786242189 | -1.204237794070202 radians
{207.88339909442752 , 419.67589177832326}

57
145.67470849397316 | -0.24756315481278862 radians
{637.8213734134819 , 215.46566312570667}

58
153.7520808833091 | 0.40632617572780366 radians
{143.69453378547163 , 342.12061870641355}

59
65.8422427442743 | -1.1999772707120888 radians
{432.3738693470832 , 280.2243855131416}

60
58.65959041528071 | 1.2675703424089917 radians
{582.2283998765081 , 301.0615098562648}

61
87.50483104402404 | -2.3515551805038 radians
{438.66344370187267 , 406.47075909032213}

62
64.1261580922976 | 1.5456250515593863 radians
{179.3664316762369 , 148.87530317846176}

63
89.05114408884943 | -1.6081413298618217 radians
{562.445622173472 , 629.4801693754488}

64
37.26523962061726 | 0.053498243057121746 radians
{655.7980806489192 , 206.90803949011035}

65
87.97702529767942 | 1.8790271400939205 radians
{461.7745792352441 , 714.5748399967903}

66
35.52383915707692 | -2.1053290605763957 radians
{479.17328670899326 , 437.7243148928702}

67
14.088569923426535 | 3.1012384331569285 radians
{180.0462552355404 , 322.5431304233862}

68
100.40743095488858 | 1.5737898479742236 radians
{119.62105583038662 , 207.1939621424865}

69
119.08539533580846 | 1.2569273565560466 radians
{211.00263839758438 , 639.204244981569}

70
114.76865307380193 | 2.755088845625988 radians
{596.6094547595221 , 531.72778663362}

71
21.89789333155245 | -1.6546938796257842 radians
{463.0997466793306 , 577.2901850182436}

72
56.61763437384385 | -3.0641549723361603 radians
{665.2615100019534 , 749.7503211585883}

73
103.13614857060631 | -0.1731091480817588 radians
{51.39866869296978 , 720.2810767352508}

74
65.24745682584782 | 0.4188429638325934 radians
{732.4645162249592 , 373.4155370560091}

75
118.43375808454222 | -2.9314763200185863 radians
{423.8122317293919 , 350.45931964379383}

76
110.37161273124411 | -1.2716794600407635 radians
{606.3661694118449 , 213.6920603127581}

77
84.16087660474815 | 2.8726738621688197 radians
{804.9666095427161 , 414.1961507728589}

78
135.09257513546186 | 1.2961932608864157 radians
{443.6903463028925 , 738.0912673853088}

79
25.506883421704753 | -1.3956030812765006 radians
{525.9068945017121 , 293.13557785847587}

80
92.24826289342461 | 1.3840599816720514 radians
{646.3751764813087 , 638.8238114056591}

81
68.7128755239898 | -1.665080843320411 radians
{752.7474597117196 , 680.8263278168967}

82
34.31397967191405 | 2.9777505787701846 radians
{861.430682960886 , 714.661057241654}

83
54.97622664517388 | -1.996876921925838 radians
{781.8700839034202 , 202.5740497774955}

84
65.47571810265131 | 1.6881255653844867 radians
{623.0374860311258 , 188.25186861262412}

85
88.11121963325442 | -1.6578942219933792 radians
{546.3914608099276 , 365.4443948206652}

86
122.96673951593058 | -1.5678762312470587 radians
{628.7377302598447 , 437.03333109264855}

87
179.91932175589153 | -0.8962604864557362 radians
{974.837143814217 , 750.4443440022048}

88
89.30006638758772 | -2.3837280014679436 radians
{238.73211030495105 , 353.63176514292286}

89
61.76878834131323 | 1.5115612383989372 radians
{336.2392715915873 , 279.2285394854913}

90
100.68002416148228 | -2.918847674783469 radians
{105.47130289897494 , 391.4589229247103}

91
278.41898186656863 | -1.6311605254384385 radians
{825.6119552184851 , 774.0}

92
64.72362386123164 | 0.2889342057595272 radians
{910.8641251375681 , 774.5709700841463}

93
162.18061493285188 | -0.04996570383691525 radians
{967.4470385978248 , 730.9432188453726}

94
102.10295752667066 | -2.2154506598405233 radians
{410.9042470408426 , 402.7531319280016}

95
63.325551713159534 | 0.25006266054771475 radians
{250.97175009390827 , 74.13900035669789}

96
74.51237737472236 | 1.059559119750814 radians
{310.41890049155325 , 553.2175229769467}

97
69.69685086187701 | -2.7107567361507616 radians
{45.64737323338346 , 715.616516469347}

98
164.1022397151573 | 0.5295869934369525 radians
{506.2622752946765 , 769.217298773181}

99
48.04805335466066 | -2.4967020980605694 radians
{620.4126971167316 , 175.75355870903118}

100
155.08904357502124 | -1.3821402705162256 radians
{264.0405345533272 , 578.1461339696802}

101
164.60428188994763 | -1.3931657321614874 radians
{554.8929238591203 , 733.1898740048761}

102
43.92295841237192 | -0.5989058338996486 radians
{848.6016944949737 , 618.5956464734446}

103
129.16840310771676 | -2.29205096789378 radians
{910.0299232461762 , 359.5216036568334}

104
111.66302617705071 | 1.4838955372681981 radians
{492.870750896862 , 488.9300729439326}

105
135.1644716025325 | -2.282644537358988 radians
{760.6226766105234 , 444.9994235134931}

106
73.23016891763608 | -2.3891767606163055 radians
{199.81922827094047 , 409.36980581850037}

107
71.33986835932735 | 0.7236651812307169 radians
{382.40633493792814 , 393.9615718900268}

108
75.92508599030171 | 2.171268922477613 radians
{129.67369762673792 , 124.36000186678562}

109
27.495081268298048 | -1.2663677486514586 radians
{352.2708515830164 , 616.2545450113097}

110
52.349101056206806 | -1.412703276711861 radians
{434.68682901374683 , 717.3987288768878}

111
99.39249278955587 | -0.9823249064036732 radians
{513.1982799984021 , 447.7405404302475}

112
17.78617722565537 | 0.5610833990229357 radians
{603.1256365302628 , 514.0193245468929}

113
49.43047042003386 | 2.049738323361174 radians
{546.8593134744513 , 753.3370870588429}

114
57.33246644150054 | -1.1089796068963447 radians
{433.8429619379862 , 722.8290773814163}

115
160.31999977923007 | 1.8476207222296548 radians
{393.77529154670367 , 126.63088451003449}

116
93.00007138863131 | -0.4862658878954959 radians
{875.3520313212522 , 339.1183700952208}

117
93.38905193222578 | -2.1123389398379007 radians
{291.0886919673377 , 225.49799572807296}

118
112.86607623432809 | 1.133261177815374 radians
{145.83188281738012 , 412.5769483216167}

119
35.981007408774964 | 0.8352285653767825 radians
{390.0655351197646 , 200.91136956799886}

120
162.15365697071724 | -0.7503953222152231 radians
{938.1853579471618 , 373.0752317063244}

121
100.67837662438296 | -1.9438662453817042 radians
{31.292087456465524 , 412.76640060724264}

122
84.39392374957195 | 1.1209753759955754 radians
{383.7747014756763 , 251.51534198652126}

123
81.79172958750418 | 0.2618766320992903 radians
{755.0660720484445 , 591.2775111120302}

124
92.81464369487624 | -0.15091509431056968 radians
{140.69963058760356 , 546.7259833752846}

125
22.44015017020555 | -1.861783077382854 radians
{796.4680794423451 , 598.6992331628472}

126
103.15719743323487 | -2.4110639590676675 radians
{771.474740002737 , 392.07446188116126}

127
139.214389937512 | 2.0931373187015416 radians
{46.2710984359872 , 735.4002266731333}

128
32.617027615565114 | 0.30772743216653536 radians
{233.23214938617457 , 384.0563237171377}

129
60.08787290532897 | -0.16628740571514738 radians
{558.407208686324 , 663.0594463350917}

130
94.90555863249958 | 3.1141390995191043 radians
{705.4347289510387 , 496.7868271970097}

131
96.30018801180941 | -0.24617965325702817 radians
{530.2451364462812 , 453.89160368620634}

132
112.84154787846728 | 2.3412832811146 radians
{725.1240135061073 , 590.902134324678}

133
61.37885267045237 | 2.880697565377245 radians
{30.979742703825412 , 419.3977073869514}

134
126.36996459373633 | -0.774152268435636 radians
{742.8475460842565 , 201.47764195911267}

135
78.49025104125495 | 1.6860683429292538 radians
{780.2234253438064 , 335.341725433696}

136
163.0415455465124 | -1.9623891947594527 radians
{748.4369044010252 , 426.87365329541524}

137
49.74307672855791 | 1.2433949534944317 radians
{252.77543882632668 , 741.056149651696}

138
92.99750408732591 | -2.133443669444487 radians
{90.24633606836028 , 405.4621912475918}

139
52.98711556213662 | 0.3590916308679996 radians
{455.9308719581376 , 102.26160483035488}

140
126.64237060541423 | -2.709874550194886 radians
{116.09461573456184 , 612.2096722242319}

141
73.81207533979928 | 2.6213944139562853 radians
{915.2494018015635 , 553.3168555041126}

142
99.9481589125422 | -2.411726979022517 radians
{566.6057342295194 , 224.11713748862118}

143
106.90146929719351 | 0.7998853563169223 radians
{224.63403206028215 , 301.6683459343995}

144
67.16872978673905 | -1.7049554629593784 radians
{201.6704116756006 , 602.1108001574829}

145
10.965746743713323 | -2.545025804893675 radians
{795.5704944522955 , 447.6314825009878}

146
100.575767603227 | 1.9591716907355952 radians
{862.5592511476923 , 484.1087780805403}

147
87.33901115917445 | -3.10039446368494 radians
{610.5956618591148 , 747.0072313651863}

148
70.17827266901665 | 1.4546555049187504 radians
{273.25398369249893 , 660.5069829209247}

149
27.503543245579497 | -1.683284116658357 radians
{243.68260298033718 , 638.8882272913708}

150
83.66704020932204 | -2.533425486072696 radians
{31.17929235123769 , 658.771293457945}

151
122.96098801265745 | -0.5905848656176104 radians
{927.5630761080731 , 516.2512258930211}

152
105.90041292109922 | 0.267527719108307 radians
{43.02220972371984 , 314.14425581633225}

153
72.57949600415257 | 2.845754186679882 radians
{715.8547232602402 , 732.9527785348769}

154
120.3378022294285 | -1.8944598312405818 radians
{511.1731274083093 , 603.7010916784274}

155
81.52427326903454 | 0.20132206381821835 radians
{305.57206569428445 , 245.45508445775542}

156
82.13293586182947 | -1.9413247527931061 radians
{674.9598017241472 , 150.85249268368148}

157
143.5546411188508 | 1.1126235465195131 radians
{147.7000247367567 , 726.3083333727068}

158
85.8369753262993 | -0.15582331374205166 radians
{336.92226912234037 , 330.60660911018834}

159
102.93453146993443 | 1.1838171408205402 radians
{613.4623107455338 , 415.3322602730529}

160
72.80773621346127 | -2.133591549695594 radians
{948.1021723880549 , 139.8349837807449}

161
121.08773242466413 | 1.8973860026998002 radians
{559.6347582088783 , 616.9640608051157}

162
130.90887377357515 | -0.5427413048234889 radians
{203.48652467855595 , 515.6105676648898}

163
43.51791108455717 | 1.1463977247497745 radians
{556.190935845693 , 402.93933317386524}

164
32.042869699214684 | 0.6750221381190716 radians
{649.6951645098538 , 489.16521546239335}

165
77.77088726339252 | -2.4189793433204354 radians
{503.88920651477133 , 617.8113886522701}

166
178.01372848388098 | 2.8749677488234733 radians
{230.63472187491942 , 351.4657831486179}

167
88.74159808686144 | -0.03169850446116774 radians
{77.73992731519049 , 384.78152318537576}

168
119.49521670234671 | -0.7343534395737197 radians
{964.7101098613147 , 711.1849678199717}

169
73.10184192899885 | 1.246251091400256 radians
{597.6588675443573 , 31.739739298781718}

170
139.38314926520772 | 2.4611364901947486 radians
{231.1321821731767 , 310.0969111523706}

171
40.69815049574701 | 1.1435215790565374 radians
{686.6167693406134 , 220.02692295411106}

172
77.86509376569241 | -2.573074145892858 radians
{810.8261881027973 , 467.12585136057294}

173
53.36468746870907 | -0.540122138319997 radians
{333.9227387185644 , 377.1937760708625}

174
67.54099003789572 | 3.066923781455411 radians
{968.3872673234731 , 26.687703323937317}

175
123.18260365305605 | 2.149300293087858 radians
{294.85934614024643 , 567.5729483518069}

176
155.86003138255782 | -1.1549312447544382 radians
{844.9606993061418 , 512.1588781612414}

177
165.15122949090065 | 2.113927917572769 radians
{131.33446483683798 , 504.5140310312656}

178
8.797888887812945 | 0.42515501238324804 radians
{258.3398183826362 , 501.69990183526505}

179
98.0255101585768 | -0.40769055162192236 radians
{168.48612338512766 , 734.251127422613}

180
63.82032900570541 | -0.19249605620632323 radians
{333.987636134612 , 476.0344148514315}

181
171.53526829099155 | 2.6995077983248668 radians
{806.0354987594015 , 214.47008146613018}

182
88.97847985896725 | 0.7449521591290088 radians
{26.0 , 470.11503225380034}

183
111.30974411406353 | -2.2239661231067096 radians
{304.8001131424712 , 236.30706778971722}

184
164.06150052441473 | 0.5930023764314327 radians
{460.80059119850216 , 682.4610349952833}

185
90.40229334583968 | -0.9081592509435588 radians
{934.104307936315 , 428.71941667971043}

186
93.89800087646475 | -0.3491046527037523 radians
{821.0105362129458 , 524.4748862746617}

187
65.7513774389549 | 0.6641469233744155 radians
{294.8965314270204 , 680.3782005556026}

188
188.03154745705254 | -1.8936128837785886 radians
{27.669361715715226 , 606.09097476323}

189
129.72205658816355 | 0.9938388645104731 radians
{718.3279741916781 , 637.9510837980073}

190
30.544131416036958 | 1.8649282725248166 radians
{641.6060657374131 , 547.7036080796806}

191
98.93509710220019 | 0.7506622735748909 radians
{889.6216450172163 , 705.9269690195689}

192
44.37217772796504 | 0.8756144587377946 radians
{635.1512296886182 , 720.6870802479538}

193
77.26293095122084 | -2.1522443847002646 radians
{543.3873663437527 , 300.7819979578715}

194
153.4518136651068 | 0.15514158147342566 radians
{632.4352229918826 , 82.18339908708508}

195
152.5435063074539 | -1.3874530684210082 radians
{48.44812298737805 , 614.7454638427585}

196
121.05603861307588 | 0.008294336651194435 radians
{359.3117750122352 , 473.9408314291533}

197
59.13652063638715 | 2.9992149089047095 radians
{537.6826196902224 , 714.6822962462122}

198
34.678812260270334 | 1.6440441917021 radians
{415.85473094956046 , 763.8493730906348}

199
110.37905242975198 | 3.1174060423933696 radians
{730.6434406123961 , 759.7018306268983}

200
85.66549191035446 | -0.5906990684999098 radians
{824.8135828753616 , 265.8998381349057}

201
75.52054417165687 | 1.7986243365808912 radians
{762.6935144773188 , 617.7414856796511}

202
145.8303251197553 | 0.7695294054809197 radians
{87.09886323410419 , 695.6392587149634}

203
97.14937670684007 | -1.779953905595887 radians
{524.7595375870417 , 133.48653247846806}

204
147.8811158203977 | 2.9165641797067026 radians
{721.7327736961793 , 384.11387650278436}

205
132.36450475136306 | 1.4428179557217125 radians
{182.5593135024126 , 536.4140174886013}

206
17.815156535358216 | 1.0417159956141828 radians
{274.3883722972463 , 230.01492719869862}

207
22.216939906723475 | 0.5142859880878525 radians
{151.6201283336509 , 152.28047132871882}

208
45.57371177407167 | 0.29495823802286575 radians
{495.1186561222227 , 166.75689356975346}

209
118.05142854152507 | 0.32523704799245895 radians
{342.9439862380872 , 234.46209125636884}

210
35.37293703329083 | 2.5017528649766634 radians
{52.859402739853536 , 567.0355638226827}

211
89.65551484465317 | -2.0423141753396528 radians
{129.74545562267093 , 603.7003096511264}

212
44.290447656365544 | 0.4039915874373335 radians
{328.04400208559235 , 289.4142697019547}

213
38.89435413927 | -2.1453996716673394 radians
{297.5221510581499 , 225.41335242628617}

214
42.207937951443725 | 1.8648056244171662 radians
{116.3492110922235 , 29.332336088985596}

215
116.72976386624491 | -1.4658187383858252 radians
{56.57878593525226 , 642.4823516456789}

216
57.28332178687116 | 1.3556129033643232 radians
{178.89392967626134 , 115.24184107834424}

217
21.073655397209563 | -0.9038697783478845 radians
{238.5148856902722 , 605.2695698396915}

218
75.6856510587461 | 1.181506705785636 radians
{308.30052760836986 , 643.158657084162}

219
24.2066705588125 | -1.973339235058726 radians
{311.5411133724425 , 264.03203042439657}

220
129.07297717287483 | 0.6936705703533043 radians
{728.2416029838066 , 564.5864773518081}

221
51.00113381392403 | -2.4551620758294965 radians
{487.4445255434682 , 765.6125599151214}

222
74.93852920116801 | 1.8821142602777432 radians
{584.0308728435523 , 352.59604856225207}

223
53.03575036322305 | 2.4951601293335597 radians
{484.4812314204971 , 714.0803708766186}

224
132.5191583862086 | 0.8267857875102231 radians
{332.45052737169635 , 568.6977921575439}

225
97.72674905047052 | -2.7346993163806097 radians
{719.7145009268902 , 154.89443296619834}

226
107.18849898724407 | 0.5784891581942507 radians
{227.93260220511738 , 256.79341167394574}

227
84.13368825130894 | -1.7299995649319437 radians
{597.0970403431095 , 486.34762656506615}

228
41.03476361477008 | -1.4514232110725873 radians
{287.95099488564165 , 31.768204683785072}

229
77.34998699030994 | 1.338618773267273 radians
{384.72524829490817 , 501.7805115740994}

230
27.488218840710044 | -1.6997278865273397 radians
{551.6494627998416 , 507.9420219775194}

231
160.9294266279269 | -2.4073718673755837 radians
{527.1276075817332 , 350.3975339162366}

232
132.50011932062756 | -1.5153943812560098 radians
{617.8005252235321 , 444.06425689266143}

233
113.50563108892266 | 2.5516406440273247 radians
{926.8402616642634 , 370.9306848515724}

234
60.30155890806681 | -0.20504242860190264 radians
{729.1230538503168 , 769.3623593293883}

235
57.27856966471542 | 2.8682737005618635 radians
{905.0594905898654 , 754.5056822968337}

236
35.94936556576857 | -1.815522214942146 radians
{900.2438061485473 , 745.0822798350755}

