0
100.0347928358144 | 0.8363687306856508 radians
{687.0827768278235 , 377.8938675043426}

1
63.12499591620365 | 2.5123598743480864 radians
{662.7884945771766 , 450.2160393167393}

2
149.32739211846658 | -0.8456040271969896 radians
{938.7140653423031 , 230.8935464928529}

3
131.66690418418162 | -0.46298864566147774 radians
{837.5415378375218 , 374.78879831642644}

4
58.40182188606092 | 2.0533562833380263 radians
{955.4493660887824 , 327.2963542797624}

5
60.810262794868336 | 0.3472217577480048 radians
{932.8297149676183 , 353.423109281487}

6
59.5205946462329 | -0.42821001212694576 radians
{778.9752597436934 , 703.6095316354695}

7
145.47574958851322 | 1.8339112069683932 radians
{565.1699120530236 , 597.0381959568622}

8
101.32209180065614 | 0.4607354527085923 radians
{957.0589621690724 , 620.7018319684756}

9
37.35204423792246 | -1.998914344081869 radians
{932.8168773842522 , 714.9720359225306}

10
162.19999600948645 | -0.04397089840241263 radians
{499.60831719284147 , 512.7424444896993}

11
40.06390128296078 | -2.841293719076347 radians
{914.7827984647787 , 94.8759112536604}

12
51.470848214438234 | -1.326205124828587 radians
{629.6997880863386 , 203.71385321680475}

13
123.57155526999392 | -0.6156098275795333 radians
{102.08269822894115 , 231.70994449142046}

14
137.09623794307572 | 2.3977626848222466 radians
{834.4847089185132 , 418.07629385202915}

15
108.36373862022617 | -1.865580145868788 radians
{56.87208144241359 , 290.9193216496661}

16
143.47656661766803 | -1.34956485372462 radians
{316.9727831022336 , 733.6984998031911}

17
16.885904319864792 | 0.18286899164839443 radians
{374.5956601373618 , 712.887265927384}

18
126.84332406089042 | 0.2172303794538239 radians
{586.0912357831257 , 690.866160900501}

19
123.67277388688798 | -1.44051017340034 radians
{733.1910942320003 , 315.0518643947016}

20
110.45893469227869 | 3.1182808614587434 radians
{202.83330748770223 , 266.4538073224071}

21
148.43246102433787 | -0.7318080253750663 radians
{960.4434282553036 , 769.0}

22
73.70316374573552 | -2.7516029911983444 radians
{447.2099040959897 , 505.42087431561566}

23
147.8223432116886 | 0.2601923817841743 radians
{517.4493548705848 , 588.6412693899201}

24
95.64520373111242 | -2.3986049279706383 radians
{57.83047493962671 , 30.172189943896075}

25
116.23186938050303 | -1.1661303647278642 radians
{143.1493672243116 , 221.07074728477085}

26
127.70132595610048 | 2.2174516522523406 radians
{47.31968744448349 , 434.5304779211397}

27
32.849296879875595 | 2.0950845252072123 radians
{42.02709963523286 , 448.51408468581695}

28
45.29514937152846 | -1.1992606427532428 radians
{183.10938150241526 , 501.0334498572811}

29
43.71604480150136 | -2.073732757363433 radians
{340.00000007797337 , 551.3052696668809}

30
100.63488706218378 | -0.9144182454722042 radians
{36.117716310196904 , 615.7696898708895}

31
128.72145739506485 | 1.9338911854458607 radians
{362.1672970427911 , 620.3912118739197}

32
104.96689405194714 | 0.02117852727462032 radians
{214.650870428202 , 613.4271858778919}

33
105.62325998253705 | -3.028067338203424 radians
{680.4057750413962 , 617.2610919257486}

34
57.82930019687503 | 0.918620891911261 radians
{735.0735221537467 , 602.2360993483088}

35
66.14255867215599 | -2.5358874201466772 radians
{746.9652821066193 , 734.2123033097507}

36
57.144381705802154 | -1.175111501120163 radians
{969.7468265617157 , 655.8439229739056}

37
125.43667269689621 | -1.4696969718354616 radians
{899.5267058067127 , 769.0}

38
55.073860527063246 | 1.7461859876687544 radians
{686.5094102963715 , 478.6762971976873}

39
52.821149897337314 | 2.59656825798867 radians
{157.76764995835106 , 699.2020099938931}

40
85.96726472913969 | -3.0960821957580156 radians
{284.9763535351275 , 726.1734062003508}

41
119.92729565120379 | 0.3874954609809593 radians
{641.6962875187921 , 59.03134511331767}

42
119.8834747929876 | -2.711343793182437 radians
{472.4835146640848 , 199.41811669378427}

43
113.37465511389128 | 2.2137146091339446 radians
{218.5621788314884 , 366.46728986031843}

44
143.8022171049315 | 1.5288960858400353 radians
{93.20101323406585 , 417.88301144456835}

45
137.26823053567614 | 1.526900375821662 radians
{153.43685977691175 , 324.2790089013309}

46
48.99681904844606 | -2.349834362797317 radians
{90.31903871255548 , 31.263552292205315}

47
135.38615088784098 | 0.6651235579590836 radians
{465.9865223939291 , 162.19867912412644}

48
104.70167899520197 | -2.213721198954921 radians
{231.6187086070056 , 365.54894870697564}

49
77.45161929801831 | 2.313016307625707 radians
{771.1268147764804 , 691.1112457741141}

50
15.996780991569146 | -1.758802130034394 radians
{657.5114490477997 , 352.6029611156578}

51
17.41443000136298 | -2.070844291380252 radians
{233.17354085823743 , 256.5001306048284}

52
143.948567045959 | -3.0284265775647197 radians
{55.57365725064844 , 486.89870296029466}

53
16.573548944853194 | 0.4013489457710241 radians
{682.5121841063309 , 520.797909529082}

54
165.06381266231384 | 2.589645502858325 radians
{179.0866288654845 , 715.578530845169}

55
40.25456003674261 | 1.750367760276785 radians
{717.5618289414833 , 484.81799309215415}

56
78.06260506553608 | -2.340834491025235 radians
{864.8401511513439 , 764.2959455743511}

57
24.802937168002895 | 3.0380320529824436 radians
{847.7055739817011 , 280.02768909068607}

58
52.004702628423146 | -2.5914163127490917 radians
{381.41551491090627 , 72.82319567738146}

59
86.31437182905675 | 1.4637383874201582 radians
{39.45441402619904 , 45.16711703598389}

60
97.66508414974486 | -1.2537858613622799 radians
{345.6263318089758 , 389.4728311561286}

61
114.2141158433277 | 1.6623664794152269 radians
{391.85942978174535 , 686.8731340126373}

62
31.642215800707994 | -1.907168965215979 radians
{287.4194889334235 , 73.02836147978616}

63
83.26932880992366 | 1.6965517850537897 radians
{182.97954808509928 , 375.40100672324274}

64
47.512183531250756 | 1.783859407294573 radians
{503.6360226218755 , 766.3972616756195}

65
89.07873508706231 | -2.395213187819805 radians
{322.308600859545 , 313.764474443197}

66
179.03479914514 | -1.4919622209521732 radians
{85.04782833254464 , 678.5343734886492}

67
29.118019341114053 | 1.192149362549798 radians
{417.21008580726095 , 248.83002722032998}

68
110.62458627229842 | 2.361712311662868 radians
{372.2249580045516 , 701.6491730445605}

69
91.91556342095029 | -2.3761281665559917 radians
{350.68249953175814 , 685.6260040197837}

70
39.89817188355741 | -2.5650568733004 radians
{83.12414093699759 , 418.5275833960486}

71
113.42186510086957 | -1.1740066122312969 radians
{93.09668498075051 , 668.9862024956725}

72
60.20132072344899 | 1.3051951637303012 radians
{411.18433281141307 , 394.50072461588354}

73
85.12561359202054 | 2.952421017522113 radians
{150.6816798374668 , 635.1140397720197}

74
112.4975071237627 | -1.4025035417227762 radians
{416.32445827266247 , 750.3790565885986}

75
22.78416171728506 | -0.5969854902381874 radians
{604.7572183158425 , 131.7974519045177}

76
58.583692922954846 | 1.8564924101090685 radians
{624.1044244697512 , 356.7213448848328}

77
78.98809512673374 | 1.686986060542253 radians
{164.43946875475163 , 523.6381790252549}

78
106.1282741388582 | 1.9244329197506156 radians
{266.0408085268746 , 722.9013288647002}

79
42.144236956607664 | -2.585829527200137 radians
{323.1683679482205 , 569.616471364533}

80
67.0279208131056 | -1.0073211066493266 radians
{93.65253381251999 , 712.9349039105257}

81
114.685251341835 | -2.0531253644961716 radians
{317.721594084733 , 725.8144309356586}

82
52.65553618512948 | 1.8123185791174519 radians
{171.98724500786082 , 721.4625709111659}

83
84.24499519333106 | 0.32476637154854077 radians
{291.1816986643176 , 654.2078533894993}

84
4.469941766943422 | -1.670935414782674 radians
{327.31239387301923 , 369.45614564453393}

85
89.82319674864338 | 2.341684700287955 radians
{131.17187582053467 , 497.5544086089104}

86
115.31825675475619 | 2.4538662977687418 radians
{60.13800830990295 , 705.597318839956}

87
89.52225543514578 | 0.09653948479741835 radians
{884.926858713685 , 442.6836505228261}

88
134.75914577429572 | 1.6848010415641301 radians
{423.8367835699295 , 695.6265046863762}

89
48.837685333934004 | -1.7584120849244202 radians
{328.02894301406576 , 696.305775482696}

90
48.30621924474592 | -1.6497397931467734 radians
{319.10903465941163 , 730.1241073672442}

91
30.831267979103636 | -1.677476443443026 radians
{710.9283060595309 , 658.2572894255583}

92
98.71943120055157 | 2.5974291160964396 radians
{393.7503258202599 , 553.1155255550027}

93
32.59673256739738 | 2.9208670884836776 radians
{443.4512105494124 , 677.262989426029}

94
42.626764333621196 | -1.883601103562103 radians
{604.2284742131483 , 762.1040388912902}

95
105.06761288376977 | -1.6654912305040996 radians
{230.4174225092809 , 459.1787278245961}

96
118.49432096657954 | 2.0836867773143726 radians
{648.6084767676725 , 582.2448639656494}

97
126.01511563667609 | -2.662184797629176 radians
{708.111853340054 , 145.42534700936864}

98
76.25992365769297 | 0.5661378100463295 radians
{319.8811409007141 , 465.6141507383837}

99
66.48487294682077 | -0.847007294037098 radians
{780.1559581824093 , 520.3917787136741}

100
64.74126515904518 | 2.3186457707741077 radians
{719.5069748956744 , 508.0868570236941}

101
51.64804585141665 | -2.591479879492656 radians
{279.22516588804456 , 430.4155637452159}

102
51.10849895211916 | 0.3787538049475963 radians
{220.94497219095763 , 432.56675520988074}

103
85.36140048327424 | -1.796799209289285 radians
{345.67446019510544 , 260.0848241106698}

104
94.87874285292624 | 0.8444707128010417 radians
{283.04617017189986 , 402.80151144543777}

105
115.395936868904 | -2.829896004428808 radians
{776.7878049550065 , 381.1123535497791}

106
102.80957355600377 | 0.548714132294468 radians
{162.5750636124172 , 156.74709463347975}

107
115.47083749733349 | -1.488484294856354 radians
{490.0734191423047 , 730.0950382597493}

108
137.26065307179937 | -0.7077398025017118 radians
{573.0766936754347 , 103.49475688782367}

109
112.00369000145682 | -1.6843665270285555 radians
{676.8612723605656 , 471.4215904740708}

110
72.03016472027451 | -1.0258849136071806 radians
{884.2380014833373 , 398.2061092785062}

111
113.38290711511195 | 2.6829467809021708 radians
{443.73028849040446 , 114.29115738660823}

112
39.69887147915694 | -2.1495533715036648 radians
{67.93281762017659 , 459.7715876991521}

113
134.47433787026276 | -0.387743936396237 radians
{232.37934742996822 , 349.7223775532617}

114
78.61002268520407 | 0.9507006240962391 radians
{813.282888998579 , 365.41740325169354}

115
43.74954287303521 | 1.4920202588183769 radians
{960.5883076040818 , 624.9445725431794}

116
44.3947612326565 | -0.3048004481760519 radians
{952.1955355207675 , 628.3312776472217}

117
51.871580720471464 | 0.6281753983940537 radians
{887.7473847164983 , 611.4069328448404}

118
47.30965327413207 | -2.467137430375911 radians
{910.4941307920465 , 491.9150972832629}

119
50.65740320545897 | -1.3190693814058716 radians
{388.9174111250429 , 531.8537284166429}

120
48.49363147755254 | -0.9076478902180672 radians
{487.2986385597821 , 485.8472278983684}

121
59.98641281744235 | -1.7505296410248563 radians
{644.9177544479317 , 85.05146061102492}

122
71.54536829770959 | 1.4448873634660346 radians
{699.3193915617935 , 282.17764709746507}

123
99.16992133035117 | 1.9283547869560582 radians
{714.8697350247169 , 38.707423572721005}

124
141.9212459138071 | -0.11625097286727494 radians
{888.5372652122729 , 489.03435768378534}

125
116.04074543352277 | -2.174833299727932 radians
{217.78466149603483 , 57.661625574465695}

126
133.52705665194117 | -1.0545834157492502 radians
{497.8457110266587 , 289.89392481320965}

127
29.728274278100038 | 2.5769515970910875 radians
{693.3437226142212 , 525.5032705873637}

128
47.79886624638586 | -0.5668122870067093 radians
{884.5486292769829 , 633.7784212384478}

129
34.42251663257892 | 0.8474052565796982 radians
{945.001387076258 , 666.5329829918439}

130
132.22375044085874 | -0.6024343032249353 radians
{892.902512183797 , 604.2100232585216}

131
101.22164943028476 | -0.9298216452707576 radians
{581.8574724246088 , 328.9348758811289}

132
94.01484351761269 | 2.337693816408721 radians
{754.6305346202132 , 73.95132282714758}

133
107.43443963958423 | -0.27448638403448083 radians
{646.6123224209947 , 591.6125597506858}

134
93.75660696111007 | -2.726846033820714 radians
{396.9481557431872 , 471.8105179125199}

135
86.87181609591842 | -2.9508710892690253 radians
{153.21923513789403 , 461.30799791678953}

136
66.00206742574447 | 2.3808060451432502 radians
{697.2160505910499 , 768.3429002932279}

137
64.62671760130418 | -0.4546587679986165 radians
{866.0368297309078 , 553.9098168441221}

138
97.00716895637409 | 3.0580722611148334 radians
{602.2941166356471 , 510.12496694157363}

139
82.62371504572276 | -0.28934947934438554 radians
{726.9656229507362 , 222.9856941755941}

140
128.2745862965345 | -2.736388897203983 radians
{242.05153969597745 , 111.68967040011037}

141
142.10264895338014 | -3.072358720532401 radians
{832.5820708766903 , 521.0969709210357}

142
63.374346634420405 | 1.002151725419621 radians
{526.4180660785794 , 676.4445692817989}

143
39.2790215029595 | -1.0077445012612356 radians
{898.6734827144275 , 428.61032271455946}

144
64.86675140959645 | -1.9948383882567629 radians
{738.9080310176257 , 162.72923918218}

145
102.38992769898289 | 1.834505421396053 radians
{472.0151616807459 , 482.6070096087141}

146
106.76325350419499 | -0.468542790835813 radians
{54.814272123859496 , 488.34462234937536}

147
48.10254577274363 | 0.8939026964481336 radians
{267.02357672277407 , 210.7358690758052}

148
53.897988143564056 | 0.41205822512449186 radians
{672.1378587546034 , 467.4528747569268}

149
45.458043143494905 | 2.0999498950492175 radians
{681.3405299525624 , 580.5272403685206}

150
16.52964697450985 | -2.835496327368052 radians
{517.0508006739943 , 557.1797161130729}

151
78.52968076823257 | 1.2538758971313544 radians
{638.7193424611149 , 720.5916332482082}

152
105.88912111667364 | -2.8118322747897975 radians
{308.6773868415428 , 543.5868953475813}

153
135.50925695315274 | 0.11420510370280186 radians
{333.90963981778475 , 254.21335452132806}

154
165.34194210479458 | 1.9209309245285155 radians
{542.0427099729885 , 310.6585835971962}

155
53.58535161564134 | 2.631870117611412 radians
{502.6099104071496 , 478.72188793459793}

156
119.78184610888853 | -0.7703108554610388 radians
{431.55697826012056 , 733.3938161313849}

157
87.07867986884281 | 2.9816137128829285 radians
{653.7886174040764 , 386.7854032846223}

158
47.65321836303196 | 1.965793542741529 radians
{287.15655837027276 , 763.1409734488867}

159
25.912767861570302 | -1.3371603803846137 radians
{907.3819762468138 , 716.3766255499357}

160
11.46962533915209 | -1.0203668367863348 radians
{967.3742336910418 , 688.8578063436617}

161
71.22439177250418 | -1.8794656712758908 radians
{833.7666306972155 , 70.38766168326856}

162
103.01142742561206 | -1.0885546073001162 radians
{791.7557182719225 , 422.1951234129279}

163
76.67124570638984 | 2.2434860445208065 radians
{670.4172523881598 , 176.39434694304532}

164
153.06937967564212 | 1.3599579904828847 radians
{379.151463695369 , 68.11338312181807}

165
30.582369068981052 | -0.79161607689324 radians
{579.8996552474828 , 690.7330893107568}

166
41.4785312455127 | -2.222378106188026 radians
{413.27474380897536 , 337.53547733435636}

167
162.57757181059299 | 0.893645097317612 radians
{720.983809070037 , 300.13800672254996}

168
40.715925641851406 | 0.8685956206228828 radians
{725.8420485459792 , 731.9438237594198}

169
44.80205247955609 | -2.198133100359304 radians
{951.4677409092392 , 753.0353300225291}

170
64.59079014353146 | -1.4894018505096351 radians
{811.6595665036178 , 257.336353259949}

171
33.03831030547599 | -1.1932345622491465 radians
{877.225852274962 , 441.8043399516312}

172
76.77927166170677 | 2.5403586290176268 radians
{879.3035790278874 , 588.4398654270144}

173
25.01251930903587 | 0.9336434178150166 radians
{415.8979329461265 , 552.4839557856046}

174
53.0041610961532 | -2.9101326034091715 radians
{223.58182751085758 , 576.6532666672105}

175
54.466776472774896 | -1.2397300056788174 radians
{169.3181239278393 , 737.2840048216049}

176
32.06456793606009 | 0.45983547827721855 radians
{211.87917212594078 , 530.1306974831649}

177
46.470861966176074 | -1.2134957838010925 radians
{673.9338254681143 , 587.0023176190012}

178
43.83139581981616 | 1.666284096765332 radians
{661.0438774795662 , 547.8668899078315}

179
62.34361392858765 | 2.971089891783404 radians
{586.8340425760829 , 763.4928053682382}

180
15.481139327605247 | 0.4914985140672402 radians
{522.884236219957 , 751.9982232787461}

181
79.0405013459229 | 2.678944495408221 radians
{349.68311889137124 , 701.8586183124019}

182
17.11002415111808 | -1.5250497258608813 radians
{354.71822216606057 , 341.92947836873714}

183
45.41768949868055 | 0.533736885268943 radians
{722.2991273062058 , 519.7254614991806}

184
74.21453418350714 | -1.3444490875764623 radians
{939.0922835878943 , 533.0217638137739}

185
30.007429050656235 | 2.1592018021302772 radians
{834.3705943063798 , 293.69846177295096}

186
89.24488938065345 | 0.5449256326081953 radians
{702.2415063056771 , 764.6444997102686}

187
41.54621782896071 | -2.253872598322016 radians
{653.6229115721097 , 766.2805468010338}

188
69.69206995959715 | -0.19742961368093398 radians
{948.9656914922526 , 707.317443224462}

189
21.564977638166557 | 1.3211384014523873 radians
{915.1396878177277 , 561.9648197485665}

190
77.64969498096407 | 0.35353870024081346 radians
{935.3155972733703 , 575.3283489376138}

191
73.69879204491363 | -2.6273480793552024 radians
{846.0133929379442 , 383.03412860091976}

192
59.11159093300295 | 0.7220322449140526 radians
{422.80501792107054 , 466.07398507412364}

193
171.51721451363986 | -2.252670631250904 radians
{766.903343402464 , 589.2380857504406}

194
20.07661195652814 | -2.2328782366785003 radians
{456.66605533381437 , 494.2157078630908}

195
89.66322862353711 | -0.9075506375032134 radians
{229.85591106416578 , 577.5308623645665}

196
61.649825298822265 | 0.4613803073625784 radians
{781.8924034670014 , 361.4863359720404}

197
31.672631921014148 | -1.1100503652158515 radians
{775.3891424037278 , 766.6017838273933}

198
28.5938141693793 | 1.6642786529966531 radians
{913.2121196313773 , 736.5857140774942}

199
16.76202721434059 | -2.721452676428317 radians
{640.3919450621203 , 492.6620289957501}

200
41.89769764154238 | -0.8698693719891023 radians
{496.0247522635008 , 656.7003065365119}

201
78.14602054660273 | -0.267454952171458 radians
{807.6514265665601 , 724.0040367406086}

202
46.990652782583865 | -2.0359085262017684 radians
{562.5411458738703 , 717.7446352933185}

203
52.51761161764758 | -1.3471588670926316 radians
{559.4540142561833 , 760.3287873835111}

204
87.19935636505026 | 0.7154649900998105 radians
{821.3117246477843 , 766.6625874880939}

205
53.70094425577491 | -1.552279343051023 radians
{836.0367349285273 , 401.4051275039372}

206
67.46702271341508 | -1.1660710715585534 radians
{356.2067782349927 , 160.8086916447508}

207
110.41049146560158 | 1.3277986405304065 radians
{621.8691279968848 , 550.1398573870168}

208
13.341859627819822 | 2.6518349872431717 radians
{541.0092889654667 , 670.4906366542721}

209
65.38292743107081 | 0.14485469496643066 radians
{586.3369571809278 , 617.507794339281}

210
30.76715737121999 | 0.501787066328316 radians
{804.4304193333971 , 534.9796087833099}

211
87.26479147843833 | -2.288935355340739 radians
{152.77594542686842 , 723.0112407993598}

212
83.55116347032263 | 1.4744119035677181 radians
{460.86354012262814 , 577.898755780305}

213
98.70980741125685 | -0.7560739656669638 radians
{569.2750855545207 , 510.3619597405832}

214
81.2924816329041 | -2.1711698888921784 radians
{861.8387539365835 , 600.6414878361718}

215
39.10928441273176 | 2.4362757634514622 radians
{392.45691101338974 , 419.0643813977491}

216
70.57387879939165 | -1.1780173992624405 radians
{229.21401770927878 , 723.3535963252303}

217
54.867608576352126 | -1.136497451632876 radians
{269.6071939927007 , 666.8739558151022}

218
90.15305939395596 | 0.16165828731774473 radians
{38.41480162757326 , 722.5938709874926}

219
17.782155327735754 | -0.3151776636745437 radians
{453.52258034942406 , 526.0249212338581}

220
49.359948311418584 | -1.2212101254074146 radians
{622.5848787747733 , 634.0880939762741}

221
17.23607824428584 | -1.1747557474783257 radians
{670.3187150091067 , 370.89271589684074}

222
55.40671357568128 | 2.797955928725298 radians
{48.27590822502039 , 536.3723570198142}

223
66.81191474696324 | -0.44414638102805637 radians
{569.9440514760901 , 610.6169082188308}

224
45.996279131660025 | -0.39674696217321914 radians
{951.7421615256638 , 623.5001671123243}

225
53.17559075235752 | -2.8996582806677833 radians
{724.1254765853979 , 709.565425391457}

226
123.4579161326932 | -1.5168133836681488 radians
{246.72066441454626 , 618.2216860347864}

227
96.01547781613837 | 1.5013623057840908 radians
{313.33451617955143 , 311.2448728051344}

228
89.09033014374431 | 0.8852041498223371 radians
{429.7833470290814 , 548.4585338597935}

229
42.64562855992664 | 0.018530883879233812 radians
{841.3626548974149 , 541.8592416449527}

230
101.15290954254822 | -1.811160434229921 radians
{704.9953474091636 , 502.9958504724667}

231
48.234146357754334 | 1.8638125262756287 radians
{532.6824087385405 , 110.06953091528383}

232
68.64282808077074 | -0.8801172700687062 radians
{377.54181717035203 , 599.4266878315285}

233
28.354297340880848 | 0.3273336767701927 radians
{647.5303503277925 , 188.7521876059285}

234
87.93749448184195 | 2.5001730322680227 radians
{892.6686934515315 , 592.0252857624108}

235
60.85621128174854 | 0.22496547617878324 radians
{427.2140225852788 , 534.3863023149515}

236
42.33755260889408 | -2.4333115777305183 radians
{523.2512034370767 , 736.5531839872323}

