0
22.672050122191447 | 1.2758080679199328 radians
{189.19010167267345 , 592.1648068425496}

1
92.55652161559368 | -1.3496982713823709 radians
{384.4538929292876 , 624.4118049349943}

2
27.82460125190225 | -1.4975862496424646 radians
{514.8703374724003 , 485.7407389927407}

3
72.85426274737446 | 0.23880285755720826 radians
{925.2277163241502 , 397.51973915819275}

4
25.582451024798797 | -2.7259478424809673 radians
{551.1067693963982 , 755.1051308231071}

5
55.087251139690935 | -0.3367534206386396 radians
{798.142940477286 , 728.0878691419995}

6
62.11909870730488 | -2.2552838664316215 radians
{883.9932307977406 , 426.90662994872974}

7
37.12071162776048 | -0.5134112361188552 radians
{650.732022795828 , 398.23439648194596}

8
24.01550396050715 | -1.5725630018916064 radians
{917.0876745910707 , 397.87718163450853}

9
16.982335943689264 | 2.8644592635943638 radians
{915.5472181154812 , 648.5171144088449}

10
81.24370931481431 | -2.022074697177855 radians
{595.8160846146567 , 635.2981086792245}

11
38.26835532741283 | -3.0286175367791826 radians
{139.5668025280265 , 183.5780406400366}

12
99.39906155050745 | 1.3336117385779331 radians
{316.1548395445254 , 661.5082112457723}

13
29.717966817335256 | -1.479432530000504 radians
{408.73424848140064 , 115.27502152194708}

14
59.270857185252176 | -0.8824362301796344 radians
{163.29689857351391 , 630.1194408806939}

15
93.49137534332066 | 0.20977257644516892 radians
{784.0667225683326 , 316.23972625402627}

16
38.88221501676874 | 0.32945927915617285 radians
{784.9002647052827 , 469.8902399109221}

17
71.75545282160145 | -2.1402938628200365 radians
{473.7378287668157 , 740.5858289357928}

18
50.63662168810664 | 0.6024480264959466 radians
{580.374829653419 , 467.53241819343947}

19
62.93538097461766 | -2.7368487410667117 radians
{849.9409186496812 , 522.0647686982222}

20
84.66896236961911 | 2.108141324302663 radians
{274.6489792466539 , 752.3417314254931}

21
68.35390709645746 | 0.414814430588324 radians
{746.364474920476 , 584.8886052801546}

22
7.623313638081175 | 2.883490004751415 radians
{728.1148340847061 , 362.4162466813567}

23
72.43397924512999 | -0.7244606902806042 radians
{784.0339388458326 , 730.7716038680271}

24
81.68236003565234 | -1.3425024569612112 radians
{914.5560368528056 , 560.5871971789165}

25
25.606891825273014 | 2.3773634873673006 radians
{814.273814063622 , 249.1894533892989}

26
134.64410218324713 | -0.6088305730726948 radians
{941.2903608072846 , 491.07466754360576}

27
36.61713020489939 | 1.8250287720107916 radians
{610.0209756812051 , 325.7778186822441}

28
79.64185808004879 | -2.9487849702489175 radians
{345.1351364461515 , 622.6729727046628}

29
77.50148554228122 | 1.2595484174634026 radians
{481.95551403019476 , 458.57477288355545}

30
22.970472021865945 | -2.2788064741216623 radians
{437.52974882019384 , 704.5356989627539}

31
72.40297578110548 | 0.7505345882199203 radians
{141.075110962914 , 743.0568147011113}

32
32.488483045879356 | 0.7823212957685075 radians
{57.441984595844986 , 545.6059359570265}

33
43.89941316382646 | 0.9685147782770508 radians
{394.46088769310234 , 559.7281817153445}

34
55.459044366564676 | 0.8411121178912847 radians
{711.3893120229955 , 526.0747343681135}

35
85.0958844595271 | 2.9731533924360103 radians
{739.2800983949293 , 416.0804105223093}

36
69.62452163449719 | 0.2493343846368753 radians
{892.3006184032495 , 431.1120230913645}

37
20.651174544846683 | 2.293697425261898 radians
{853.8879268003205 , 576.9275574290477}

38
47.287999648958525 | -2.967648908665004 radians
{600.0609926306067 , 603.3177811083585}

39
69.86942108737811 | -0.9980797142505956 radians
{303.5183187436314 , 693.0343798123862}

40
103.99409454684444 | 1.0408870856838541 radians
{897.5917714038034 , 750.7861089237605}

41
73.31013835329377 | -0.3017791210108788 radians
{788.2433247156602 , 632.6574346376302}

42
51.35561744982016 | -1.86265166618441 radians
{658.5636580988837 , 564.3033747535425}

43
90.26552461405831 | 2.2889951970622837 radians
{257.3968669076336 , 677.2624895867548}

44
21.006290315987467 | -0.9591401089860778 radians
{432.85175302449125 , 441.660864479595}

45
52.99216780633342 | 1.8189611490034945 radians
{360.53361610560205 , 115.98957202213455}

46
80.59074142910303 | 1.3555931414225568 radians
{455.3858659867738 , 518.5834099425668}

47
52.61386196220095 | -0.40902997947877257 radians
{930.1750404902854 , 498.7391561201983}

48
15.472076488583403 | -0.21371721216840572 radians
{876.5026229547634 , 641.4840973918452}

49
99.8474849001041 | -2.667205968507605 radians
{874.5801712514391 , 508.7676387312866}

50
45.05728689964587 | 0.05573853770649984 radians
{231.41575639256195 , 317.00689081314675}

51
43.27549688777708 | -2.549013214458288 radians
{544.8031956753013 , 629.1679759148035}

52
84.63078405485969 | -2.565498822223656 radians
{386.44190363813124 , 734.0970997282298}

53
49.238737657895946 | 0.6465309325742108 radians
{340.8242592920295 , 245.55849202322588}

54
33.39647319488891 | 0.8455560586258759 radians
{369.7783980598444 , 439.1785872955082}

55
10.605740213488719 | 1.7236311790646865 radians
{498.0285647215871 , 501.97152174809617}

56
81.02351874182416 | 0.5435348841596621 radians
{741.1317370939865 , 633.0097908931602}

57
26.262766515017873 | -0.5470945613422409 radians
{904.6678005875698 , 580.4359480415288}

58
60.42675925423545 | -2.1762755144606145 radians
{818.4309548810943 , 507.8779074766362}

59
50.653067968096636 | 1.7590973029519017 radians
{533.0379850083197 , 415.36422028998004}

60
89.18423206344252 | -1.958203655776093 radians
{736.723518069491 , 296.52705947476505}

61
81.96833785551391 | 1.9261647446357804 radians
{677.0583862224048 , 510.8199398924551}

62
96.12900601593323 | 2.450871005803684 radians
{402.78116968283825 , 691.6727073988162}

63
88.92520798424867 | 1.1310305797684077 radians
{373.48920508914705 , 688.0403504941141}

64
72.12470582081077 | 0.29833412185681896 radians
{693.9739158923813 , 707.4077503688193}

65
60.52930148177192 | 1.7748251465517344 radians
{827.4095411214811 , 651.4505472025704}

66
70.41510388871609 | -0.7987573925028684 radians
{707.8000395824293 , 421.7005595264133}

67
93.65392055442211 | 1.6224555101812488 radians
{815.9034676651426 , 649.3474264416182}

68
25.72724112975843 | -1.53844882498737 radians
{767.5186121506389 , 473.54220609269504}

69
27.316687457937174 | -1.9745446438367442 radians
{508.63260132623293 , 342.5920930268303}

70
29.020967861009733 | 0.5101115075293504 radians
{395.0395709031241 , 303.3186866039037}

71
46.093778572810216 | 0.6221519563776258 radians
{346.28767008730364 , 474.9387938114657}

72
56.3999452748149 | 2.190394600448176 radians
{748.4303895290564 , 723.6751833760972}

73
17.827637904734956 | 0.31459359966415457 radians
{633.0317677471186 , 549.7475463151293}

74
30.228820054809283 | -0.4733291008797543 radians
{724.3630228124572 , 604.1822525968446}

75
64.0028495428499 | 2.962944296252647 radians
{945.5026283359014 , 482.5728560323523}

76
103.05907709320591 | -3.0556144072852742 radians
{208.96297022778316 , 666.8070039621032}

77
91.70547493555368 | -2.25627204652513 radians
{326.4414818874236 , 737.9457231451979}

78
20.761788455628082 | 2.219213360134646 radians
{184.8570402800084 , 631.3413337809915}

79
68.56185286950954 | -0.41416911842028303 radians
{472.8942848592204 , 677.2290460023535}

80
83.14319635865687 | -2.694470195137877 radians
{812.3078741746976 , 314.8342019285822}

81
78.9379623723958 | 1.5770912221845383 radians
{478.34077914552404 , 593.5151141290712}

82
65.77740986052325 | -0.6005477238750908 radians
{645.0897842852265 , 713.9245511012668}

83
45.61786074156332 | 3.0837221913915953 radians
{266.0100742306115 , 366.5270491685364}

84
27.54623506939868 | 0.8493367381930383 radians
{155.2019950145842 , 528.6804738050139}

85
69.84691933554541 | -1.5271829675032498 radians
{297.0168353620551 , 462.2164861672041}

86
74.4049328745731 | 1.5514975359462575 radians
{596.6395849997027 , 617.5431233460574}

87
66.08850868775565 | 2.621141904998983 radians
{874.444131011748 , 663.3398216273655}

88
118.68716595092123 | -2.750710392246793 radians
{525.1892486868771 , 686.9862426166992}

89
41.32367702023949 | -2.9337102709345992 radians
{466.6219671446319 , 683.976503895445}

90
20.475307795553494 | 0.935867844074054 radians
{514.5406021718006 , 643.7894131339725}

91
38.958590587019906 | -1.251563936666505 radians
{470.81493217385434 , 756.0}

92
51.2598268590867 | -2.666815877094054 radians
{447.9335694312271 , 743.0572933035035}

93
27.372921258325835 | -1.8592708939410172 radians
{138.17487476757546 , 713.170083236943}

94
57.0161209360529 | -0.507088339569476 radians
{226.75157423790978 , 469.44022838964173}

95
64.2401543597989 | -2.8118193041567228 radians
{480.9466376854894 , 458.8859281376931}

96
97.6892297764681 | 0.8992938187029282 radians
{211.1412124427992 , 739.1098112531716}

97
70.43572877534562 | 0.7303015481654556 radians
{562.440956645613 , 635.915945075321}

98
33.29257763160772 | -1.578214184251869 radians
{527.2516963053267 , 617.4609148788285}

99
29.792150139115623 | -0.06637310316659008 radians
{317.63405171676936 , 337.11322596746146}

100
78.73322116773278 | 3.0321902126489504 radians
{160.09000824240255 , 367.3706647318069}

101
50.99664688566283 | 1.7116007581968078 radians
{96.65370425244102 , 538.8077471132773}

102
81.93721706591981 | 2.3288977425770687 radians
{220.1675446117763 , 539.3509339669271}

103
79.94239075943905 | -2.356016900103699 radians
{165.0456440202156 , 597.3733628403229}

104
72.13737989835765 | -1.8609527793859746 radians
{102.09599736170341 , 627.1717094042406}

105
73.121116927157 | 0.5620566952093909 radians
{520.2947616810109 , 642.3243486192148}

106
75.28645817332476 | 1.1410196321922372 radians
{926.5497005372832 , 726.2677742061092}

107
75.15916409636883 | 2.7750652667194946 radians
{727.9575671283418 , 498.88047538154063}

108
131.75893062002513 | -2.6640250018530747 radians
{780.4742760772388 , 282.41200925232454}

109
122.64429281050687 | 0.30409549614961423 radians
{473.0628807000829 , 164.32367609151808}

110
19.12049880538834 | 0.23658066548636103 radians
{775.1307491408381 , 59.57362089783041}

111
76.37155989262979 | 1.810198390518825 radians
{774.2268865496418 , 494.05750867096435}

112
91.18231804072809 | -0.6047674278647567 radians
{128.8322684803228 , 632.3061638350938}

113
60.50229421750138 | -0.7687952090379 radians
{340.0097065024423 , 725.7763879465508}

114
61.664119454898504 | -2.4845232479311616 radians
{157.67007477689813 , 701.2554535425521}

115
81.70980502901665 | -1.3300469868982998 radians
{304.81623418434754 , 208.6767462524732}

116
87.1884794948726 | 2.3739366190301134 radians
{74.63540694498836 , 475.0457055518834}

117
92.55013536433182 | -1.7906948224177974 radians
{114.2437355729707 , 446.59291265925265}

118
111.27486947985291 | 1.1664048912411378 radians
{478.84585976626244 , 734.1145366511092}

119
59.03727316021083 | -1.3268282422498816 radians
{883.1882289416052 , 143.2888721138934}

120
35.61017418657042 | 1.8634400352200167 radians
{888.542366781007 , 620.8240263763756}

121
21.13332158331957 | 2.461866516814198 radians
{894.3637515091254 , 439.58018283654326}

122
14.834184836469607 | 0.4428341189439609 radians
{801.2657105945384 , 705.6521381271675}

123
48.22603107607107 | -1.7848677052546433 radians
{845.3373322224631 , 647.6575835931673}

124
62.93004743502569 | 2.845248803530038 radians
{627.3637347590579 , 740.9148293192115}

125
16.656432892757913 | 0.49805782643911356 radians
{281.94556346724517 , 711.4700127644629}

126
23.468382548497495 | -0.8975663145800674 radians
{428.27433082754146 , 725.4011148404916}

127
21.31674592035075 | -0.08880603739769424 radians
{771.6806769499161 , 703.4096244250558}

128
36.71479485199882 | 2.1874589861220377 radians
{929.4590703001055 , 750.4618064052929}

129
27.87758841619421 | 2.6669545226891493 radians
{487.70827439540426 , 737.6214786864689}

130
30.645081246878124 | 2.513471619898317 radians
{239.748789403684 , 745.8763751556353}

131
37.087164094185695 | -0.15042556141830127 radians
{218.34503879409135 , 704.7617670248695}

132
46.03513492112859 | -1.4495961541374214 radians
{70.13216196213502 , 613.684047411084}

133
26.661585008815084 | 0.508225531667572 radians
{113.53324908937729 , 661.4750166882029}

134
30.82171872935327 | -0.43476601137938514 radians
{315.0342908421342 , 663.8701688686314}

135
54.71945331345931 | 2.333126389517491 radians
{248.75989131320515 , 626.9994511268129}

136
29.416737088647 | 0.20741834402085535 radians
{108.76898070214388 , 679.4258914398247}

137
22.363290108103488 | 1.5695563538956334 radians
{110.21050687620942 , 754.9823441467793}

138
63.02588219508687 | -0.23542814547222865 radians
{125.71638079975355 , 736.3936242046652}

139
18.126257308481904 | 0.6369901255903807 radians
{360.0635208136597 , 741.3747619438833}

140
36.70717649007937 | -2.164370141369081 radians
{260.2764316855185 , 717.2794398646971}

141
21.43406963336483 | -0.5895633949754228 radians
{188.71145945475368 , 564.6492700599466}

142
31.878277860899072 | -0.8950448770037024 radians
{77.23224407950343 , 749.4752833194212}

143
39.846584007346834 | -1.270163262405603 radians
{117.75647956638448 , 417.572809744017}

144
15.838637697706515 | -2.0780388242963292 radians
{116.71798351772048 , 73.706418174785}

145
83.79212835993108 | 1.4788453422278067 radians
{47.20579833688729 , 425.4222665753438}

146
51.14690726130404 | -1.419795358671918 radians
{124.14495842218162 , 200.90062270731497}

147
42.27881465321768 | 2.165776910425775 radians
{197.2438684421798 , 186.46180345490558}

148
34.791777307411564 | 0.23882144542396694 radians
{242.72445388219072 , 540.1314291844276}

149
65.57018779700553 | -2.2214748644583637 radians
{488.79886816603596 , 536.5286603471394}

150
14.107991451531252 | 2.032129154103537 radians
{96.70912264401161 , 500.57822073232825}

151
58.67639936090049 | 1.6532982728804757 radians
{133.16003417382834 , 620.6899255342787}

152
4.865715663797848 | 3.0299565005002567 radians
{84.80576086596105 , 446.41649775451623}

153
31.9548940787595 | 0.38956207092009487 radians
{116.10991926034411 , 578.8276446125689}

154
32.96848951836396 | 1.264974247368545 radians
{106.70806086827595 , 748.222850974786}

155
42.5241702816229 | 2.344154296183418 radians
{134.12855682635345 , 746.477271296543}

156
11.890773884183082 | -1.4023350679972557 radians
{145.59668299142302 , 680.0829664087136}

157
114.70555543337116 | -0.298779822579988 radians
{430.79311273223465 , 629.3890844099456}

158
70.99998345531004 | -2.9860805480690376 radians
{578.6252608347673 , 649.9005028332173}

159
43.755885163936824 | 1.3308122981117785 radians
{349.7410223946805 , 456.0954890465868}

160
83.81310139932032 | 0.20568078058874142 radians
{621.8480958346003 , 643.4493212624471}

161
42.629532750162646 | -0.5369328484692717 radians
{803.148879343726 , 725.2543147657434}

162
29.114469007013017 | 1.8836536693772115 radians
{821.4233261262491 , 669.0205103719009}

163
43.937380237790464 | 2.044591436914783 radians
{694.059194497394 , 707.8423091841546}

164
11.371165505961764 | -2.2470406759552124 radians
{316.0911613742468 , 737.250063784341}

165
63.37916332639146 | 0.2670914102942706 radians
{498.0832831660502 , 738.7982589480206}

166
68.7785195679287 | -0.5939514290139549 radians
{814.4815899456996 , 704.4173315868952}

167
34.41126777548781 | -2.6329581882861715 radians
{748.1185023537918 , 641.485215671766}

168
60.757718977506705 | 2.5974154062735373 radians
{312.10555948569737 , 657.4709779901838}

169
54.68053102231161 | 0.5955003368600997 radians
{265.1785145882534 , 743.4036732427356}

170
40.7534070901064 | -0.5590611374988568 radians
{722.057103828897 , 678.8594860036604}

171
63.423891432214944 | 3.1157192002422534 radians
{477.56914259250794 , 613.6402646757685}

172
26.817995758961203 | -2.1549842134791595 radians
{238.97731562441803 , 595.2332274021302}

173
29.066813808443918 | 3.011044244427644 radians
{154.20215831339897 , 686.608546929195}

174
29.632559431071673 | 1.596956919963307 radians
{96.00379611665056 , 732.8054533929809}

175
31.09150468540424 | -1.0596076190439163 radians
{235.15693515282928 , 662.3678205759314}

176
45.21750498999772 | -1.9795087695530487 radians
{71.30518436042905 , 687.3740627107237}

177
38.49773789930797 | 2.29514698987304 radians
{67.29945578400734 , 578.735262938496}

178
22.66436196985859 | -0.04716400514395209 radians
{338.99985589138856 , 703.4300215433525}

179
30.81097274820194 | -1.7211151783745404 radians
{336.56233456302357 , 733.5109806075676}

180
60.63288639792993 | 1.9699717985692238 radians
{287.0199990533321 , 738.8078952175608}

181
25.152853300059498 | 2.810250897918987 radians
{49.73694986066019 , 620.286192798693}

182
40.75109336548791 | 0.5685077115974999 radians
{465.9362306336807 , 721.0903679962474}

183
62.61646867956497 | 2.7163911853461298 radians
{71.43591114679705 , 597.7060049093584}

184
17.76789725620074 | -2.705193256005041 radians
{240.01894320298538 , 698.614070634059}

185
30.999433235015104 | 1.1549749226876433 radians
{81.28999358564589 , 749.166699797009}

186
83.56785015187104 | 2.8257050060696365 radians
{81.76351146441945 , 746.7840885086401}

187
63.12464936252327 | 2.0966075553786134 radians
{138.95590876612653 , 745.7822771996647}

188
57.213100941205894 | 0.25042629052907095 radians
{310.2022117768644 , 532.9342835376334}

189
38.13319704533586 | 1.5048361505181205 radians
{581.242016715928 , 608.7178828664618}

190
39.62177288657334 | -1.5992191182080067 radians
{544.8745748119269 , 745.7919950902782}

191
61.64044818304938 | 0.39817537909332995 radians
{777.3622676874955 , 643.4909255024655}

192
43.98868764322883 | 0.45868355255426313 radians
{884.5575356153795 , 713.9343515960446}

193
19.23628563095789 | 2.6823134310608676 radians
{877.9809332347353 , 666.4141281726795}

194
8.755951454687954 | 1.1552466389294458 radians
{868.4160213097042 , 709.5630891912967}

195
18.839111577323795 | 2.8246715159335993 radians
{706.9733456427293 , 746.9423291691255}

196
45.223532825104286 | -0.08028817739502543 radians
{947.3059707195875 , 718.5881503942134}

197
47.56328048768723 | -2.795914340630659 radians
{447.2156531470123 , 748.4333952348826}

198
12.918571241059544 | -2.5911097847387263 radians
{242.67057793274154 , 682.2284468084999}

199
56.779094059678776 | 0.2609005689774899 radians
{117.14343972245979 , 738.2848392155149}

200
51.68648860562996 | -1.7616792695705157 radians
{249.16732986842757 , 684.9012973485551}

201
40.19739930666415 | 1.431114105366933 radians
{236.66852597038397 , 668.1487072327899}

202
40.27062129628464 | -1.8258438846985667 radians
{49.9453114317001 , 462.3683478940985}

203
59.193028213744434 | 1.398301486965486 radians
{137.97937626202645 , 555.6272830744688}

204
23.888412698142535 | 1.4860895749432614 radians
{163.4317063682778 , 733.3773149245533}

205
22.091662690783817 | -0.10025803735176396 radians
{58.6538177104336 , 747.1528155641713}

206
60.40493731722991 | -0.8838152335263301 radians
{104.65618833897723 , 566.5939815707308}

207
29.892273649313733 | 3.1241467577728335 radians
{229.31708038718972 , 609.501449399725}

208
47.44347364733692 | -0.6650962901738999 radians
{243.7634732563137 , 578.6333384921352}

209
51.478482587815705 | -1.9926518750135127 radians
{767.9688607351388 , 543.1740311550062}

210
48.99523303220302 | -1.2341250207004777 radians
{948.6700017537339 , 570.1990474516049}

211
15.041603034995058 | 1.8251918549330781 radians
{917.0871704988242 , 252.8129236030579}

212
10.357222194124997 | 0.4134530848583999 radians
{950.8291114266813 , 603.4172125972227}

213
13.033056562544147 | -2.3857988594451984 radians
{867.4778924072689 , 607.4649581211842}

214
23.226211764187685 | -1.9914462305526286 radians
{772.6327771293427 , 626.3026925530103}

215
62.27072505596771 | -0.7633060745955677 radians
{851.6902253685097 , 623.3192571129803}

216
70.46823409269082 | 2.2633443845030823 radians
{614.7955900930396 , 677.133618442554}

217
61.20331840059141 | -1.5444516209267 radians
{413.53598121195023 , 635.1942179090548}

218
32.963131022110446 | 0.924952087228342 radians
{464.34834042024454 , 474.3105425180101}

219
28.82127228694456 | -2.940929097140225 radians
{383.8689654735027 , 595.8127330730043}

220
16.519831145008265 | -0.9178687629938227 radians
{77.83405747137547 , 514.0567529653589}

221
63.25951741403117 | 0.12346894940739747 radians
{299.9233690685971 , 616.5237971043035}

222
66.80888912725551 | -1.8918660368667632 radians
{347.61248976869194 , 652.1381356427936}

223
33.557007006541845 | 0.5883460719959388 radians
{563.5646281059143 , 414.1789654538312}

224
17.8351674485315 | 1.535984529988025 radians
{789.518910087343 , 568.0222992674828}

225
26.079731693063863 | -1.0980480844274754 radians
{717.8483199321834 , 553.7872219004562}

226
56.66472943197592 | -2.341664593784717 radians
{760.8993548674707 , 734.4507757065767}

227
31.747199751366566 | -2.643362311994395 radians
{602.2542026639816 , 552.6368229719196}

228
62.91439448439438 | 2.2063231879229583 radians
{314.0855758097944 , 741.9933905205081}

229
73.68605542204014 | 1.1909235290522284 radians
{137.38562916555898 , 716.7123623690558}

230
86.31424460382179 | -2.5276776509154355 radians
{292.5356813041278 , 566.7352048714872}

231
85.08604856259868 | 0.5931251436567717 radians
{496.71620084886274 , 554.7573969104477}

232
83.48661618586885 | 1.5147134918041287 radians
{600.2970883188182 , 718.0210362188302}

233
67.37914116744032 | 2.02152951451244 radians
{527.8361771608188 , 558.6321950777437}

234
50.858301729436526 | 2.4829014728557786 radians
{153.11093634849965 , 594.5732853822263}

235
78.01534673438671 | 0.8027769567158471 radians
{334.53575186113727 , 602.9946032743713}

236
66.59896829032394 | -0.8976957090521858 radians
{664.5340575109822 , 469.2270751242528}

