0
240.47904513333933 | -2.0449074654938366 radians
{296.8396575209117 , 644.5137667989678}

1
116.77089155951722 | 0.12149313207639059 radians
{887.2627458496332 , 51.725136734986606}

2
135.8731238999804 | 0.591156625610699 radians
{120.0124964986444 , 463.94997821321556}

3
160.04239504553536 | -1.5238117852283275 radians
{52.23301082754076 , 518.2049754648598}

4
42.57564761485464 | -1.3227853517007924 radians
{587.887028153713 , 36.55752126096894}

5
117.4908148160423 | -3.0349568997251373 radians
{750.0884014155242 , 144.77145253553775}

6
137.42549046506198 | -1.1642627335824933 radians
{709.1450849115703 , 742.1372105316545}

7
54.73335962196034 | -2.9366963121414966 radians
{697.1263332741282 , 120.57735956067518}

8
55.65534608331311 | 2.6162176759164457 radians
{184.32489182772878 , 228.40533252696494}

9
106.1869228842398 | -0.6309743967046766 radians
{369.60783383043696 , 512.6446219474379}

10
58.580129116671586 | -1.6929098485407081 radians
{136.0784233692519 , 238.95439961738313}

11
40.58826255111023 | 1.7475208056885827 radians
{64.7218152025114 , 148.0153338473505}

12
185.84968300801464 | 0.07080711672021843 radians
{734.8583467698961 , 765.8363580361413}

13
133.5209323280249 | -0.548336243626898 radians
{450.21696286056124 , 521.054386655283}

14
45.882466992200364 | 3.056571880452984 radians
{408.17873337540743 , 420.23260128265656}

15
90.07019348414525 | -0.48170828798890336 radians
{426.8873288783079 , 126.65480289689755}

16
97.24983297702983 | 2.533569970079834 radians
{727.8863731326838 , 197.34460647032216}

17
219.0883238861997 | 0.3697230042741184 radians
{536.7099320278895 , 482.1510589804759}

18
142.66587473449135 | -0.7331687509613175 radians
{527.9252486185634 , 352.1200841535868}

19
22.63636089708647 | 1.2891507791756303 radians
{514.4865218918227 , 352.5430198213542}

20
91.06326541782063 | -1.3872726982411367 radians
{711.4187700213506 , 410.8330444368955}

21
53.65367705757186 | 1.2558784251038162 radians
{877.6048170018566 , 134.90025917908497}

22
164.30304341611554 | -0.44758706385923935 radians
{198.8045804062266 , 704.6952162801405}

23
69.74143314991937 | 2.2328878146378215 radians
{391.4677386665343 , 551.925375123907}

24
94.82869086911292 | -0.2612462788709133 radians
{918.8901713504077 , 291.19757740126965}

25
54.335280857880804 | 2.061968505274521 radians
{675.967858499889 , 764.7760371190174}

26
76.75881708067745 | -2.4446718631900675 radians
{556.4439634889437 , 595.6614251381208}

27
68.91707184144516 | -0.44245054806041395 radians
{57.140356804958856 , 660.0450298895779}

28
87.40423637638602 | -1.9180140667561496 radians
{274.72631082657324 , 189.60387315829166}

29
156.34614745858156 | -1.4726368980868851 radians
{271.42336388721293 , 399.08298799751697}

30
199.8159691859251 | -0.9771670600429395 radians
{467.161365072888 , 364.8856725339142}

31
37.108794506069664 | 0.5678419438794255 radians
{78.14178796099095 , 144.05398978618203}

32
67.31432213789347 | 0.6405944976920532 radians
{93.46077999971044 , 418.0823997693021}

33
54.67616910508379 | -0.33176454938298794 radians
{397.6767854776542 , 98.83731278208406}

34
95.49361798719006 | 0.9987649230297283 radians
{914.6230590877692 , 411.25054460041673}

35
44.05259432179963 | -0.6838381238662926 radians
{860.3828605867841 , 576.9058481646115}

36
7.716778388808 | 1.3125776350010465 radians
{905.812193754184 , 513.2036651919502}

37
54.9161261481696 | -1.9644950622581645 radians
{715.8523259869057 , 246.62314107515132}

38
128.2029006986058 | -0.12256437856581491 radians
{259.2754816677975 , 552.4898856449055}

39
152.883280673024 | -1.3719463811428336 radians
{967.9736316830372 , 383.1660926503637}

40
110.14033654390516 | -0.9844704480463101 radians
{432.77208303998503 , 766.3205533460498}

41
11.051703098469563 | 2.366442505207891 radians
{150.71153637085348 , 712.4779963415812}

42
41.45305063001324 | 0.12830518043110317 radians
{388.8995554462559 , 747.7436135921165}

43
103.0316673872078 | -0.32276849750362213 radians
{514.9964112300315 , 753.2670468676682}

44
46.49674078223326 | -1.1419823861041414 radians
{813.228190913313 , 614.8108534742404}

45
58.29476910663853 | 1.9088398495075645 radians
{943.3894285839751 , 681.1474319127371}

46
35.94435039591752 | -1.5730237085403835 radians
{900.872860412066 , 237.60433336363363}

47
62.15579033116443 | 1.5720844086523877 radians
{900.0722431748153 , 368.6617210449374}

48
124.54122688000317 | 1.5213178264294185 radians
{639.6651423379408 , 381.1812406924135}

49
159.34601384198268 | -2.0328557900086546 radians
{746.832066631069 , 762.0795706876629}

50
129.80323913708315 | 2.876970536967287 radians
{32.53257577416623 , 349.92357853051215}

51
144.7795293773626 | -3.1294358499767676 radians
{492.9961036904557 , 710.8371645980027}

52
24.302641921354507 | -1.999079853644092 radians
{331.71373021817305 , 81.85145121148622}

53
115.29881468773179 | -2.8965650496982938 radians
{33.01885452643032 , 88.66640602887637}

54
74.88240592555145 | -1.040502929995419 radians
{66.64630863160235 , 497.54956443053965}

55
155.78901226111955 | -1.020924200594372 radians
{567.9725502832953 , 683.2704234930434}

56
162.9854881452692 | 1.9509229659703238 radians
{240.30298362896542 , 768.9375605839645}

57
224.07115845668346 | 2.916897755158052 radians
{100.24605116938878 , 721.6987310943648}

58
72.56573299511176 | 0.8833114047866123 radians
{68.2123921322273 , 44.149009565970324}

59
85.18079314385996 | 0.7570459940419859 radians
{62.11719196134654 , 621.421371232716}

60
70.75347708449405 | 0.9008549429764696 radians
{386.98176976622796 , 458.0882345781389}

61
177.3094627070133 | -2.2051620887127377 radians
{751.8119864434019 , 344.3926840593865}

62
56.725230982900996 | 1.3116096333477274 radians
{192.5252684280273 , 774.1487644572723}

63
161.65106690220372 | 1.0006357072022973 radians
{62.35581445026251 , 714.6092161192512}

64
144.44915170491277 | 0.9489003668475129 radians
{917.849310462798 , 326.7038517665884}

65
67.77619206780867 | 2.7261963354904406 radians
{849.97547085112 , 325.49881212869116}

66
41.143266564813736 | 2.2276904687280603 radians
{699.1084931530366 , 557.2736057385547}

67
42.80527854382611 | 0.6799334509573125 radians
{839.7432125349437 , 38.23047272357981}

68
181.59965650747094 | -1.591901742953726 radians
{940.4851702756227 , 712.9352625795973}

69
41.56504896891415 | -0.13409009841011713 radians
{941.2039918357348 , 166.97950150177383}

70
136.63846588279446 | -1.8713362481587663 radians
{579.1030645797227 , 60.701620732664814}

71
70.14475992964348 | 1.3220501388137296 radians
{708.9487383520578 , 288.72821843096034}

72
44.369361722064575 | -2.039077319704937 radians
{845.9148450761203 , 346.0292166223426}

73
61.839655358333005 | 1.900583277497009 radians
{645.6523977377655 , 440.6012204558797}

74
62.583526792775906 | 0.7898054355853049 radians
{856.1774107433263 , 737.6329987775424}

75
23.878667709045747 | -2.0579381734304896 radians
{878.0254485584529 , 725.2067221067792}

76
36.15432449199241 | 3.11404616663767 radians
{408.5532310006649 , 638.5049209955847}

77
11.977467249460402 | 0.831193948981538 radians
{621.278351754917 , 650.2326760026398}

78
47.912583992272225 | -2.128383605813119 radians
{950.7602203342352 , 341.7583298006371}

79
84.5736063850416 | -1.7414201085877237 radians
{906.9850165168355 , 561.6410250955691}

80
20.58918491115074 | 2.342658240612118 radians
{763.3814804814829 , 218.68585885365343}

81
100.41929089020041 | -2.5576621748738835 radians
{568.4281149069215 , 734.912068297648}

82
82.08397612425705 | -3.0008557470739574 radians
{858.8640951712376 , 97.49202903191808}

83
118.75316206242772 | 2.324550672943743 radians
{46.14006108585643 , 472.8505592795042}

84
86.76253308849618 | 3.0876046648723072 radians
{447.68703806183703 , 324.7989033894501}

85
150.55128023568375 | -2.9556895766026248 radians
{31.47255779492446 , 234.74616186405441}

86
67.80130413426859 | -0.5292754952321661 radians
{464.80706920201237 , 256.9978816477876}

87
44.18234186547619 | 0.8874916223892186 radians
{782.4437644747645 , 222.85541391934146}

88
53.67735879290514 | -3.090089980140132 radians
{714.4753715678281 , 455.98649747656646}

89
81.98163976902102 | 1.7780745038943444 radians
{765.1757445959485 , 518.7753854453232}

90
83.11228609827603 | -2.5205215734409423 radians
{681.103341203891 , 774.0}

91
127.47938206188094 | -2.544869388159335 radians
{543.4183425366938 , 69.15879776110351}

92
81.62036393618517 | -0.7955716436995148 radians
{557.6334829056054 , 526.7348837600181}

93
43.68684425367712 | 1.307703999995554 radians
{415.4925415599781 , 374.97626591457583}

94
24.20199034792096 | -0.7487215598288133 radians
{572.460371010849 , 227.4711341914054}

95
88.96060638113997 | 3.0229070334972836 radians
{281.86006914406255 , 688.1788628576802}

96
112.37102834869016 | 2.2120414127095307 radians
{139.84611161815127 , 667.7614548856773}

97
72.29335957701026 | -1.6121174721064875 radians
{26.48317276792715 , 202.2468748443021}

98
63.898946519870634 | 0.982737400304785 radians
{161.88305181178615 , 316.10332537871903}

99
49.82202531438895 | 2.26423394913016 radians
{130.79616221606932 , 667.4264570449723}

100
115.57884552498467 | 0.03906369739178542 radians
{727.7891314527375 , 751.1567702822084}

101
67.8804866109827 | 0.12342652462699573 radians
{651.9507058588763 , 666.7085449105418}

102
54.19618668561034 | -0.9136889606101389 radians
{451.6904601241611 , 721.7570566919427}

103
93.57582126196053 | -2.4638029646650352 radians
{296.0359391223003 , 415.1696107776917}

104
153.0129063938633 | 1.2336328780970807 radians
{55.52742429620973 , 736.6273306087473}

105
68.81914819583211 | -1.8722504284059795 radians
{433.59365106518004 , 380.9700572960485}

106
12.747821876328496 | -2.6129542360064884 radians
{871.9707666282522 , 648.0477011469392}

107
121.05454764140323 | -2.711182683378995 radians
{485.54912098399825 , 531.7834642542884}

108
119.54398053082147 | 0.4020049713123219 radians
{658.5790028242421 , 512.4907091300971}

109
32.69818670072521 | 1.3185653907336037 radians
{635.8257846592583 , 621.9943751631397}

110
55.784408489364985 | 1.5450627059539126 radians
{722.872341738565 , 283.54236533257495}

111
94.45813236229716 | -2.3494650874024936 radians
{863.4316552995588 , 378.9496219354849}

112
130.76707255598487 | 2.512095070170649 radians
{903.5319433253508 , 455.4192207199012}

113
76.36895784006788 | -1.7347180658525074 radians
{188.0155310113777 , 148.31071592738468}

114
54.53103896526453 | 1.0098868175231952 radians
{202.95525284277252 , 508.61523913500054}

115
90.8331888826933 | 1.9980789176230418 radians
{214.00626336736718 , 604.2255291091309}

116
49.873206527515464 | -0.5927463603010812 radians
{558.6715956807575 , 392.7233717800973}

117
83.19052960668361 | -1.784179301367322 radians
{822.5822499107021 , 113.45009879542957}

118
128.1133435801279 | -1.2851185316772216 radians
{539.93904622853 , 704.8088824160396}

119
117.39564844233031 | 1.4995340101511583 radians
{789.391017626287 , 338.2061051667578}

120
89.94161460387836 | 1.4777260993361432 radians
{872.9790866107368 , 48.081526387825896}

121
120.28480279062293 | 1.7209001486100584 radians
{930.5302466259608 , 316.2421724714363}

122
45.21027945392838 | -0.91500391161969 radians
{571.3405565056368 , 659.7621364744655}

123
83.24564435755885 | -0.6874387757693801 radians
{881.5425758070206 , 320.3668685809649}

124
93.58004275408331 | 2.668869460048328 radians
{428.53965204627076 , 305.8966337337233}

125
199.61087681474797 | -2.6610737886053886 radians
{156.46998100343143 , 493.21039738588325}

126
177.05573411646432 | 3.1178860370228105 radians
{295.47706340166974 , 50.334764909991414}

127
171.8683595202425 | 2.9799439597118966 radians
{479.2523697357492 , 60.226427634784145}

128
21.609811463232646 | 1.4464426822227026 radians
{455.55640615196256 , 275.40188554339795}

129
130.09093701471338 | -2.7914271829057045 radians
{163.24324168408145 , 710.5507904744834}

130
120.68252435816038 | 2.9188762929418366 radians
{777.4385284115734 , 743.4114766380974}

131
29.319752775457275 | -1.5496604745406084 radians
{566.7304694388309 , 760.9346024596007}

132
18.638447341531855 | -2.1581102566441928 radians
{59.12297017347694 , 765.0161290280498}

133
10.43899752940231 | 0.14591323982456747 radians
{94.85378605753772 , 754.2622922944892}

134
21.49838160855557 | 0.6017631102521593 radians
{65.87438799381572 , 764.1019777211372}

135
17.9689603944584 | -0.16600061785492037 radians
{243.09389018855143 , 757.0022389785555}

136
37.381878618978924 | 0.6668594070095129 radians
{270.9018394044803 , 743.0274150905051}

137
73.980794444824 | 0.2616649118010119 radians
{476.9281301142087 , 763.3494398033628}

138
73.82485801521248 | 2.887934787519355 radians
{759.6123972340824 , 761.3001085584875}

139
58.95092574740826 | 1.6928923329758534 radians
{572.4828349570693 , 570.5599315165745}

140
74.05866068838077 | 0.09026023269184238 radians
{697.3165553458016 , 604.5088023227247}

141
97.7737357980586 | 2.4187739216638553 radians
{515.7197631630842 , 71.74901932513757}

142
68.16437677354483 | 1.4315743305622257 radians
{743.8760063123115 , 325.2671604713957}

143
12.19611852103849 | -2.2815687451427404 radians
{723.3279374837763 , 335.2252092905727}

144
149.56441379862773 | 2.9984506992812587 radians
{383.3646032077172 , 427.63047203694794}

145
64.47646930474482 | -0.006417824783630139 radians
{602.6157078546712 , 242.0736544989387}

146
117.73526637134103 | 1.8424089200466969 radians
{502.1513216961307 , 454.07135042694455}

147
154.41125988360932 | -2.2645498748569226 radians
{640.9951211395773 , 663.9389576156494}

148
102.55275159561624 | 2.107173667150256 radians
{158.6975380052608 , 251.1667878046553}

149
56.8236048851286 | 1.303522145074473 radians
{92.28226984883385 , 134.84822651581752}

150
133.34515544668716 | 2.9701858934749508 radians
{34.82666320483415 , 544.3814691556277}

151
94.59888852283838 | -1.3052512725847931 radians
{354.7861083572488 , 301.1726752300099}

152
170.0194336582974 | 0.9758378893590747 radians
{687.1624612103262 , 579.6263124469044}

153
120.3839886602864 | 1.8123572951108655 radians
{818.0103734684101 , 287.56557319215494}

154
62.75300411492056 | -0.35077519618279746 radians
{941.279724565896 , 671.8778847208808}

155
92.68945374141214 | -2.985869216273913 radians
{531.4219464161783 , 422.0942816895353}

156
81.13997527473181 | -1.3125613023265337 radians
{325.1802887861073 , 697.9663469721348}

157
24.131282442639886 | -3.100912958519118 radians
{250.86247712876042 , 271.58088037530143}

158
145.57718159476724 | -1.120198476014066 radians
{654.5367446815485 , 718.5456577631876}

159
108.42725336591543 | 2.195329263492497 radians
{662.2862133829537 , 230.79628059515952}

160
80.81533876051738 | -0.48451065684862743 radians
{908.9224109875098 , 605.614728528861}

161
92.64259751333525 | -3.1193694721328753 radians
{716.5901376896672 , 758.5668262878402}

162
87.28139400719519 | -0.12346867143607389 radians
{119.83503736739299 , 703.824617760031}

163
130.82263553478663 | 3.134807824441561 radians
{399.59666037941855 , 682.6845291685011}

164
51.556769441273495 | -1.092752019609626 radians
{403.1708769344832 , 616.4722039889516}

165
98.14325232435088 | 0.18862354548154886 radians
{787.0603365780106 , 648.4893552779154}

166
49.98299712550505 | -1.9866787607184964 radians
{753.6666283106711 , 223.09645544976388}

167
56.60329512447488 | -1.9834243542447876 radians
{544.8553803110715 , 207.00207898181117}

168
51.51762410804996 | 2.0270694143916295 radians
{317.86588351218717 , 178.97621633094172}

169
41.26709545186366 | 1.6661431061519945 radians
{332.871248145698 , 569.9304922878296}

170
127.02659545593866 | 1.5872175467539698 radians
{118.66947271103277 , 716.5860122814796}

171
32.56525732757495 | -0.40030808223643954 radians
{409.54259486469067 , 708.481503298344}

172
31.619767012781477 | -0.6915762776791715 radians
{706.0466860602191 , 640.6203482126374}

173
61.64545242379636 | -2.9208884670482758 radians
{838.6621590296231 , 721.7340977469826}

174
109.68526718053545 | -0.03398016245381962 radians
{626.4907153028524 , 689.3311907330085}

175
62.18306099618216 | -0.5091184503738149 radians
{496.86541263378285 , 628.0090445449389}

176
77.31101688414962 | -2.3494402383515474 radians
{910.6538914212997 , 740.2271115492791}

177
156.276674811619 | 1.1746596123236572 radians
{806.3233516226 , 722.2930879820192}

178
20.60076916169267 | 3.078190975210451 radians
{867.776547910332 , 173.26214015122522}

179
106.41033391203405 | -1.8377082435206165 radians
{658.4643134007204 , 604.8666823538464}

180
70.79091546941238 | 1.4379306298361212 radians
{935.6080487488239 , 693.4926235281135}

181
59.612749623582374 | 2.1259835494633736 radians
{645.8075313085554 , 634.4062619021788}

182
117.36786809875626 | 2.9409067107278357 radians
{557.6365344443612 , 702.9446920752431}

183
46.811111874087615 | -2.7491603552687374 radians
{296.50581720717196 , 683.9005708436434}

184
43.181992269629816 | -2.185046699221765 radians
{331.0503519776937 , 632.3061237244289}

185
74.45378467816451 | -0.9463608863340548 radians
{265.2634885877611 , 717.537639044959}

186
48.17698585372479 | -2.9433913367077262 radians
{589.6385218730461 , 534.9617506145509}

187
150.9968211177742 | -1.9487079933566005 radians
{492.5804593555798 , 568.0149442033766}

188
154.3934067903829 | 0.9429913031179508 radians
{214.92919798546905 , 615.25413475564}

189
89.87136685956537 | -1.9230592728171254 radians
{292.67265016012567 , 652.8096572319477}

190
37.406680412382556 | 0.44158022906096017 radians
{76.72780446919302 , 305.8605805992127}

191
80.92015297514321 | -1.7187747339867212 radians
{120.70146780861361 , 689.0592104042927}

192
75.79099241221968 | 1.4837220697296858 radians
{166.6020945828051 , 166.56543160027528}

193
85.10208100565993 | -0.44454222558403583 radians
{666.9643775374556 , 401.8781418120783}

194
1.635 | 1.5707963267948966 radians
{531.7048346711844 , 560.4933623833418}

195
30.28642768905803 | 0.375888169376726 radians
{324.76895782477027 , 736.1528854642964}

196
50.08322273971829 | 2.3340465469256384 radians
{504.20538478596416 , 773.9560912114307}

197
136.21694573690115 | -1.8884417573535235 radians
{174.0196511439458 , 403.08376920245144}

198
91.029993889244 | 2.378827975144275 radians
{591.9116921832174 , 694.1229708973187}

199
32.99547568989863 | -2.1636608859331807 radians
{628.4781972207994 , 427.94758720417485}

200
89.11226618890224 | 2.7371727728530884 radians
{433.91353252479627 , 643.8663093390501}

201
82.39504607097714 | 0.10701962334319676 radians
{435.618263902074 , 581.8280284030591}

202
78.78929888434247 | 1.3071970048224673 radians
{640.6471226266304 , 731.0644808198319}

203
23.271885186247953 | 0.49040411472765505 radians
{845.9383356116015 , 442.26871228953985}

204
57.49614728503089 | -1.9359064064361398 radians
{898.726555238844 , 589.2137284359808}

205
48.9106242459367 | 2.0039411132434175 radians
{693.4353422538729 , 542.6511500213664}

206
48.3880304715597 | -2.1045547812108367 radians
{501.1649125486714 , 404.44221974548134}

207
61.577990318512036 | 1.9820882819421357 radians
{254.97987955156657 , 478.3692023525241}

208
61.54455107578391 | -1.0108582885847486 radians
{31.448064182394802 , 145.30358429609967}

209
90.17035686661404 | 1.1998279730103187 radians
{358.33191512608306 , 366.6573809491463}

210
40.03464130281879 | 1.1310477759653745 radians
{902.9907761180748 , 771.6062136645322}

211
71.9288937104107 | -2.427243780827746 radians
{960.4140710689765 , 642.5370106037697}

212
89.19157267933997 | -0.2704480540627523 radians
{863.9305071367265 , 461.4143185264553}

213
8.89220411439804 | -0.5724698381438211 radians
{665.5373124870943 , 338.1824318805251}

214
53.84283526996452 | -1.4092605225542076 radians
{348.5383020135781 , 104.17843646853213}

215
139.0689314254518 | 1.8788185054092346 radians
{314.90016116674406 , 689.2390183946013}

216
97.5859951240175 | 1.124030270201755 radians
{155.9999720528603 , 182.39567305744816}

217
72.35789645052186 | -2.415332313911626 radians
{97.56129620882162 , 544.1478481836529}

218
54.5873798594167 | -2.0091485205200437 radians
{266.0785256085863 , 488.79362878991174}

219
53.90693952135575 | 2.015073821743405 radians
{34.38346607296366 , 485.0309421763983}

220
60.98267075666436 | -1.830594932850941 radians
{397.1256212493325 , 643.585800203797}

221
96.9044396321054 | 0.1811704654998713 radians
{153.09126707686255 , 680.5858325408032}

222
64.68153620567698 | -1.300338080618975 radians
{148.79917533744006 , 633.5346710213935}

223
47.990970489560276 | 0.0474754871013612 radians
{289.65293183958676 , 213.7472041800047}

224
104.68500879579578 | -1.3877033860925734 radians
{112.88060424028279 , 407.06443775623177}

225
108.22619265925177 | 1.393758721704315 radians
{303.482361031169 , 445.4924556431661}

226
68.69593679005247 | 0.8119558782977874 radians
{544.7102231688642 , 650.7613757201182}

227
98.13444484392966 | -0.36761210640723513 radians
{918.2461773690258 , 586.2098683815609}

228
107.27755408957455 | -2.3622385222492372 radians
{145.7853052394218 , 386.66033059941094}

229
91.18065414346943 | 0.26383670353489963 radians
{714.5515187640549 , 122.78839516829146}

230
70.98326398423576 | 0.19942877604291293 radians
{839.8163534501467 , 743.16747948404}

231
56.825946889774116 | 3.1406953190298688 radians
{429.601162398773 , 733.1192926598832}

232
56.20643452326331 | 0.9250751469052689 radians
{413.26151457994325 , 770.9808426165554}

233
92.77673720052493 | -3.0439596997014324 radians
{301.1328294695348 , 761.5883945476294}

234
137.94157851118734 | -0.0896868091511313 radians
{277.8764752404355 , 639.555834641796}

235
70.65923412199977 | -3.0530418529719867 radians
{850.8308228600783 , 239.29283533444504}

236
115.71659803002059 | 2.2246259933042167 radians
{147.00695348909744 , 667.3052559732733}

